#
# There is insufficient memory for the Java Runtime Environment to continue.
# Native memory allocation (mmap) failed to map 422576128 bytes for G1 virtual space
# Possible reasons:
#   The system is out of physical RAM or swap space
#   The process is running with CompressedOops enabled, and the Java Heap may be blocking the growth of the native heap
# Possible solutions:
#   Reduce memory load on the system
#   Increase physical memory or swap space
#   Check if swap backing store is full
#   Decrease Java heap size (-Xmx/-Xms)
#   Decrease number of Java threads
#   Decrease Java thread stack sizes (-Xss)
#   Set larger code cache with -XX:ReservedCodeCacheSize=
#   JVM is running with Unscaled Compressed Oops mode in which the Java heap is
#     placed in the first 4GB address space. The Java Heap base address is the
#     maximum limit for the native heap growth. Please use -XX:HeapBaseMinAddress
#     to set the Java Heap base and to place the Java Heap above 4GB virtual address.
# This output file may be truncated or incomplete.
#
#  Out of Memory Error (os_windows.cpp:3548), pid=4664, tid=14908
#
# JRE version: OpenJDK Runtime Environment Temurin-17.0.5+8 (17.0.5+8) (build 17.0.5+8)
# Java VM: OpenJDK 64-Bit Server VM Temurin-17.0.5+8 (17.0.5+8, mixed mode, emulated-client, tiered, compressed oops, compressed class ptrs, g1 gc, windows-amd64)
# No core dump will be written. Minidumps are not enabled by default on client versions of Windows
#

---------------  S U M M A R Y ------------

Command Line: -Dcom.sun.management.jmxremote -Dcom.sun.management.jmxremote.port=59579 -Dcom.sun.management.jmxremote.authenticate=false -Dcom.sun.management.jmxremote.ssl=false -Djava.rmi.server.hostname=localhost -Dspring.jmx.enabled=true -Dmanagement.endpoints.jmx.exposure.include=* -Dspring.application.admin.enabled=true -XX:TieredStopAtLevel=1 -Dspring.boot.project.name=06- book-service -Dfile.encoding=UTF-8 -XX:+ShowCodeDetailsInExceptionMessages com.os.Application --spring.output.ansi.enabled=always

Host: Intel(R) Core(TM) i5-7200U CPU @ 2.50GHz, 4 cores, 7G,  Windows 10 , 64 bit Build 19041 (10.0.19041.2546)
Time: Tue Mar 28 17:11:50 2023 Hora oficial do Brasil elapsed time: 27.487738 seconds (0d 0h 0m 27s)

---------------  T H R E A D  ---------------

Current thread (0x000001d9f898aad0):  VMThread "VM Thread" [stack: 0x000000488cc00000,0x000000488cd00000] [id=14908]

Stack: [0x000000488cc00000,0x000000488cd00000]
Native frames: (J=compiled Java code, j=interpreted, Vv=VM code, C=native code)
V  [jvm.dll+0x676b3a]
V  [jvm.dll+0x831444]
V  [jvm.dll+0x832bee]
V  [jvm.dll+0x833253]
V  [jvm.dll+0x244ce5]
V  [jvm.dll+0x673a49]
V  [jvm.dll+0x66811a]
V  [jvm.dll+0x303ceb]
V  [jvm.dll+0x30b1e6]
V  [jvm.dll+0x35adbe]
V  [jvm.dll+0x35afef]
V  [jvm.dll+0x2dab88]
V  [jvm.dll+0x2d8e3c]
V  [jvm.dll+0x2d840c]
V  [jvm.dll+0x31c31b]
V  [jvm.dll+0x8376fb]
V  [jvm.dll+0x838434]
V  [jvm.dll+0x83894c]
V  [jvm.dll+0x838d24]
V  [jvm.dll+0x838df0]
V  [jvm.dll+0x7e17ea]
V  [jvm.dll+0x6759e5]
C  [ucrtbase.dll+0x21bb2]
C  [KERNEL32.DLL+0x17614]
C  [ntdll.dll+0x526a1]

VM_Operation (0x000000488c6fd440): G1CollectForAllocation, mode: safepoint, requested by thread 0x000001d9e938d7d0


---------------  P R O C E S S  ---------------

Threads class SMR info:
_java_thread_list=0x000001d98030f9d0, length=26, elements={
0x000001d9e938d7d0, 0x000001d9f89ad620, 0x000001d9f9401310, 0x000001d9f9429290,
0x000001d9f9429cb0, 0x000001d9f942b580, 0x000001d9f942be40, 0x000001d9f942c7b0,
0x000001d9f945b750, 0x000001d9f9640010, 0x000001d9f8914de0, 0x000001d9f968bb50,
0x000001d9fab899c0, 0x000001d9fab88010, 0x000001d9fab8fac0, 0x000001d9faf1d8f0,
0x000001d9faf39450, 0x000001d9faf39d30, 0x000001d9faf77290, 0x000001d9fba23ce0,
0x000001d9fbb078c0, 0x000001d9fbb060b0, 0x000001d9fbb073f0, 0x000001d9fbb06580,
0x000001d9fbb06a50, 0x000001d980158ff0
}

Java Threads: ( => current thread )
  0x000001d9e938d7d0 JavaThread "main" [_thread_blocked, id=13880, stack(0x000000488c600000,0x000000488c700000)]
  0x000001d9f89ad620 JavaThread "Reference Handler" daemon [_thread_blocked, id=3980, stack(0x000000488cd00000,0x000000488ce00000)]
  0x000001d9f9401310 JavaThread "Finalizer" daemon [_thread_blocked, id=1096, stack(0x000000488ce00000,0x000000488cf00000)]
  0x000001d9f9429290 JavaThread "Signal Dispatcher" daemon [_thread_blocked, id=8812, stack(0x000000488cf00000,0x000000488d000000)]
  0x000001d9f9429cb0 JavaThread "Attach Listener" daemon [_thread_blocked, id=4424, stack(0x000000488d000000,0x000000488d100000)]
  0x000001d9f942b580 JavaThread "Service Thread" daemon [_thread_blocked, id=3736, stack(0x000000488d100000,0x000000488d200000)]
  0x000001d9f942be40 JavaThread "Monitor Deflation Thread" daemon [_thread_blocked, id=12224, stack(0x000000488d200000,0x000000488d300000)]
  0x000001d9f942c7b0 JavaThread "C1 CompilerThread0" daemon [_thread_blocked, id=7960, stack(0x000000488d300000,0x000000488d400000)]
  0x000001d9f945b750 JavaThread "Sweeper thread" daemon [_thread_blocked, id=7576, stack(0x000000488d400000,0x000000488d500000)]
  0x000001d9f9640010 JavaThread "Common-Cleaner" daemon [_thread_blocked, id=12336, stack(0x000000488d500000,0x000000488d600000)]
  0x000001d9f8914de0 JavaThread "C1 CompilerThread1" daemon [_thread_blocked, id=7248, stack(0x000000488d600000,0x000000488d700000)]
  0x000001d9f968bb50 JavaThread "Notification Thread" daemon [_thread_blocked, id=8564, stack(0x000000488d800000,0x000000488d900000)]
  0x000001d9fab899c0 JavaThread "RMI TCP Accept-0" daemon [_thread_in_native, id=8816, stack(0x000000488d700000,0x000000488d800000)]
  0x000001d9fab88010 JavaThread "RMI TCP Accept-59579" daemon [_thread_in_native, id=2704, stack(0x000000488dd00000,0x000000488de00000)]
  0x000001d9fab8fac0 JavaThread "RMI TCP Accept-0" daemon [_thread_in_native, id=4000, stack(0x000000488de00000,0x000000488df00000)]
  0x000001d9faf1d8f0 JavaThread "RMI TCP Connection(1)-127.0.0.1" daemon [_thread_in_native, id=13176, stack(0x000000488e100000,0x000000488e200000)]
  0x000001d9faf39450 JavaThread "RMI TCP Connection(2)-127.0.0.1" daemon [_thread_in_native, id=10892, stack(0x000000488e200000,0x000000488e300000)]
  0x000001d9faf39d30 JavaThread "RMI Scheduler(0)" daemon [_thread_blocked, id=11528, stack(0x000000488e300000,0x000000488e400000)]
  0x000001d9faf77290 JavaThread "JMX server connection timeout 21" daemon [_thread_blocked, id=2812, stack(0x000000488e400000,0x000000488e500000)]
  0x000001d9fba23ce0 JavaThread "C1 CompilerThread2" daemon [_thread_blocked, id=7328, stack(0x000000488e000000,0x000000488e100000)]
  0x000001d9fbb078c0 JavaThread "Catalina-utility-1" [_thread_blocked, id=5144, stack(0x000000488e500000,0x000000488e600000)]
  0x000001d9fbb060b0 JavaThread "Catalina-utility-2" [_thread_blocked, id=4072, stack(0x000000488e600000,0x000000488e700000)]
  0x000001d9fbb073f0 JavaThread "container-0" [_thread_blocked, id=15032, stack(0x000000488e700000,0x000000488e800000)]
  0x000001d9fbb06580 JavaThread "mysql-cj-abandoned-connection-cleanup" daemon [_thread_blocked, id=10660, stack(0x000000488e800000,0x000000488e900000)]
  0x000001d9fbb06a50 JavaThread "HikariPool-1 housekeeper" daemon [_thread_blocked, id=10724, stack(0x000000488ea00000,0x000000488eb00000)]
  0x000001d980158ff0 JavaThread "spring.cloud.inetutils" daemon [_thread_blocked, id=12956, stack(0x000000488ec00000,0x000000488ed00000)]

Other Threads:
=>0x000001d9f898aad0 VMThread "VM Thread" [stack: 0x000000488cc00000,0x000000488cd00000] [id=14908]
  0x000001d9e938e3e0 WatcherThread [stack: 0x000000488df00000,0x000000488e000000] [id=13672]
  0x000001d9eb3e8940 GCTaskThread "GC Thread#0" [stack: 0x000000488c700000,0x000000488c800000] [id=3212]
  0x000001d9f9f3ff30 GCTaskThread "GC Thread#1" [stack: 0x000000488d900000,0x000000488da00000] [id=14380]
  0x000001d9f9f401e0 GCTaskThread "GC Thread#2" [stack: 0x000000488da00000,0x000000488db00000] [id=8924]
  0x000001d9f9f6a050 GCTaskThread "GC Thread#3" [stack: 0x000000488db00000,0x000000488dc00000] [id=11764]
  0x000001d9eb3f9490 ConcurrentGCThread "G1 Main Marker" [stack: 0x000000488c800000,0x000000488c900000] [id=10048]
  0x000001d9eb3f9db0 ConcurrentGCThread "G1 Conc#0" [stack: 0x000000488c900000,0x000000488ca00000] [id=7524]
  0x000001d9eb43ec90 ConcurrentGCThread "G1 Refine#0" [stack: 0x000000488ca00000,0x000000488cb00000] [id=9124]
  0x000001d9f9f698d0 ConcurrentGCThread "G1 Refine#1" [stack: 0x000000488dc00000,0x000000488dd00000] [id=7884]
  0x000001d9f87e33f0 ConcurrentGCThread "G1 Service" [stack: 0x000000488cb00000,0x000000488cc00000] [id=3416]

Threads with active compile tasks:

VM state: at safepoint (normal execution)

VM Mutex/Monitor currently owned by a thread:  ([mutex/lock_event])
[0x000001d9e938a620] Threads_lock - owner thread: 0x000001d9f898aad0
[0x000001d9e938a350] Heap_lock - owner thread: 0x000001d9e938d7d0

Heap address: 0x0000000081800000, size: 2024 MB, Compressed Oops mode: 32-bit

CDS archive(s) not mapped
Compressed class space mapped at: 0x0000000100000000-0x0000000140000000, reserved size: 1073741824
Narrow klass base: 0x0000000000000000, Narrow klass shift: 3, Narrow klass range: 0x140000000

GC Precious Log:
 CPUs: 4 total, 4 available
 Memory: 8090M
 Large Page Support: Disabled
 NUMA Support: Disabled
 Compressed Oops: Enabled (32-bit)
 Heap Region Size: 1M
 Heap Min Capacity: 8M
 Heap Initial Capacity: 128M
 Heap Max Capacity: 2024M
 Pre-touch: Disabled
 Parallel Workers: 4
 Concurrent Workers: 1
 Concurrent Refinement Workers: 4
 Periodic GC: Disabled

Heap:
 garbage-first heap   total 211968K, used 56746K [0x0000000081800000, 0x0000000100000000)
  region size 1024K, 2 young (2048K), 2 survivors (2048K)
 Metaspace       used 80623K, committed 81216K, reserved 1122304K
  class space    used 11049K, committed 11328K, reserved 1048576K

Heap Regions: E=young(eden), S=young(survivor), O=old, HS=humongous(starts), HC=humongous(continues), CS=collection set, F=free, OA=open archive, CA=closed archive, TAMS=top-at-mark-start (previous, next)
|   0|0x0000000081800000, 0x0000000081900000, 0x0000000081900000|100%| O|  |TAMS 0x0000000081900000, 0x0000000081800000| Untracked 
|   1|0x0000000081900000, 0x0000000081a00000, 0x0000000081a00000|100%|HS|  |TAMS 0x0000000081a00000, 0x0000000081900000| Complete 
|   2|0x0000000081a00000, 0x0000000081b00000, 0x0000000081b00000|100%| O|  |TAMS 0x0000000081b00000, 0x0000000081a00000| Untracked 
|   3|0x0000000081b00000, 0x0000000081c00000, 0x0000000081c00000|100%| O|  |TAMS 0x0000000081c00000, 0x0000000081b00000| Untracked 
|   4|0x0000000081c00000, 0x0000000081d00000, 0x0000000081d00000|100%| O|  |TAMS 0x0000000081d00000, 0x0000000081c00000| Untracked 
|   5|0x0000000081d00000, 0x0000000081e00000, 0x0000000081e00000|100%| O|  |TAMS 0x0000000081e00000, 0x0000000081d00000| Untracked 
|   6|0x0000000081e00000, 0x0000000081f00000, 0x0000000081f00000|100%| O|  |TAMS 0x0000000081f00000, 0x0000000081e00000| Untracked 
|   7|0x0000000081f00000, 0x0000000082000000, 0x0000000082000000|100%| O|  |TAMS 0x0000000082000000, 0x0000000081f00000| Untracked 
|   8|0x0000000082000000, 0x0000000082100000, 0x0000000082100000|100%| O|  |TAMS 0x0000000082100000, 0x0000000082000000| Untracked 
|   9|0x0000000082100000, 0x0000000082200000, 0x0000000082200000|100%| O|  |TAMS 0x0000000082200000, 0x0000000082100000| Untracked 
|  10|0x0000000082200000, 0x0000000082300000, 0x0000000082300000|100%| O|  |TAMS 0x0000000082300000, 0x0000000082200000| Untracked 
|  11|0x0000000082300000, 0x0000000082400000, 0x0000000082400000|100%| O|  |TAMS 0x0000000082400000, 0x0000000082300000| Untracked 
|  12|0x0000000082400000, 0x0000000082500000, 0x0000000082500000|100%| O|  |TAMS 0x0000000082500000, 0x0000000082400000| Untracked 
|  13|0x0000000082500000, 0x0000000082600000, 0x0000000082600000|100%| O|  |TAMS 0x0000000082600000, 0x0000000082500000| Untracked 
|  14|0x0000000082600000, 0x0000000082700000, 0x0000000082700000|100%| O|  |TAMS 0x0000000082700000, 0x0000000082600000| Untracked 
|  15|0x0000000082700000, 0x0000000082800000, 0x0000000082800000|100%| O|  |TAMS 0x0000000082800000, 0x0000000082700000| Untracked 
|  16|0x0000000082800000, 0x0000000082900000, 0x0000000082900000|100%| O|  |TAMS 0x0000000082900000, 0x0000000082800000| Untracked 
|  17|0x0000000082900000, 0x0000000082a00000, 0x0000000082a00000|100%| O|  |TAMS 0x0000000082a00000, 0x0000000082900000| Untracked 
|  18|0x0000000082a00000, 0x0000000082b00000, 0x0000000082b00000|100%| O|  |TAMS 0x0000000082b00000, 0x0000000082a00000| Untracked 
|  19|0x0000000082b00000, 0x0000000082c00000, 0x0000000082c00000|100%| O|  |TAMS 0x0000000082c00000, 0x0000000082b00000| Untracked 
|  20|0x0000000082c00000, 0x0000000082d00000, 0x0000000082d00000|100%| O|  |TAMS 0x0000000082d00000, 0x0000000082c00000| Untracked 
|  21|0x0000000082d00000, 0x0000000082e00000, 0x0000000082e00000|100%| O|  |TAMS 0x0000000082e00000, 0x0000000082d00000| Untracked 
|  22|0x0000000082e00000, 0x0000000082f00000, 0x0000000082f00000|100%| O|  |TAMS 0x0000000082f00000, 0x0000000082e00000| Untracked 
|  23|0x0000000082f00000, 0x0000000083000000, 0x0000000083000000|100%| O|  |TAMS 0x0000000083000000, 0x0000000082f00000| Untracked 
|  24|0x0000000083000000, 0x0000000083100000, 0x0000000083100000|100%| O|  |TAMS 0x0000000083100000, 0x0000000083000000| Untracked 
|  25|0x0000000083100000, 0x0000000083200000, 0x0000000083200000|100%| O|  |TAMS 0x0000000083200000, 0x0000000083100000| Untracked 
|  26|0x0000000083200000, 0x0000000083300000, 0x0000000083300000|100%| O|  |TAMS 0x0000000083300000, 0x0000000083200000| Untracked 
|  27|0x0000000083300000, 0x0000000083400000, 0x0000000083400000|100%| O|  |TAMS 0x0000000083400000, 0x0000000083300000| Untracked 
|  28|0x0000000083400000, 0x0000000083500000, 0x0000000083500000|100%| O|  |TAMS 0x0000000083500000, 0x0000000083400000| Untracked 
|  29|0x0000000083500000, 0x0000000083600000, 0x0000000083600000|100%| O|  |TAMS 0x0000000083600000, 0x0000000083500000| Untracked 
|  30|0x0000000083600000, 0x0000000083700000, 0x0000000083700000|100%| O|  |TAMS 0x0000000083700000, 0x0000000083600000| Untracked 
|  31|0x0000000083700000, 0x0000000083800000, 0x0000000083800000|100%| O|  |TAMS 0x0000000083800000, 0x0000000083700000| Untracked 
|  32|0x0000000083800000, 0x0000000083900000, 0x0000000083900000|100%| O|  |TAMS 0x0000000083900000, 0x0000000083800000| Untracked 
|  33|0x0000000083900000, 0x0000000083a00000, 0x0000000083a00000|100%| O|  |TAMS 0x0000000083a00000, 0x0000000083900000| Untracked 
|  34|0x0000000083a00000, 0x0000000083b00000, 0x0000000083b00000|100%| O|  |TAMS 0x0000000083b00000, 0x0000000083a00000| Untracked 
|  35|0x0000000083b00000, 0x0000000083c00000, 0x0000000083c00000|100%| O|  |TAMS 0x0000000083c00000, 0x0000000083b00000| Untracked 
|  36|0x0000000083c00000, 0x0000000083d00000, 0x0000000083d00000|100%| O|  |TAMS 0x0000000083d00000, 0x0000000083c00000| Untracked 
|  37|0x0000000083d00000, 0x0000000083e00000, 0x0000000083e00000|100%| O|  |TAMS 0x0000000083e00000, 0x0000000083d00000| Untracked 
|  38|0x0000000083e00000, 0x0000000083f00000, 0x0000000083f00000|100%| O|  |TAMS 0x0000000083f00000, 0x0000000083e00000| Untracked 
|  39|0x0000000083f00000, 0x0000000084000000, 0x0000000084000000|100%| O|  |TAMS 0x0000000084000000, 0x0000000083f00000| Untracked 
|  40|0x0000000084000000, 0x0000000084100000, 0x0000000084100000|100%| O|  |TAMS 0x0000000084100000, 0x0000000084000000| Untracked 
|  41|0x0000000084100000, 0x0000000084133600, 0x0000000084200000| 20%| O|  |TAMS 0x0000000084100000, 0x0000000084100000| Untracked 
|  42|0x0000000084200000, 0x0000000084300000, 0x0000000084300000|100%| O|  |TAMS 0x0000000084300000, 0x0000000084200000| Untracked 
|  43|0x0000000084300000, 0x0000000084400000, 0x0000000084400000|100%| O|  |TAMS 0x0000000084300000, 0x0000000084300000| Untracked 
|  44|0x0000000084400000, 0x0000000084400000, 0x0000000084500000|  0%| F|  |TAMS 0x0000000084400000, 0x0000000084400000| Untracked 
|  45|0x0000000084500000, 0x0000000084600000, 0x0000000084600000|100%| O|  |TAMS 0x0000000084600000, 0x0000000084500000| Untracked 
|  46|0x0000000084600000, 0x0000000084600000, 0x0000000084700000|  0%| F|  |TAMS 0x0000000084600000, 0x0000000084600000| Untracked 
|  47|0x0000000084700000, 0x0000000084800000, 0x0000000084800000|100%| O|  |TAMS 0x0000000084800000, 0x0000000084700000| Untracked 
|  48|0x0000000084800000, 0x0000000084900000, 0x0000000084900000|100%| O|  |TAMS 0x0000000084900000, 0x0000000084800000| Untracked 
|  49|0x0000000084900000, 0x0000000084a00000, 0x0000000084a00000|100%| O|  |TAMS 0x0000000084a00000, 0x0000000084900000| Untracked 
|  50|0x0000000084a00000, 0x0000000084a00000, 0x0000000084b00000|  0%| F|  |TAMS 0x0000000084a00000, 0x0000000084a00000| Untracked 
|  51|0x0000000084b00000, 0x0000000084b00000, 0x0000000084c00000|  0%| F|  |TAMS 0x0000000084b00000, 0x0000000084b00000| Untracked 
|  52|0x0000000084c00000, 0x0000000084c00000, 0x0000000084d00000|  0%| F|  |TAMS 0x0000000084c00000, 0x0000000084c00000| Untracked 
|  53|0x0000000084d00000, 0x0000000084e00000, 0x0000000084e00000|100%| O|  |TAMS 0x0000000084d00000, 0x0000000084d00000| Untracked 
|  54|0x0000000084e00000, 0x0000000084e00000, 0x0000000084f00000|  0%| F|  |TAMS 0x0000000084e00000, 0x0000000084e00000| Untracked 
|  55|0x0000000084f00000, 0x0000000084f00000, 0x0000000085000000|  0%| F|  |TAMS 0x0000000084f00000, 0x0000000084f00000| Untracked 
|  56|0x0000000085000000, 0x0000000085000000, 0x0000000085100000|  0%| F|  |TAMS 0x0000000085000000, 0x0000000085000000| Untracked 
|  57|0x0000000085100000, 0x0000000085100000, 0x0000000085200000|  0%| F|  |TAMS 0x0000000085100000, 0x0000000085100000| Untracked 
|  58|0x0000000085200000, 0x0000000085200000, 0x0000000085300000|  0%| F|  |TAMS 0x0000000085200000, 0x0000000085200000| Untracked 
|  59|0x0000000085300000, 0x0000000085300000, 0x0000000085400000|  0%| F|  |TAMS 0x0000000085300000, 0x0000000085300000| Untracked 
|  60|0x0000000085400000, 0x0000000085400000, 0x0000000085500000|  0%| F|  |TAMS 0x0000000085400000, 0x0000000085400000| Untracked 
|  61|0x0000000085500000, 0x0000000085500000, 0x0000000085600000|  0%| F|  |TAMS 0x0000000085500000, 0x0000000085500000| Untracked 
|  62|0x0000000085600000, 0x0000000085600000, 0x0000000085700000|  0%| F|  |TAMS 0x0000000085600000, 0x0000000085600000| Untracked 
|  63|0x0000000085700000, 0x0000000085700000, 0x0000000085800000|  0%| F|  |TAMS 0x0000000085700000, 0x0000000085700000| Untracked 
|  64|0x0000000085800000, 0x0000000085800000, 0x0000000085900000|  0%| F|  |TAMS 0x0000000085800000, 0x0000000085800000| Untracked 
|  65|0x0000000085900000, 0x0000000085900000, 0x0000000085a00000|  0%| F|  |TAMS 0x0000000085900000, 0x0000000085900000| Untracked 
|  66|0x0000000085a00000, 0x0000000085a00000, 0x0000000085b00000|  0%| F|  |TAMS 0x0000000085a00000, 0x0000000085a00000| Untracked 
|  67|0x0000000085b00000, 0x0000000085b00000, 0x0000000085c00000|  0%| F|  |TAMS 0x0000000085b00000, 0x0000000085b00000| Untracked 
|  68|0x0000000085c00000, 0x0000000085c00000, 0x0000000085d00000|  0%| F|  |TAMS 0x0000000085c00000, 0x0000000085c00000| Untracked 
|  69|0x0000000085d00000, 0x0000000085d00000, 0x0000000085e00000|  0%| F|  |TAMS 0x0000000085d00000, 0x0000000085d00000| Untracked 
|  70|0x0000000085e00000, 0x0000000085e00000, 0x0000000085f00000|  0%| F|  |TAMS 0x0000000085e00000, 0x0000000085e00000| Untracked 
|  71|0x0000000085f00000, 0x0000000085f00000, 0x0000000086000000|  0%| F|  |TAMS 0x0000000085f00000, 0x0000000085f00000| Untracked 
|  72|0x0000000086000000, 0x0000000086000000, 0x0000000086100000|  0%| F|  |TAMS 0x0000000086000000, 0x0000000086000000| Untracked 
|  73|0x0000000086100000, 0x0000000086100000, 0x0000000086200000|  0%| F|  |TAMS 0x0000000086100000, 0x0000000086100000| Untracked 
|  74|0x0000000086200000, 0x0000000086200000, 0x0000000086300000|  0%| F|  |TAMS 0x0000000086200000, 0x0000000086200000| Untracked 
|  75|0x0000000086300000, 0x0000000086300000, 0x0000000086400000|  0%| F|  |TAMS 0x0000000086300000, 0x0000000086300000| Untracked 
|  76|0x0000000086400000, 0x0000000086500000, 0x0000000086500000|100%| O|  |TAMS 0x0000000086500000, 0x0000000086400000| Untracked 
|  77|0x0000000086500000, 0x0000000086500000, 0x0000000086600000|  0%| F|  |TAMS 0x0000000086500000, 0x0000000086500000| Untracked 
|  78|0x0000000086600000, 0x0000000086600000, 0x0000000086700000|  0%| F|  |TAMS 0x0000000086600000, 0x0000000086600000| Untracked 
|  79|0x0000000086700000, 0x0000000086700000, 0x0000000086800000|  0%| F|  |TAMS 0x0000000086700000, 0x0000000086700000| Untracked 
|  80|0x0000000086800000, 0x0000000086800000, 0x0000000086900000|  0%| F|  |TAMS 0x0000000086800000, 0x0000000086800000| Untracked 
|  81|0x0000000086900000, 0x0000000086900000, 0x0000000086a00000|  0%| F|  |TAMS 0x0000000086900000, 0x0000000086900000| Untracked 
|  82|0x0000000086a00000, 0x0000000086a00000, 0x0000000086b00000|  0%| F|  |TAMS 0x0000000086a00000, 0x0000000086a00000| Untracked 
|  83|0x0000000086b00000, 0x0000000086c00000, 0x0000000086c00000|100%| O|  |TAMS 0x0000000086c00000, 0x0000000086b00000| Untracked 
|  84|0x0000000086c00000, 0x0000000086d00000, 0x0000000086d00000|100%| O|  |TAMS 0x0000000086d00000, 0x0000000086c00000| Untracked 
|  85|0x0000000086d00000, 0x0000000086e00000, 0x0000000086e00000|100%| O|  |TAMS 0x0000000086e00000, 0x0000000086d00000| Untracked 
|  86|0x0000000086e00000, 0x0000000086e00000, 0x0000000086f00000|  0%| F|  |TAMS 0x0000000086e00000, 0x0000000086e00000| Untracked 
|  87|0x0000000086f00000, 0x0000000086f00000, 0x0000000087000000|  0%| F|  |TAMS 0x0000000086f00000, 0x0000000086f00000| Untracked 
|  88|0x0000000087000000, 0x0000000087100000, 0x0000000087100000|100%| O|  |TAMS 0x0000000087100000, 0x0000000087000000| Untracked 
|  89|0x0000000087100000, 0x0000000087200000, 0x0000000087200000|100%| O|  |TAMS 0x0000000087200000, 0x0000000087100000| Untracked 
|  90|0x0000000087200000, 0x0000000087200000, 0x0000000087300000|  0%| F|  |TAMS 0x0000000087200000, 0x0000000087200000| Untracked 
|  91|0x0000000087300000, 0x0000000087300000, 0x0000000087400000|  0%| F|  |TAMS 0x0000000087300000, 0x0000000087300000| Untracked 
|  92|0x0000000087400000, 0x0000000087400000, 0x0000000087500000|  0%| F|  |TAMS 0x0000000087400000, 0x0000000087400000| Untracked 
|  93|0x0000000087500000, 0x0000000087500000, 0x0000000087600000|  0%| F|  |TAMS 0x0000000087500000, 0x0000000087500000| Untracked 
|  94|0x0000000087600000, 0x0000000087600000, 0x0000000087700000|  0%| F|  |TAMS 0x0000000087600000, 0x0000000087600000| Untracked 
|  95|0x0000000087700000, 0x0000000087700000, 0x0000000087800000|  0%| F|  |TAMS 0x0000000087700000, 0x0000000087700000| Untracked 
|  96|0x0000000087800000, 0x0000000087800000, 0x0000000087900000|  0%| F|  |TAMS 0x0000000087800000, 0x0000000087800000| Untracked 
|  97|0x0000000087900000, 0x0000000087900000, 0x0000000087a00000|  0%| F|  |TAMS 0x0000000087900000, 0x0000000087900000| Untracked 
|  98|0x0000000087a00000, 0x0000000087a00000, 0x0000000087b00000|  0%| F|  |TAMS 0x0000000087a00000, 0x0000000087a00000| Untracked 
|  99|0x0000000087b00000, 0x0000000087b00000, 0x0000000087c00000|  0%| F|  |TAMS 0x0000000087b00000, 0x0000000087b00000| Untracked 
| 100|0x0000000087c00000, 0x0000000087c00000, 0x0000000087d00000|  0%| F|  |TAMS 0x0000000087c00000, 0x0000000087c00000| Untracked 
| 101|0x0000000087d00000, 0x0000000087d00000, 0x0000000087e00000|  0%| F|  |TAMS 0x0000000087d00000, 0x0000000087d00000| Untracked 
| 102|0x0000000087e00000, 0x0000000087e00000, 0x0000000087f00000|  0%| F|  |TAMS 0x0000000087e00000, 0x0000000087e00000| Untracked 
| 103|0x0000000087f00000, 0x0000000087f00000, 0x0000000088000000|  0%| F|  |TAMS 0x0000000087f00000, 0x0000000087f00000| Untracked 
| 104|0x0000000088000000, 0x0000000088000000, 0x0000000088100000|  0%| F|  |TAMS 0x0000000088000000, 0x0000000088000000| Untracked 
| 105|0x0000000088100000, 0x0000000088100000, 0x0000000088200000|  0%| F|  |TAMS 0x0000000088100000, 0x0000000088100000| Untracked 
| 106|0x0000000088200000, 0x0000000088200000, 0x0000000088300000|  0%| F|  |TAMS 0x0000000088200000, 0x0000000088200000| Untracked 
| 107|0x0000000088300000, 0x0000000088300000, 0x0000000088400000|  0%| F|  |TAMS 0x0000000088300000, 0x0000000088300000| Untracked 
| 108|0x0000000088400000, 0x0000000088400000, 0x0000000088500000|  0%| F|  |TAMS 0x0000000088400000, 0x0000000088400000| Untracked 
| 109|0x0000000088500000, 0x0000000088500000, 0x0000000088600000|  0%| F|  |TAMS 0x0000000088500000, 0x0000000088500000| Untracked 
| 110|0x0000000088600000, 0x0000000088600000, 0x0000000088700000|  0%| F|  |TAMS 0x0000000088600000, 0x0000000088600000| Untracked 
| 111|0x0000000088700000, 0x0000000088700000, 0x0000000088800000|  0%| F|  |TAMS 0x0000000088700000, 0x0000000088700000| Untracked 
| 112|0x0000000088800000, 0x0000000088800000, 0x0000000088900000|  0%| F|  |TAMS 0x0000000088800000, 0x0000000088800000| Untracked 
| 113|0x0000000088900000, 0x0000000088900000, 0x0000000088a00000|  0%| F|  |TAMS 0x0000000088900000, 0x0000000088900000| Untracked 
| 114|0x0000000088a00000, 0x0000000088a00000, 0x0000000088b00000|  0%| F|  |TAMS 0x0000000088a00000, 0x0000000088a00000| Untracked 
| 115|0x0000000088b00000, 0x0000000088b00000, 0x0000000088c00000|  0%| F|  |TAMS 0x0000000088b00000, 0x0000000088b00000| Untracked 
| 116|0x0000000088c00000, 0x0000000088c00000, 0x0000000088d00000|  0%| F|  |TAMS 0x0000000088c00000, 0x0000000088c00000| Untracked 
| 117|0x0000000088d00000, 0x0000000088d00000, 0x0000000088e00000|  0%| F|  |TAMS 0x0000000088d00000, 0x0000000088d00000| Untracked 
| 118|0x0000000088e00000, 0x0000000088e00000, 0x0000000088f00000|  0%| F|  |TAMS 0x0000000088e00000, 0x0000000088e00000| Untracked 
| 119|0x0000000088f00000, 0x0000000088f00000, 0x0000000089000000|  0%| F|  |TAMS 0x0000000088f00000, 0x0000000088f00000| Untracked 
| 120|0x0000000089000000, 0x0000000089000000, 0x0000000089100000|  0%| F|  |TAMS 0x0000000089000000, 0x0000000089000000| Untracked 
| 121|0x0000000089100000, 0x0000000089100000, 0x0000000089200000|  0%| F|  |TAMS 0x0000000089100000, 0x0000000089100000| Untracked 
| 122|0x0000000089200000, 0x0000000089200000, 0x0000000089300000|  0%| F|  |TAMS 0x0000000089200000, 0x0000000089200000| Untracked 
| 123|0x0000000089300000, 0x0000000089300000, 0x0000000089400000|  0%| F|  |TAMS 0x0000000089300000, 0x0000000089300000| Untracked 
| 124|0x0000000089400000, 0x0000000089400000, 0x0000000089500000|  0%| F|  |TAMS 0x0000000089400000, 0x0000000089400000| Untracked 
| 125|0x0000000089500000, 0x0000000089500000, 0x0000000089600000|  0%| F|  |TAMS 0x0000000089500000, 0x0000000089500000| Untracked 
| 126|0x0000000089600000, 0x0000000089600000, 0x0000000089700000|  0%| F|  |TAMS 0x0000000089600000, 0x0000000089600000| Untracked 
| 127|0x0000000089700000, 0x0000000089700000, 0x0000000089800000|  0%| F|  |TAMS 0x0000000089700000, 0x0000000089700000| Untracked 
| 128|0x0000000089800000, 0x0000000089800000, 0x0000000089900000|  0%| F|  |TAMS 0x0000000089800000, 0x0000000089800000| Untracked 
| 129|0x0000000089900000, 0x0000000089900000, 0x0000000089a00000|  0%| F|  |TAMS 0x0000000089900000, 0x0000000089900000| Untracked 
| 130|0x0000000089a00000, 0x0000000089a00000, 0x0000000089b00000|  0%| F|  |TAMS 0x0000000089a00000, 0x0000000089a00000| Untracked 
| 131|0x0000000089b00000, 0x0000000089b00000, 0x0000000089c00000|  0%| F|  |TAMS 0x0000000089b00000, 0x0000000089b00000| Untracked 
| 132|0x0000000089c00000, 0x0000000089c00000, 0x0000000089d00000|  0%| F|  |TAMS 0x0000000089c00000, 0x0000000089c00000| Untracked 
| 133|0x0000000089d00000, 0x0000000089d00000, 0x0000000089e00000|  0%| F|  |TAMS 0x0000000089d00000, 0x0000000089d00000| Untracked 
| 134|0x0000000089e00000, 0x0000000089e00000, 0x0000000089f00000|  0%| F|  |TAMS 0x0000000089e00000, 0x0000000089e00000| Untracked 
| 135|0x0000000089f00000, 0x0000000089f00000, 0x000000008a000000|  0%| F|  |TAMS 0x0000000089f00000, 0x0000000089f00000| Untracked 
| 136|0x000000008a000000, 0x000000008a000000, 0x000000008a100000|  0%| F|  |TAMS 0x000000008a000000, 0x000000008a000000| Untracked 
| 137|0x000000008a100000, 0x000000008a100000, 0x000000008a200000|  0%| F|  |TAMS 0x000000008a100000, 0x000000008a100000| Untracked 
| 138|0x000000008a200000, 0x000000008a200000, 0x000000008a300000|  0%| F|  |TAMS 0x000000008a200000, 0x000000008a200000| Untracked 
| 139|0x000000008a300000, 0x000000008a300000, 0x000000008a400000|  0%| F|  |TAMS 0x000000008a300000, 0x000000008a300000| Untracked 
| 140|0x000000008a400000, 0x000000008a400000, 0x000000008a500000|  0%| F|  |TAMS 0x000000008a400000, 0x000000008a400000| Untracked 
| 141|0x000000008a500000, 0x000000008a500000, 0x000000008a600000|  0%| F|  |TAMS 0x000000008a500000, 0x000000008a500000| Untracked 
| 142|0x000000008a600000, 0x000000008a600000, 0x000000008a700000|  0%| F|  |TAMS 0x000000008a600000, 0x000000008a600000| Untracked 
| 143|0x000000008a700000, 0x000000008a700000, 0x000000008a800000|  0%| F|  |TAMS 0x000000008a700000, 0x000000008a700000| Untracked 
| 144|0x000000008a800000, 0x000000008a800000, 0x000000008a900000|  0%| F|  |TAMS 0x000000008a800000, 0x000000008a800000| Untracked 
| 145|0x000000008a900000, 0x000000008a900000, 0x000000008aa00000|  0%| F|  |TAMS 0x000000008a900000, 0x000000008a900000| Untracked 
| 146|0x000000008aa00000, 0x000000008aa00000, 0x000000008ab00000|  0%| F|  |TAMS 0x000000008aa00000, 0x000000008aa00000| Untracked 
| 147|0x000000008ab00000, 0x000000008ab00000, 0x000000008ac00000|  0%| F|  |TAMS 0x000000008ab00000, 0x000000008ab00000| Untracked 
| 148|0x000000008ac00000, 0x000000008ac00000, 0x000000008ad00000|  0%| F|  |TAMS 0x000000008ac00000, 0x000000008ac00000| Untracked 
| 149|0x000000008ad00000, 0x000000008ad00000, 0x000000008ae00000|  0%| F|  |TAMS 0x000000008ad00000, 0x000000008ad00000| Untracked 
| 150|0x000000008ae00000, 0x000000008ae00000, 0x000000008af00000|  0%| F|  |TAMS 0x000000008ae00000, 0x000000008ae00000| Untracked 
| 151|0x000000008af00000, 0x000000008af00000, 0x000000008b000000|  0%| F|  |TAMS 0x000000008af00000, 0x000000008af00000| Untracked 
| 152|0x000000008b000000, 0x000000008b000000, 0x000000008b100000|  0%| F|  |TAMS 0x000000008b000000, 0x000000008b000000| Untracked 
| 153|0x000000008b100000, 0x000000008b100000, 0x000000008b200000|  0%| F|  |TAMS 0x000000008b100000, 0x000000008b100000| Untracked 
| 154|0x000000008b200000, 0x000000008b200000, 0x000000008b300000|  0%| F|  |TAMS 0x000000008b200000, 0x000000008b200000| Untracked 
| 155|0x000000008b300000, 0x000000008b300000, 0x000000008b400000|  0%| F|  |TAMS 0x000000008b300000, 0x000000008b300000| Untracked 
| 156|0x000000008b400000, 0x000000008b400000, 0x000000008b500000|  0%| F|  |TAMS 0x000000008b400000, 0x000000008b400000| Untracked 
| 157|0x000000008b500000, 0x000000008b500000, 0x000000008b600000|  0%| F|  |TAMS 0x000000008b500000, 0x000000008b500000| Untracked 
| 158|0x000000008b600000, 0x000000008b600000, 0x000000008b700000|  0%| F|  |TAMS 0x000000008b600000, 0x000000008b600000| Untracked 
| 159|0x000000008b700000, 0x000000008b700000, 0x000000008b800000|  0%| F|  |TAMS 0x000000008b700000, 0x000000008b700000| Untracked 
| 160|0x000000008b800000, 0x000000008b800000, 0x000000008b900000|  0%| F|  |TAMS 0x000000008b800000, 0x000000008b800000| Untracked 
| 161|0x000000008b900000, 0x000000008b900000, 0x000000008ba00000|  0%| F|  |TAMS 0x000000008b900000, 0x000000008b900000| Untracked 
| 162|0x000000008ba00000, 0x000000008ba00000, 0x000000008bb00000|  0%| F|  |TAMS 0x000000008ba00000, 0x000000008ba00000| Untracked 
| 163|0x000000008bb00000, 0x000000008bb00000, 0x000000008bc00000|  0%| F|  |TAMS 0x000000008bb00000, 0x000000008bb00000| Untracked 
| 164|0x000000008bc00000, 0x000000008bc00000, 0x000000008bd00000|  0%| F|  |TAMS 0x000000008bc00000, 0x000000008bc00000| Untracked 
| 165|0x000000008bd00000, 0x000000008bd00000, 0x000000008be00000|  0%| F|  |TAMS 0x000000008bd00000, 0x000000008bd00000| Untracked 
| 166|0x000000008be00000, 0x000000008be00000, 0x000000008bf00000|  0%| F|  |TAMS 0x000000008be00000, 0x000000008be00000| Untracked 
| 167|0x000000008bf00000, 0x000000008bf00000, 0x000000008c000000|  0%| F|  |TAMS 0x000000008bf00000, 0x000000008bf00000| Untracked 
| 168|0x000000008c000000, 0x000000008c000000, 0x000000008c100000|  0%| F|  |TAMS 0x000000008c000000, 0x000000008c000000| Untracked 
| 169|0x000000008c100000, 0x000000008c100000, 0x000000008c200000|  0%| F|  |TAMS 0x000000008c100000, 0x000000008c100000| Untracked 
| 170|0x000000008c200000, 0x000000008c200000, 0x000000008c300000|  0%| F|  |TAMS 0x000000008c200000, 0x000000008c200000| Untracked 
| 171|0x000000008c300000, 0x000000008c300000, 0x000000008c400000|  0%| F|  |TAMS 0x000000008c300000, 0x000000008c300000| Untracked 
| 172|0x000000008c400000, 0x000000008c400000, 0x000000008c500000|  0%| F|  |TAMS 0x000000008c400000, 0x000000008c400000| Untracked 
| 173|0x000000008c500000, 0x000000008c500000, 0x000000008c600000|  0%| F|  |TAMS 0x000000008c500000, 0x000000008c500000| Untracked 
| 174|0x000000008c600000, 0x000000008c600000, 0x000000008c700000|  0%| F|  |TAMS 0x000000008c600000, 0x000000008c600000| Untracked 
| 175|0x000000008c700000, 0x000000008c700000, 0x000000008c800000|  0%| F|  |TAMS 0x000000008c700000, 0x000000008c700000| Untracked 
| 176|0x000000008c800000, 0x000000008c800000, 0x000000008c900000|  0%| F|  |TAMS 0x000000008c800000, 0x000000008c800000| Untracked 
| 177|0x000000008c900000, 0x000000008c900000, 0x000000008ca00000|  0%| F|  |TAMS 0x000000008c900000, 0x000000008c900000| Untracked 
| 178|0x000000008ca00000, 0x000000008ca00000, 0x000000008cb00000|  0%| F|  |TAMS 0x000000008ca00000, 0x000000008ca00000| Untracked 
| 179|0x000000008cb00000, 0x000000008cb00000, 0x000000008cc00000|  0%| F|  |TAMS 0x000000008cb00000, 0x000000008cb00000| Untracked 
| 180|0x000000008cc00000, 0x000000008cc00000, 0x000000008cd00000|  0%| F|  |TAMS 0x000000008cc00000, 0x000000008cc00000| Untracked 
| 181|0x000000008cd00000, 0x000000008cd00000, 0x000000008ce00000|  0%| F|  |TAMS 0x000000008cd00000, 0x000000008cd00000| Untracked 
| 182|0x000000008ce00000, 0x000000008ce00000, 0x000000008cf00000|  0%| F|  |TAMS 0x000000008ce00000, 0x000000008ce00000| Untracked 
| 183|0x000000008cf00000, 0x000000008cf00000, 0x000000008d000000|  0%| F|  |TAMS 0x000000008cf00000, 0x000000008cf00000| Untracked 
| 184|0x000000008d000000, 0x000000008d000000, 0x000000008d100000|  0%| F|  |TAMS 0x000000008d000000, 0x000000008d000000| Untracked 
| 185|0x000000008d100000, 0x000000008d100000, 0x000000008d200000|  0%| F|  |TAMS 0x000000008d100000, 0x000000008d100000| Untracked 
| 186|0x000000008d200000, 0x000000008d200000, 0x000000008d300000|  0%| F|  |TAMS 0x000000008d200000, 0x000000008d200000| Untracked 
| 187|0x000000008d300000, 0x000000008d300000, 0x000000008d400000|  0%| F|  |TAMS 0x000000008d300000, 0x000000008d300000| Untracked 
| 188|0x000000008d400000, 0x000000008d400000, 0x000000008d500000|  0%| F|  |TAMS 0x000000008d400000, 0x000000008d400000| Untracked 
| 189|0x000000008d500000, 0x000000008d500000, 0x000000008d600000|  0%| F|  |TAMS 0x000000008d500000, 0x000000008d500000| Untracked 
| 190|0x000000008d600000, 0x000000008d600000, 0x000000008d700000|  0%| F|  |TAMS 0x000000008d600000, 0x000000008d600000| Untracked 
| 191|0x000000008d700000, 0x000000008d700000, 0x000000008d800000|  0%| F|  |TAMS 0x000000008d700000, 0x000000008d700000| Untracked 
| 192|0x000000008d800000, 0x000000008d800000, 0x000000008d900000|  0%| F|  |TAMS 0x000000008d800000, 0x000000008d800000| Untracked 
| 193|0x000000008d900000, 0x000000008d900000, 0x000000008da00000|  0%| F|  |TAMS 0x000000008d900000, 0x000000008d900000| Untracked 
| 194|0x000000008da00000, 0x000000008da00000, 0x000000008db00000|  0%| F|  |TAMS 0x000000008da00000, 0x000000008da00000| Untracked 
| 195|0x000000008db00000, 0x000000008db37220, 0x000000008dc00000| 21%| S|CS|TAMS 0x000000008db00000, 0x000000008db00000| Complete 
| 196|0x000000008dc00000, 0x000000008dc00000, 0x000000008dd00000|  0%| F|  |TAMS 0x000000008dc00000, 0x000000008dc00000| Untracked 
| 197|0x000000008dd00000, 0x000000008dd00000, 0x000000008de00000|  0%| F|  |TAMS 0x000000008dd00000, 0x000000008dd00000| Untracked 
| 198|0x000000008de00000, 0x000000008df00000, 0x000000008df00000|100%| S|CS|TAMS 0x000000008de00000, 0x000000008de00000| Complete 
| 199|0x000000008df00000, 0x000000008df00000, 0x000000008e000000|  0%| F|  |TAMS 0x000000008df00000, 0x000000008df00000| Untracked 
| 200|0x000000008e000000, 0x000000008e000000, 0x000000008e100000|  0%| F|  |TAMS 0x000000008e000000, 0x000000008e000000| Untracked 
| 201|0x000000008e100000, 0x000000008e100000, 0x000000008e200000|  0%| F|  |TAMS 0x000000008e100000, 0x000000008e100000| Untracked 
| 202|0x000000008e200000, 0x000000008e200000, 0x000000008e300000|  0%| F|  |TAMS 0x000000008e200000, 0x000000008e200000| Untracked 
| 203|0x000000008e300000, 0x000000008e300000, 0x000000008e400000|  0%| F|  |TAMS 0x000000008e300000, 0x000000008e300000| Untracked 
| 204|0x000000008e400000, 0x000000008e400000, 0x000000008e500000|  0%| F|  |TAMS 0x000000008e400000, 0x000000008e400000| Untracked 
| 205|0x000000008e500000, 0x000000008e500000, 0x000000008e600000|  0%| F|  |TAMS 0x000000008e500000, 0x000000008e500000| Untracked 
| 206|0x000000008e600000, 0x000000008e600000, 0x000000008e700000|  0%| F|  |TAMS 0x000000008e600000, 0x000000008e600000| Untracked 

Card table byte_map: [0x000001d9f1e30000,0x000001d9f2230000] _byte_map_base: 0x000001d9f1a24000

Marking Bits (Prev, Next): (CMBitMap*) 0x000001d9eb3e8ea0, (CMBitMap*) 0x000001d9eb3e8e60
 Prev Bits: [0x000001d9f45d0000, 0x000001d9f6570000)
 Next Bits: [0x000001d9f2630000, 0x000001d9f45d0000)

Polling page: 0x000001d9e9250000

Metaspace:

Usage:
  Non-class:     67.94 MB used.
      Class:     10.79 MB used.
       Both:     78.73 MB used.

Virtual space:
  Non-class space:       72.00 MB reserved,      68.25 MB ( 95%) committed,  9 nodes.
      Class space:        1.00 GB reserved,      11.06 MB (  1%) committed,  1 nodes.
             Both:        1.07 GB reserved,      79.31 MB (  7%) committed. 

Chunk freelists:
   Non-Class:  3.14 MB
       Class:  800.00 KB
        Both:  3.92 MB

MaxMetaspaceSize: unlimited
CompressedClassSpaceSize: 1.00 GB
Initial GC threshold: 21.00 MB
Current GC threshold: 131.81 MB
CDS: off
MetaspaceReclaimPolicy: balanced
 - commit_granule_bytes: 65536.
 - commit_granule_words: 8192.
 - virtual_space_node_default_size: 1048576.
 - enlarge_chunks_in_place: 1.
 - new_chunks_are_fully_committed: 0.
 - uncommit_free_chunks: 1.
 - use_allocation_guard: 0.
 - handle_deallocations: 1.


Internal statistics:

num_allocs_failed_limit: 9.
num_arena_births: 802.
num_arena_deaths: 0.
num_vsnodes_births: 10.
num_vsnodes_deaths: 0.
num_space_committed: 1269.
num_space_uncommitted: 0.
num_chunks_returned_to_freelist: 9.
num_chunks_taken_from_freelist: 3384.
num_chunk_merges: 6.
num_chunk_splits: 2455.
num_chunks_enlarged: 1892.
num_purges: 0.
num_inconsistent_stats: 0.

CodeCache: size=49152Kb used=14266Kb max_used=14266Kb free=34885Kb
 bounds [0x000001d9eea30000, 0x000001d9ef820000, 0x000001d9f1a30000]
 total_blobs=7696 nmethods=7011 adapters=610
 compilation: enabled
              stopped_count=0, restarted_count=0
 full_count=0

Compilation events (20 events):
Event: 27.323 Thread 0x000001d9f8914de0 nmethod 7004 0x000001d9ef80f490 code [0x000001d9ef80f800, 0x000001d9ef810758]
Event: 27.337 Thread 0x000001d9f942c7b0 nmethod 7002 0x000001d9ef811690 code [0x000001d9ef811fe0, 0x000001d9ef8163f8]
Event: 27.346 Thread 0x000001d9f942c7b0 7005       1       org.springframework.core.MethodParameter::computeParameterType (59 bytes)
Event: 27.346 Thread 0x000001d9f942c7b0 nmethod 7005 0x000001d9ef819490 code [0x000001d9ef819660, 0x000001d9ef819818]
Event: 27.347 Thread 0x000001d9f942c7b0 7006       1       org.springframework.core.MethodParameter::getMethodAnnotations (14 bytes)
Event: 27.347 Thread 0x000001d9f942c7b0 nmethod 7006 0x000001d9ef819910 code [0x000001d9ef819ac0, 0x000001d9ef819bd8]
Event: 27.357 Thread 0x000001d9fba23ce0 7007       1       org.springframework.beans.factory.annotation.QualifierAnnotationAutowireCandidateResolver::isAutowireCandidate (72 bytes)
Event: 27.357 Thread 0x000001d9f8914de0 7008   !   1       jdk.internal.reflect.GeneratedMethodAccessor2::invoke (63 bytes)
Event: 27.357 Thread 0x000001d9f8914de0 nmethod 7008 0x000001d9ef819d10 code [0x000001d9ef819f00, 0x000001d9ef81a2d8]
Event: 27.358 Thread 0x000001d9fba23ce0 nmethod 7007 0x000001d9ef81a510 code [0x000001d9ef81a700, 0x000001d9ef81a9e8]
Event: 27.376 Thread 0x000001d9fba23ce0 7009       1       org.springframework.beans.factory.config.DependencyDescriptor::<init> (74 bytes)
Event: 27.376 Thread 0x000001d9f942c7b0 7010       1       org.springframework.beans.factory.annotation.QualifierAnnotationAutowireCandidateResolver::getSuggestedValue (33 bytes)
Event: 27.376 Thread 0x000001d9fba23ce0 nmethod 7009 0x000001d9ef81ad10 code [0x000001d9ef81af00, 0x000001d9ef81b378]
Event: 27.377 Thread 0x000001d9f942c7b0 nmethod 7010 0x000001d9ef81b590 code [0x000001d9ef81b840, 0x000001d9ef81bf88]
Event: 27.433 Thread 0x000001d9fba23ce0 7011       1       org.springframework.core.MethodParameter::clone (9 bytes)
Event: 27.434 Thread 0x000001d9fba23ce0 nmethod 7011 0x000001d9ef81cd90 code [0x000001d9ef81cf20, 0x000001d9ef81d068]
Event: 27.470 Thread 0x000001d9fba23ce0 7012   !   1       org.springframework.util.ClassUtils::isCacheSafe (84 bytes)
Event: 27.471 Thread 0x000001d9fba23ce0 nmethod 7012 0x000001d9ef81d110 code [0x000001d9ef81d380, 0x000001d9ef81db68]
Event: 27.473 Thread 0x000001d9fba23ce0 7013   !   1       jdk.proxy2.$Proxy73::annotationType (29 bytes)
Event: 27.473 Thread 0x000001d9fba23ce0 nmethod 7013 0x000001d9ef81e390 code [0x000001d9ef81e540, 0x000001d9ef81e758]

GC Heap History (20 events):
Event: 25.811 GC heap after
{Heap after GC invocations=30 (full 0):
 garbage-first heap   total 115712K, used 45193K [0x0000000081800000, 0x0000000100000000)
  region size 1024K, 4 young (4096K), 4 survivors (4096K)
 Metaspace       used 78734K, committed 79296K, reserved 1122304K
  class space    used 10785K, committed 11072K, reserved 1048576K
}
Event: 26.231 GC heap before
{Heap before GC invocations=30 (full 0):
 garbage-first heap   total 115712K, used 97417K [0x0000000081800000, 0x0000000100000000)
  region size 1024K, 54 young (55296K), 4 survivors (4096K)
 Metaspace       used 80300K, committed 80832K, reserved 1122304K
  class space    used 10974K, committed 11264K, reserved 1048576K
}
Event: 26.243 GC heap after
{Heap after GC invocations=31 (full 0):
 garbage-first heap   total 115712K, used 53676K [0x0000000081800000, 0x0000000100000000)
  region size 1024K, 7 young (7168K), 7 survivors (7168K)
 Metaspace       used 80300K, committed 80832K, reserved 1122304K
  class space    used 10974K, committed 11264K, reserved 1048576K
}
Event: 26.420 GC heap before
{Heap before GC invocations=31 (full 0):
 garbage-first heap   total 115712K, used 91564K [0x0000000081800000, 0x0000000100000000)
  region size 1024K, 44 young (45056K), 7 survivors (7168K)
 Metaspace       used 80396K, committed 80960K, reserved 1122304K
  class space    used 10988K, committed 11264K, reserved 1048576K
}
Event: 26.438 GC heap after
{Heap after GC invocations=32 (full 0):
 garbage-first heap   total 115712K, used 63279K [0x0000000081800000, 0x0000000100000000)
  region size 1024K, 6 young (6144K), 6 survivors (6144K)
 Metaspace       used 80396K, committed 80960K, reserved 1122304K
  class space    used 10988K, committed 11264K, reserved 1048576K
}
Event: 26.488 GC heap before
{Heap before GC invocations=32 (full 0):
 garbage-first heap   total 115712K, used 78639K [0x0000000081800000, 0x0000000100000000)
  region size 1024K, 23 young (23552K), 6 survivors (6144K)
 Metaspace       used 80396K, committed 80960K, reserved 1122304K
  class space    used 10988K, committed 11264K, reserved 1048576K
}
Event: 26.495 GC heap after
{Heap after GC invocations=33 (full 0):
 garbage-first heap   total 115712K, used 68088K [0x0000000081800000, 0x0000000100000000)
  region size 1024K, 4 young (4096K), 4 survivors (4096K)
 Metaspace       used 80396K, committed 80960K, reserved 1122304K
  class space    used 10988K, committed 11264K, reserved 1048576K
}
Event: 26.604 GC heap before
{Heap before GC invocations=33 (full 0):
 garbage-first heap   total 115712K, used 92664K [0x0000000081800000, 0x0000000100000000)
  region size 1024K, 26 young (26624K), 4 survivors (4096K)
 Metaspace       used 80396K, committed 80960K, reserved 1122304K
  class space    used 10988K, committed 11264K, reserved 1048576K
}
Event: 26.610 GC heap after
{Heap after GC invocations=34 (full 0):
 garbage-first heap   total 207872K, used 73042K [0x0000000081800000, 0x0000000100000000)
  region size 1024K, 4 young (4096K), 4 survivors (4096K)
 Metaspace       used 80396K, committed 80960K, reserved 1122304K
  class space    used 10988K, committed 11264K, reserved 1048576K
}
Event: 26.898 GC heap before
{Heap before GC invocations=35 (full 0):
 garbage-first heap   total 207872K, used 152914K [0x0000000081800000, 0x0000000100000000)
  region size 1024K, 81 young (82944K), 4 survivors (4096K)
 Metaspace       used 80396K, committed 80960K, reserved 1122304K
  class space    used 10988K, committed 11264K, reserved 1048576K
}
Event: 26.923 GC heap after
{Heap after GC invocations=36 (full 0):
 garbage-first heap   total 207872K, used 95133K [0x0000000081800000, 0x0000000100000000)
  region size 1024K, 11 young (11264K), 11 survivors (11264K)
 Metaspace       used 80396K, committed 80960K, reserved 1122304K
  class space    used 10988K, committed 11264K, reserved 1048576K
}
Event: 26.925 GC heap before
{Heap before GC invocations=36 (full 0):
 garbage-first heap   total 207872K, used 96157K [0x0000000081800000, 0x0000000100000000)
  region size 1024K, 12 young (12288K), 11 survivors (11264K)
 Metaspace       used 80396K, committed 80960K, reserved 1122304K
  class space    used 10988K, committed 11264K, reserved 1048576K
}
Event: 26.939 GC heap after
{Heap after GC invocations=37 (full 0):
 garbage-first heap   total 207872K, used 97202K [0x0000000081800000, 0x0000000100000000)
  region size 1024K, 2 young (2048K), 2 survivors (2048K)
 Metaspace       used 80396K, committed 80960K, reserved 1122304K
  class space    used 10988K, committed 11264K, reserved 1048576K
}
Event: 27.019 GC heap before
{Heap before GC invocations=37 (full 0):
 garbage-first heap   total 207872K, used 116658K [0x0000000081800000, 0x0000000100000000)
  region size 1024K, 23 young (23552K), 2 survivors (2048K)
 Metaspace       used 80404K, committed 80960K, reserved 1122304K
  class space    used 10989K, committed 11264K, reserved 1048576K
}
Event: 27.026 GC heap after
{Heap after GC invocations=38 (full 0):
 garbage-first heap   total 207872K, used 99751K [0x0000000081800000, 0x0000000100000000)
  region size 1024K, 5 young (5120K), 5 survivors (5120K)
 Metaspace       used 80404K, committed 80960K, reserved 1122304K
  class space    used 10989K, committed 11264K, reserved 1048576K
}
Event: 27.325 GC heap before
{Heap before GC invocations=39 (full 0):
 garbage-first heap   total 211968K, used 144807K [0x0000000081800000, 0x0000000100000000)
  region size 1024K, 59 young (60416K), 5 survivors (5120K)
 Metaspace       used 80479K, committed 81024K, reserved 1122304K
  class space    used 11014K, committed 11264K, reserved 1048576K
}
Event: 27.330 GC heap after
{Heap after GC invocations=40 (full 0):
 garbage-first heap   total 211968K, used 85868K [0x0000000081800000, 0x0000000100000000)
  region size 1024K, 1 young (1024K), 1 survivors (1024K)
 Metaspace       used 80479K, committed 81024K, reserved 1122304K
  class space    used 11014K, committed 11264K, reserved 1048576K
}
Event: 27.415 GC heap before
{Heap before GC invocations=40 (full 0):
 garbage-first heap   total 211968K, used 94060K [0x0000000081800000, 0x0000000100000000)
  region size 1024K, 10 young (10240K), 1 survivors (1024K)
 Metaspace       used 80605K, committed 81216K, reserved 1122304K
  class space    used 11043K, committed 11328K, reserved 1048576K
}
Event: 27.419 GC heap after
{Heap after GC invocations=41 (full 0):
 garbage-first heap   total 211968K, used 64776K [0x0000000081800000, 0x0000000100000000)
  region size 1024K, 2 young (2048K), 2 survivors (2048K)
 Metaspace       used 80605K, committed 81216K, reserved 1122304K
  class space    used 11043K, committed 11328K, reserved 1048576K
}
Event: 27.480 GC heap before
{Heap before GC invocations=41 (full 0):
 garbage-first heap   total 211968K, used 72968K [0x0000000081800000, 0x0000000100000000)
  region size 1024K, 10 young (10240K), 2 survivors (2048K)
 Metaspace       used 80623K, committed 81216K, reserved 1122304K
  class space    used 11049K, committed 11328K, reserved 1048576K
}

Dll operation events (9 events):
Event: 0.018 Loaded shared library C:\sts-4.17.1.RELEASE\plugins\org.eclipse.justj.openjdk.hotspot.jre.full.win32.x86_64_17.0.5.v20221102-0933\jre\bin\java.dll
Event: 0.959 Loaded shared library C:\sts-4.17.1.RELEASE\plugins\org.eclipse.justj.openjdk.hotspot.jre.full.win32.x86_64_17.0.5.v20221102-0933\jre\bin\jimage.dll
Event: 1.039 Loaded shared library C:\sts-4.17.1.RELEASE\plugins\org.eclipse.justj.openjdk.hotspot.jre.full.win32.x86_64_17.0.5.v20221102-0933\jre\bin\net.dll
Event: 1.042 Loaded shared library C:\sts-4.17.1.RELEASE\plugins\org.eclipse.justj.openjdk.hotspot.jre.full.win32.x86_64_17.0.5.v20221102-0933\jre\bin\nio.dll
Event: 1.054 Loaded shared library C:\sts-4.17.1.RELEASE\plugins\org.eclipse.justj.openjdk.hotspot.jre.full.win32.x86_64_17.0.5.v20221102-0933\jre\bin\zip.dll
Event: 1.869 Loaded shared library C:\sts-4.17.1.RELEASE\plugins\org.eclipse.justj.openjdk.hotspot.jre.full.win32.x86_64_17.0.5.v20221102-0933\jre\bin\management.dll
Event: 1.958 Loaded shared library C:\sts-4.17.1.RELEASE\plugins\org.eclipse.justj.openjdk.hotspot.jre.full.win32.x86_64_17.0.5.v20221102-0933\jre\bin\management_ext.dll
Event: 18.260 Loaded shared library C:\sts-4.17.1.RELEASE\plugins\org.eclipse.justj.openjdk.hotspot.jre.full.win32.x86_64_17.0.5.v20221102-0933\jre\bin\sunmscapi.dll
Event: 20.647 Loaded shared library C:\sts-4.17.1.RELEASE\plugins\org.eclipse.justj.openjdk.hotspot.jre.full.win32.x86_64_17.0.5.v20221102-0933\jre\bin\verify.dll

Deoptimization events (16 events):
Event: 9.963 Thread 0x000001d9e938d7d0 DEOPT PACKING pc=0x000001d9eefa0419 sp=0x000000488c6fd300
Event: 9.963 Thread 0x000001d9e938d7d0 DEOPT UNPACKING pc=0x000001d9eea82b43 sp=0x000000488c6fc7e0 mode 3
Event: 16.584 Thread 0x000001d9e938d7d0 DEOPT PACKING pc=0x000001d9eee11b99 sp=0x000000488c6fe160
Event: 16.584 Thread 0x000001d9e938d7d0 DEOPT UNPACKING pc=0x000001d9eea82b43 sp=0x000000488c6fd648 mode 3
Event: 17.540 Thread 0x000001d9e938d7d0 DEOPT PACKING pc=0x000001d9ef27df0a sp=0x000000488c6fdf80
Event: 17.540 Thread 0x000001d9e938d7d0 DEOPT UNPACKING pc=0x000001d9eea82b43 sp=0x000000488c6fd518 mode 0
Event: 18.062 Thread 0x000001d9e938d7d0 DEOPT PACKING pc=0x000001d9ef3b0dfd sp=0x000000488c6fd630
Event: 18.062 Thread 0x000001d9e938d7d0 DEOPT UNPACKING pc=0x000001d9eea82b43 sp=0x000000488c6fcb98 mode 3
Event: 18.738 Thread 0x000001d9e938d7d0 DEOPT PACKING pc=0x000001d9eedc0bc4 sp=0x000000488c6fb1f0
Event: 18.738 Thread 0x000001d9e938d7d0 DEOPT UNPACKING pc=0x000001d9eea82b43 sp=0x000000488c6fa688 mode 3
Event: 23.181 Thread 0x000001d9e938d7d0 DEOPT PACKING pc=0x000001d9eefc5194 sp=0x000000488c6fd440
Event: 23.181 Thread 0x000001d9e938d7d0 DEOPT UNPACKING pc=0x000001d9eea82b43 sp=0x000000488c6fc998 mode 0
Event: 24.376 Thread 0x000001d9e938d7d0 DEOPT PACKING pc=0x000001d9eefbe9c2 sp=0x000000488c6f76c0
Event: 24.376 Thread 0x000001d9e938d7d0 DEOPT UNPACKING pc=0x000001d9eea82b43 sp=0x000000488c6f6bc8 mode 3
Event: 26.077 Thread 0x000001d9e938d7d0 DEOPT PACKING pc=0x000001d9ef706dab sp=0x000000488c6fd160
Event: 26.077 Thread 0x000001d9e938d7d0 DEOPT UNPACKING pc=0x000001d9eea82b43 sp=0x000000488c6fc6a8 mode 3

Classes unloaded (0 events):
No events

Classes redefined (0 events):
No events

Internal exceptions (20 events):
Event: 26.966 Thread 0x000001d980158650 Exception <a 'sun/nio/fs/WindowsException'{0x000000008dc88918}> (0x000000008dc88918) 
thrown [s\src\hotspot\share\prims\jni.cpp, line 516]
Event: 26.966 Thread 0x000001d980158650 Exception <a 'sun/nio/fs/WindowsException'{0x000000008dc88c78}> (0x000000008dc88c78) 
thrown [s\src\hotspot\share\prims\jni.cpp, line 516]
Event: 26.966 Thread 0x000001d980158650 Exception <a 'sun/nio/fs/WindowsException'{0x000000008dc89650}> (0x000000008dc89650) 
thrown [s\src\hotspot\share\prims\jni.cpp, line 516]
Event: 26.966 Thread 0x000001d980158650 Exception <a 'sun/nio/fs/WindowsException'{0x000000008dc899f0}> (0x000000008dc899f0) 
thrown [s\src\hotspot\share\prims\jni.cpp, line 516]
Event: 26.966 Thread 0x000001d980158650 Exception <a 'sun/nio/fs/WindowsException'{0x000000008dc8a3a0}> (0x000000008dc8a3a0) 
thrown [s\src\hotspot\share\prims\jni.cpp, line 516]
Event: 26.966 Thread 0x000001d980158650 Exception <a 'sun/nio/fs/WindowsException'{0x000000008dc8a710}> (0x000000008dc8a710) 
thrown [s\src\hotspot\share\prims\jni.cpp, line 516]
Event: 26.967 Thread 0x000001d980158650 Exception <a 'sun/nio/fs/WindowsException'{0x000000008dc8b098}> (0x000000008dc8b098) 
thrown [s\src\hotspot\share\prims\jni.cpp, line 516]
Event: 26.967 Thread 0x000001d980158650 Exception <a 'sun/nio/fs/WindowsException'{0x000000008dc8b3c8}> (0x000000008dc8b3c8) 
thrown [s\src\hotspot\share\prims\jni.cpp, line 516]
Event: 26.967 Thread 0x000001d980158650 Exception <a 'sun/nio/fs/WindowsException'{0x000000008dc8bd60}> (0x000000008dc8bd60) 
thrown [s\src\hotspot\share\prims\jni.cpp, line 516]
Event: 26.967 Thread 0x000001d980158650 Exception <a 'sun/nio/fs/WindowsException'{0x000000008dc8c0b0}> (0x000000008dc8c0b0) 
thrown [s\src\hotspot\share\prims\jni.cpp, line 516]
Event: 26.968 Thread 0x000001d980158650 Exception <a 'sun/nio/fs/WindowsException'{0x000000008dc8ca38}> (0x000000008dc8ca38) 
thrown [s\src\hotspot\share\prims\jni.cpp, line 516]
Event: 26.969 Thread 0x000001d980158650 Exception <a 'sun/nio/fs/WindowsException'{0x000000008dc8cd78}> (0x000000008dc8cd78) 
thrown [s\src\hotspot\share\prims\jni.cpp, line 516]
Event: 26.969 Thread 0x000001d980158650 Exception <a 'sun/nio/fs/WindowsException'{0x000000008dc8d710}> (0x000000008dc8d710) 
thrown [s\src\hotspot\share\prims\jni.cpp, line 516]
Event: 26.969 Thread 0x000001d980158650 Exception <a 'sun/nio/fs/WindowsException'{0x000000008dc8da60}> (0x000000008dc8da60) 
thrown [s\src\hotspot\share\prims\jni.cpp, line 516]
Event: 26.969 Thread 0x000001d980158650 Exception <a 'sun/nio/fs/WindowsException'{0x000000008dc8e410}> (0x000000008dc8e410) 
thrown [s\src\hotspot\share\prims\jni.cpp, line 516]
Event: 26.969 Thread 0x000001d980158650 Exception <a 'sun/nio/fs/WindowsException'{0x000000008dc8e780}> (0x000000008dc8e780) 
thrown [s\src\hotspot\share\prims\jni.cpp, line 516]
Event: 26.969 Thread 0x000001d980158650 Exception <a 'sun/nio/fs/WindowsException'{0x000000008dc8f148}> (0x000000008dc8f148) 
thrown [s\src\hotspot\share\prims\jni.cpp, line 516]
Event: 26.969 Thread 0x000001d980158650 Exception <a 'sun/nio/fs/WindowsException'{0x000000008dc8f4d0}> (0x000000008dc8f4d0) 
thrown [s\src\hotspot\share\prims\jni.cpp, line 516]
Event: 26.969 Thread 0x000001d980158650 Exception <a 'sun/nio/fs/WindowsException'{0x000000008dc8fe90}> (0x000000008dc8fe90) 
thrown [s\src\hotspot\share\prims\jni.cpp, line 516]
Event: 26.969 Thread 0x000001d980158650 Exception <a 'sun/nio/fs/WindowsException'{0x000000008dc90210}> (0x000000008dc90210) 
thrown [s\src\hotspot\share\prims\jni.cpp, line 516]

VM Operations (20 events):
Event: 26.611 Executing VM operation: G1CollectForAllocation done
Event: 26.661 Executing VM operation: G1Concurrent
Event: 26.667 Executing VM operation: G1Concurrent done
Event: 26.743 Executing VM operation: G1Concurrent
Event: 26.744 Executing VM operation: G1Concurrent done
Event: 26.898 Executing VM operation: G1CollectForAllocation
Event: 26.924 Executing VM operation: G1CollectForAllocation done
Event: 26.925 Executing VM operation: G1CollectForAllocation
Event: 26.939 Executing VM operation: G1CollectForAllocation done
Event: 27.019 Executing VM operation: G1TryInitiateConcMark
Event: 27.026 Executing VM operation: G1TryInitiateConcMark done
Event: 27.166 Executing VM operation: G1Concurrent
Event: 27.171 Executing VM operation: G1Concurrent done
Event: 27.221 Executing VM operation: G1Concurrent
Event: 27.221 Executing VM operation: G1Concurrent done
Event: 27.325 Executing VM operation: G1CollectForAllocation
Event: 27.330 Executing VM operation: G1CollectForAllocation done
Event: 27.415 Executing VM operation: G1CollectForAllocation
Event: 27.419 Executing VM operation: G1CollectForAllocation done
Event: 27.480 Executing VM operation: G1CollectForAllocation

Events (20 events):
Event: 27.189 Thread 0x000001d980156970 Thread added: 0x000001d980156970
Event: 27.190 Thread 0x000001d980157cb0 Thread added: 0x000001d980157cb0
Event: 27.190 Thread 0x000001d9801542f0 Thread added: 0x000001d9801542f0
Event: 27.190 Thread 0x000001d980155fd0 Thread added: 0x000001d980155fd0
Event: 27.190 Thread 0x000001d9801594c0 Thread added: 0x000001d9801594c0
Event: 27.190 Thread 0x000001d980152ae0 Thread added: 0x000001d980152ae0
Event: 27.193 Thread 0x000001d980152ae0 Thread exited: 0x000001d980152ae0
Event: 27.193 Thread 0x000001d980153480 Thread exited: 0x000001d980153480
Event: 27.193 Thread 0x000001d980156970 Thread exited: 0x000001d980156970
Event: 27.193 Thread 0x000001d9801542f0 Thread exited: 0x000001d9801542f0
Event: 27.193 Thread 0x000001d980157cb0 Thread exited: 0x000001d980157cb0
Event: 27.193 Thread 0x000001d980157310 Thread exited: 0x000001d980157310
Event: 27.193 Thread 0x000001d980155fd0 Thread exited: 0x000001d980155fd0
Event: 27.193 Thread 0x000001d9801594c0 Thread exited: 0x000001d9801594c0
Event: 27.286 loading class java/util/concurrent/Executors$DefaultThreadFactory
Event: 27.286 loading class java/util/concurrent/Executors$DefaultThreadFactory done
Event: 27.390 loading class jdk/internal/reflect/UnsafeQualifiedObjectFieldAccessorImpl
Event: 27.390 loading class jdk/internal/reflect/UnsafeQualifiedFieldAccessorImpl
Event: 27.390 loading class jdk/internal/reflect/UnsafeQualifiedFieldAccessorImpl done
Event: 27.390 loading class jdk/internal/reflect/UnsafeQualifiedObjectFieldAccessorImpl done


Dynamic libraries:
0x00007ff655460000 - 0x00007ff65546e000 	C:\sts-4.17.1.RELEASE\plugins\org.eclipse.justj.openjdk.hotspot.jre.full.win32.x86_64_17.0.5.v20221102-0933\jre\bin\javaw.exe
0x00007ffc1d810000 - 0x00007ffc1da08000 	C:\WINDOWS\SYSTEM32\ntdll.dll
0x00007ffc1cea0000 - 0x00007ffc1cf5f000 	C:\WINDOWS\System32\KERNEL32.DLL
0x00007ffc1b300000 - 0x00007ffc1b5d2000 	C:\WINDOWS\System32\KERNELBASE.dll
0x00007ffc1b020000 - 0x00007ffc1b120000 	C:\WINDOWS\System32\ucrtbase.dll
0x00007ffbf9e40000 - 0x00007ffbf9e57000 	C:\sts-4.17.1.RELEASE\plugins\org.eclipse.justj.openjdk.hotspot.jre.full.win32.x86_64_17.0.5.v20221102-0933\jre\bin\jli.dll
0x00007ffc1c9b0000 - 0x00007ffc1cb51000 	C:\WINDOWS\System32\USER32.dll
0x00007ffc1b2d0000 - 0x00007ffc1b2f2000 	C:\WINDOWS\System32\win32u.dll
0x00007ffc1d070000 - 0x00007ffc1d09b000 	C:\WINDOWS\System32\GDI32.dll
0x00007ffc1b120000 - 0x00007ffc1b22f000 	C:\WINDOWS\System32\gdi32full.dll
0x00007ffc1b230000 - 0x00007ffc1b2cd000 	C:\WINDOWS\System32\msvcp_win.dll
0x00007ffbf6740000 - 0x00007ffbf6759000 	C:\sts-4.17.1.RELEASE\plugins\org.eclipse.justj.openjdk.hotspot.jre.full.win32.x86_64_17.0.5.v20221102-0933\jre\bin\VCRUNTIME140.dll
0x00007ffbfd950000 - 0x00007ffbfdbea000 	C:\WINDOWS\WinSxS\amd64_microsoft.windows.common-controls_6595b64144ccf1df_6.0.19041.1110_none_60b5254171f9507e\COMCTL32.dll
0x00007ffc1d680000 - 0x00007ffc1d71e000 	C:\WINDOWS\System32\msvcrt.dll
0x00007ffc1baf0000 - 0x00007ffc1bb22000 	C:\WINDOWS\System32\IMM32.DLL
0x00007ffc16110000 - 0x00007ffc1611c000 	C:\sts-4.17.1.RELEASE\plugins\org.eclipse.justj.openjdk.hotspot.jre.full.win32.x86_64_17.0.5.v20221102-0933\jre\bin\vcruntime140_1.dll
0x00007ffbea600000 - 0x00007ffbea691000 	C:\sts-4.17.1.RELEASE\plugins\org.eclipse.justj.openjdk.hotspot.jre.full.win32.x86_64_17.0.5.v20221102-0933\jre\bin\msvcp140.dll
0x00007ffbcb3d0000 - 0x00007ffbcc014000 	C:\sts-4.17.1.RELEASE\plugins\org.eclipse.justj.openjdk.hotspot.jre.full.win32.x86_64_17.0.5.v20221102-0933\jre\bin\server\jvm.dll
0x00007ffc1d0a0000 - 0x00007ffc1d14e000 	C:\WINDOWS\System32\ADVAPI32.dll
0x00007ffc1bb30000 - 0x00007ffc1bbcc000 	C:\WINDOWS\System32\sechost.dll
0x00007ffc1cc40000 - 0x00007ffc1cd65000 	C:\WINDOWS\System32\RPCRT4.dll
0x00007ffc18910000 - 0x00007ffc18919000 	C:\WINDOWS\SYSTEM32\WSOCK32.dll
0x00007ffc1bbd0000 - 0x00007ffc1bc3b000 	C:\WINDOWS\System32\WS2_32.dll
0x00007ffc0ae10000 - 0x00007ffc0ae37000 	C:\WINDOWS\SYSTEM32\WINMM.dll
0x00007ffc152b0000 - 0x00007ffc152ba000 	C:\WINDOWS\SYSTEM32\VERSION.dll
0x00007ffc18e70000 - 0x00007ffc18e82000 	C:\WINDOWS\SYSTEM32\kernel.appcore.dll
0x00007ffc16a90000 - 0x00007ffc16a9a000 	C:\sts-4.17.1.RELEASE\plugins\org.eclipse.justj.openjdk.hotspot.jre.full.win32.x86_64_17.0.5.v20221102-0933\jre\bin\jimage.dll
0x00007ffc07310000 - 0x00007ffc074f4000 	C:\WINDOWS\SYSTEM32\DBGHELP.DLL
0x00007ffc06350000 - 0x00007ffc06385000 	C:\WINDOWS\SYSTEM32\dbgcore.DLL
0x00007ffc1b740000 - 0x00007ffc1b7c2000 	C:\WINDOWS\System32\bcryptPrimitives.dll
0x00007ffc12fa0000 - 0x00007ffc12fc5000 	C:\sts-4.17.1.RELEASE\plugins\org.eclipse.justj.openjdk.hotspot.jre.full.win32.x86_64_17.0.5.v20221102-0933\jre\bin\java.dll
0x00007ffc169e0000 - 0x00007ffc169f8000 	C:\sts-4.17.1.RELEASE\plugins\org.eclipse.justj.openjdk.hotspot.jre.full.win32.x86_64_17.0.5.v20221102-0933\jre\bin\zip.dll
0x00007ffc1c260000 - 0x00007ffc1c9a5000 	C:\WINDOWS\System32\SHELL32.dll
0x00007ffc19070000 - 0x00007ffc19802000 	C:\WINDOWS\SYSTEM32\windows.storage.dll
0x00007ffc1d1d0000 - 0x00007ffc1d525000 	C:\WINDOWS\System32\combase.dll
0x00007ffc1a890000 - 0x00007ffc1a8c0000 	C:\WINDOWS\SYSTEM32\Wldp.dll
0x00007ffc1d720000 - 0x00007ffc1d7cd000 	C:\WINDOWS\System32\SHCORE.dll
0x00007ffc1cf60000 - 0x00007ffc1cfb5000 	C:\WINDOWS\System32\shlwapi.dll
0x00007ffc1af30000 - 0x00007ffc1af4f000 	C:\WINDOWS\SYSTEM32\profapi.dll
0x00007ffc12f80000 - 0x00007ffc12f99000 	C:\sts-4.17.1.RELEASE\plugins\org.eclipse.justj.openjdk.hotspot.jre.full.win32.x86_64_17.0.5.v20221102-0933\jre\bin\net.dll
0x00007ffc13170000 - 0x00007ffc1327c000 	C:\WINDOWS\SYSTEM32\WINHTTP.dll
0x00007ffc1a670000 - 0x00007ffc1a6da000 	C:\WINDOWS\system32\mswsock.dll
0x00007ffbff1a0000 - 0x00007ffbff1b5000 	C:\sts-4.17.1.RELEASE\plugins\org.eclipse.justj.openjdk.hotspot.jre.full.win32.x86_64_17.0.5.v20221102-0933\jre\bin\nio.dll
0x00007ffc15d00000 - 0x00007ffc15d09000 	C:\sts-4.17.1.RELEASE\plugins\org.eclipse.justj.openjdk.hotspot.jre.full.win32.x86_64_17.0.5.v20221102-0933\jre\bin\management.dll
0x00007ffc159e0000 - 0x00007ffc159eb000 	C:\sts-4.17.1.RELEASE\plugins\org.eclipse.justj.openjdk.hotspot.jre.full.win32.x86_64_17.0.5.v20221102-0933\jre\bin\management_ext.dll
0x00007ffc1bc40000 - 0x00007ffc1bc48000 	C:\WINDOWS\System32\PSAPI.DLL
0x00007ffc02570000 - 0x00007ffc02587000 	C:\WINDOWS\system32\napinsp.dll
0x00007ffbff0a0000 - 0x00007ffbff0bb000 	C:\WINDOWS\system32\pnrpnsp.dll
0x00007ffbff080000 - 0x00007ffbff095000 	C:\WINDOWS\system32\wshbth.dll
0x00007ffc16960000 - 0x00007ffc1697d000 	C:\WINDOWS\system32\NLAapi.dll
0x00007ffc1a380000 - 0x00007ffc1a3bb000 	C:\WINDOWS\SYSTEM32\IPHLPAPI.DLL
0x00007ffc1a3c0000 - 0x00007ffc1a48b000 	C:\WINDOWS\SYSTEM32\DNSAPI.dll
0x00007ffc1d1c0000 - 0x00007ffc1d1c8000 	C:\WINDOWS\System32\NSI.dll
0x00007ffbff060000 - 0x00007ffbff072000 	C:\WINDOWS\System32\winrnr.dll
0x00007ffc0f660000 - 0x00007ffc0f66a000 	C:\Windows\System32\rasadhlp.dll
0x00007ffc10e40000 - 0x00007ffc10ec0000 	C:\WINDOWS\System32\fwpuclnt.dll
0x00007ffc1aff0000 - 0x00007ffc1b017000 	C:\WINDOWS\System32\bcrypt.dll
0x00007ffc1a8d0000 - 0x00007ffc1a8e8000 	C:\WINDOWS\SYSTEM32\CRYPTSP.dll
0x00007ffc19fb0000 - 0x00007ffc19fe4000 	C:\WINDOWS\system32\rsaenh.dll
0x00007ffc1aef0000 - 0x00007ffc1af1e000 	C:\WINDOWS\SYSTEM32\USERENV.dll
0x00007ffc1a800000 - 0x00007ffc1a80c000 	C:\WINDOWS\SYSTEM32\CRYPTBASE.dll
0x00007ffc14800000 - 0x00007ffc14817000 	C:\WINDOWS\SYSTEM32\dhcpcsvc6.DLL
0x00007ffc147a0000 - 0x00007ffc147bd000 	C:\WINDOWS\SYSTEM32\dhcpcsvc.DLL
0x00007ffc16a80000 - 0x00007ffc16a8e000 	C:\sts-4.17.1.RELEASE\plugins\org.eclipse.justj.openjdk.hotspot.jre.full.win32.x86_64_17.0.5.v20221102-0933\jre\bin\sunmscapi.dll
0x00007ffc1b5e0000 - 0x00007ffc1b736000 	C:\WINDOWS\System32\CRYPT32.dll
0x00007ffc1a9e0000 - 0x00007ffc1aa07000 	C:\WINDOWS\SYSTEM32\ncrypt.dll
0x00007ffc1a9a0000 - 0x00007ffc1a9db000 	C:\WINDOWS\SYSTEM32\NTASN1.dll
0x00007ffc16980000 - 0x00007ffc16990000 	C:\sts-4.17.1.RELEASE\plugins\org.eclipse.justj.openjdk.hotspot.jre.full.win32.x86_64_17.0.5.v20221102-0933\jre\bin\verify.dll

dbghelp: loaded successfully - version: 4.0.5 - missing functions: none
symbol engine: initialized successfully - sym options: 0x614 - pdb path: .;C:\sts-4.17.1.RELEASE\plugins\org.eclipse.justj.openjdk.hotspot.jre.full.win32.x86_64_17.0.5.v20221102-0933\jre\bin;C:\WINDOWS\SYSTEM32;C:\WINDOWS\WinSxS\amd64_microsoft.windows.common-controls_6595b64144ccf1df_6.0.19041.1110_none_60b5254171f9507e;C:\sts-4.17.1.RELEASE\plugins\org.eclipse.justj.openjdk.hotspot.jre.full.win32.x86_64_17.0.5.v20221102-0933\jre\bin\server

VM Arguments:
jvm_args: -Dcom.sun.management.jmxremote -Dcom.sun.management.jmxremote.port=59579 -Dcom.sun.management.jmxremote.authenticate=false -Dcom.sun.management.jmxremote.ssl=false -Djava.rmi.server.hostname=localhost -Dspring.jmx.enabled=true -Dmanagement.endpoints.jmx.exposure.include=* -Dspring.application.admin.enabled=true -XX:TieredStopAtLevel=1 -Dspring.boot.project.name=06- book-service -Dfile.encoding=UTF-8 -XX:+ShowCodeDetailsInExceptionMessages 
java_command: com.os.Application --spring.output.ansi.enabled=always
java_class_path (initial): C:\Workspaces Java\Workspace microsservices docker\06- book-service\target\classes;C:\Users\Admin\.m2\repository\org\springframework\boot\spring-boot-starter-actuator\3.0.1\spring-boot-starter-actuator-3.0.1.jar;C:\Users\Admin\.m2\repository\org\springframework\boot\spring-boot-starter\3.0.1\spring-boot-starter-3.0.1.jar;C:\Users\Admin\.m2\repository\org\springframework\boot\spring-boot\3.0.1\spring-boot-3.0.1.jar;C:\Users\Admin\.m2\repository\org\springframework\boot\spring-boot-autoconfigure\3.0.1\spring-boot-autoconfigure-3.0.1.jar;C:\Users\Admin\.m2\repository\org\springframework\boot\spring-boot-starter-logging\3.0.1\spring-boot-starter-logging-3.0.1.jar;C:\Users\Admin\.m2\repository\ch\qos\logback\logback-classic\1.4.5\logback-classic-1.4.5.jar;C:\Users\Admin\.m2\repository\ch\qos\logback\logback-core\1.4.5\logback-core-1.4.5.jar;C:\Users\Admin\.m2\repository\org\apache\logging\log4j\log4j-to-slf4j\2.19.0\log4j-to-slf4j-2.19.0.jar;C:\Users\Admin\.m2\repository\org\apache\logging\log4j\log4j-api\2.19.0\log4j-api-2.19.0.jar;C:\Users\Admin\.m2\repository\org\slf4j\jul-to-slf4j\2.0.6\jul-to-slf4j-2.0.6.jar;C:\Users\Admin\.m2\repository\jakarta\annotation\jakarta.annotation-api\2.1.1\jakarta.annotation-api-2.1.1.jar;C:\Users\Admin\.m2\repository\org\yaml\snakeyaml\1.33\snakeyaml-1.33.jar;C:\Users\Admin\.m2\repository\org\springframework\boot\spring-boot-actuator-autoconfigure\3.0.1\spring-boot-actuator-autoconfigure-3.0.1.jar;C:\Users\Admin\.m2\repository\org\springframework\boot\spring-boot-actuator\3.0.1\spring-boot-actuator-3.0.1.jar;C:\Users\Admin\.m2\repository\com\fasterxml\jackson\core\jackson-databind\2.14.1\jackson-databind-2.14.1.jar;C:\Users\Admin\.m2\repository\com\fasterxml\jackson\core\jackson-annotations\2.14.1\jackson-annotations-2.14.1.jar;C:\Users\Admin\.m2\repository\com\fasterxml\jackson\core\jackson-core\2.14.1\jackson-core-2.14.1.jar;C:\Users\Admin\.m2\repository\com\fasterxml\jackson\datatype\jackson-datatype-jsr3
Launcher Type: SUN_STANDARD

[Global flags]
     intx CICompilerCount                          = 3                                         {product} {ergonomic}
     uint ConcGCThreads                            = 1                                         {product} {ergonomic}
     uint G1ConcRefinementThreads                  = 4                                         {product} {ergonomic}
   size_t G1HeapRegionSize                         = 1048576                                   {product} {ergonomic}
    uintx GCDrainStackTargetSize                   = 64                                        {product} {ergonomic}
   size_t InitialHeapSize                          = 134217728                                 {product} {ergonomic}
     bool ManagementServer                         = true                                      {product} {command line}
   size_t MarkStackSize                            = 4194304                                   {product} {ergonomic}
   size_t MaxHeapSize                              = 2122317824                                {product} {ergonomic}
   size_t MaxNewSize                               = 1272971264                                {product} {ergonomic}
   size_t MinHeapDeltaBytes                        = 1048576                                   {product} {ergonomic}
   size_t MinHeapSize                              = 8388608                                   {product} {ergonomic}
    uintx NonProfiledCodeHeapSize                  = 0                                      {pd product} {ergonomic}
     bool ProfileInterpreter                       = false                                  {pd product} {command line}
    uintx ProfiledCodeHeapSize                     = 0                                      {pd product} {ergonomic}
     bool ShowCodeDetailsInExceptionMessages       = true                                   {manageable} {command line}
   size_t SoftMaxHeapSize                          = 2122317824                             {manageable} {ergonomic}
     intx TieredStopAtLevel                        = 1                                         {product} {command line}
     bool UseCompressedClassPointers               = true                           {product lp64_product} {ergonomic}
     bool UseCompressedOops                        = true                           {product lp64_product} {ergonomic}
     bool UseG1GC                                  = true                                      {product} {ergonomic}
     bool UseLargePagesIndividualAllocation        = false                                  {pd product} {ergonomic}

Logging:
Log output configuration:
 #0: stdout all=warning uptime,level,tags
 #1: stderr all=off uptime,level,tags

Environment Variables:
JAVA_HOME=C:\Program Files\Java\jdk-17.0.5
PATH=C:/sts-4.17.1.RELEASE//plugins/org.eclipse.justj.openjdk.hotspot.jre.full.win32.x86_64_17.0.5.v20221102-0933/jre/bin/server;C:/sts-4.17.1.RELEASE//plugins/org.eclipse.justj.openjdk.hotspot.jre.full.win32.x86_64_17.0.5.v20221102-0933/jre/bin;C:\Program Files\Common Files\Oracle\Java\javapath;C:\Program Files (x86)\Common Files\Oracle\Java\javapath;C:\WINDOWS\system32;C:\WINDOWS;C:\WINDOWS\System32\Wbem;C:\WINDOWS\System32\WindowsPowerShell\v1.0\;C:\Program Files (x86)\Intel\Intel(R) Management Engine Components\DAL;C:\Program Files\Intel\Intel(R) Management Engine Components\DAL;C:\ProgramData\chocolatey\bin;C:\Program Files\Git\cmd;C:\Program Files\nodejs\;C:\WINDOWS\System32\OpenSSH\;C:\Program Files\Docker\Docker\resources\bin;C:\WINDOWS\system32\config\systemprofile\AppData\Roaming\npm;C:\Users\Admin\AppData\Local\Yarn\bin;C:\opt\maven-3.9.0\bin;C:\Program Files\Java\jdk-17.0.5;C:\Users\Admin\AppData\Roaming\npm;C:\Python311\Scripts\;C:\Python311\;C:\Program Files\Common Files\Oracle\Java\javapath;C:\WINDOWS\system32;C:\WINDOWS;C:\WINDOWS\System32\Wbem;C:\WINDOWS\System32\WindowsPowerShell\v1.0\;C:\Program Files (x86)\Intel\Intel(R) Management Engine Components\DAL;C:\Program Files\Intel\Intel(R) Management Engine Components\DAL;C:\ProgramData\chocolatey\bin;C:\Program Files\Git\cmd;C:\Program Files (x86)\Yarn\bin\;C:\Program Files\nodejs\;C:\Users\Admin\AppData\Roaming\npm\node_modules\@angular\cli\bin;C:\Users\Admin\AppData\Local\Programs\Microsoft VS Code\bin;C:\Users\Admin\AppData\Local\Microsoft\WindowsApps;C:\Program Files\Java\jdk-17.0.5;;C:\sts-4.17.1.RELEASE;
USERNAME=Admin
OS=Windows_NT
PROCESSOR_IDENTIFIER=Intel64 Family 6 Model 142 Stepping 9, GenuineIntel
TMP=C:\Users\Admin\AppData\Local\Temp
TEMP=C:\Users\Admin\AppData\Local\Temp



---------------  S Y S T E M  ---------------

OS:
 Windows 10 , 64 bit Build 19041 (10.0.19041.2546)
OS uptime: 1 days 0:39 hours
Hyper-V role detected

CPU: total 4 (initial active 4) (2 cores per cpu, 2 threads per core) family 6 model 142 stepping 9 microcode 0xec, cx8, cmov, fxsr, ht, mmx, 3dnowpref, sse, sse2, sse3, ssse3, sse4.1, sse4.2, popcnt, lzcnt, tsc, tscinvbit, avx, avx2, aes, erms, clmul, bmi1, bmi2, adx, fma, vzeroupper, clflush, clflushopt, hv

Memory: 4k page, system-wide physical 8090M (900M free)
TotalPageFile size 10090M (AvailPageFile size 138M)
current process WorkingSet (physical memory assigned to process): 383M, peak: 383M
current process commit charge ("private bytes"): 412M, peak: 815M

vm_info: OpenJDK 64-Bit Server VM (17.0.5+8) for windows-amd64 JRE (17.0.5+8), built on Oct 19 2022 04:48:13 by "temurin" with MS VC++ 16.7 (VS2019)

END.
