#
# There is insufficient memory for the Java Runtime Environment to continue.
# Native memory allocation (malloc) failed to allocate 32744 bytes for ChunkPool::allocate
# Possible reasons:
#   The system is out of physical RAM or swap space
#   The process is running with CompressedOops enabled, and the Java Heap may be blocking the growth of the native heap
# Possible solutions:
#   Reduce memory load on the system
#   Increase physical memory or swap space
#   Check if swap backing store is full
#   Decrease Java heap size (-Xmx/-Xms)
#   Decrease number of Java threads
#   Decrease Java thread stack sizes (-Xss)
#   Set larger code cache with -XX:ReservedCodeCacheSize=
#   JVM is running with Unscaled Compressed Oops mode in which the Java heap is
#     placed in the first 4GB address space. The Java Heap base address is the
#     maximum limit for the native heap growth. Please use -XX:HeapBaseMinAddress
#     to set the Java Heap base and to place the Java Heap above 4GB virtual address.
# This output file may be truncated or incomplete.
#
#  Out of Memory Error (arena.cpp:78), pid=13896, tid=11772
#
# JRE version: OpenJDK Runtime Environment Temurin-17.0.5+8 (17.0.5+8) (build 17.0.5+8)
# Java VM: OpenJDK 64-Bit Server VM Temurin-17.0.5+8 (17.0.5+8, mixed mode, emulated-client, tiered, compressed oops, compressed class ptrs, g1 gc, windows-amd64)
# No core dump will be written. Minidumps are not enabled by default on client versions of Windows
#

---------------  S U M M A R Y ------------

Command Line: -Dcom.sun.management.jmxremote -Dcom.sun.management.jmxremote.port=50078 -Dcom.sun.management.jmxremote.authenticate=false -Dcom.sun.management.jmxremote.ssl=false -Djava.rmi.server.hostname=localhost -Dspring.jmx.enabled=true -Dmanagement.endpoints.jmx.exposure.include=* -Dspring.application.admin.enabled=true -XX:TieredStopAtLevel=1 -Dspring.boot.project.name=06-api-gateway -Dfile.encoding=UTF-8 -XX:+ShowCodeDetailsInExceptionMessages com.os.Application --spring.output.ansi.enabled=always

Host: Intel(R) Core(TM) i5-7200U CPU @ 2.50GHz, 4 cores, 7G,  Windows 10 , 64 bit Build 19041 (10.0.19041.2546)
Time: Wed Mar 29 15:49:49 2023 Hora oficial do Brasil elapsed time: 16.299800 seconds (0d 0h 0m 16s)

---------------  T H R E A D  ---------------

Current thread (0x000001bab1d90320):  JavaThread "C1 CompilerThread1" daemon [_thread_in_native, id=11772, stack(0x0000001d23b00000,0x0000001d23c00000)]


Current CompileTask:
C1:  16299 5349       1       java.io.WinNTFileSystem::canonicalize (372 bytes)

Stack: [0x0000001d23b00000,0x0000001d23c00000]
Native frames: (J=compiled Java code, j=interpreted, Vv=VM code, C=native code)
V  [jvm.dll+0x676b3a]
V  [jvm.dll+0x831444]
V  [jvm.dll+0x832bee]
V  [jvm.dll+0x833253]
V  [jvm.dll+0x244ce5]
V  [jvm.dll+0xabdcc]
V  [jvm.dll+0xac17c]
V  [jvm.dll+0x11c2a5]
V  [jvm.dll+0x180456]
V  [jvm.dll+0x18da8e]
V  [jvm.dll+0x133afd]
V  [jvm.dll+0x133d60]
V  [jvm.dll+0x134026]
V  [jvm.dll+0x1334ba]
V  [jvm.dll+0x135181]
V  [jvm.dll+0x22698a]
V  [jvm.dll+0x224ac5]
V  [jvm.dll+0x7e727b]
V  [jvm.dll+0x7e17ea]
V  [jvm.dll+0x6759e5]
C  [ucrtbase.dll+0x21bb2]
C  [KERNEL32.DLL+0x17614]
C  [ntdll.dll+0x526a1]


---------------  P R O C E S S  ---------------

Threads class SMR info:
_java_thread_list=0x000001bab43d96e0, length=34, elements={
0x000001baa1cf1700, 0x000001bab11d4620, 0x000001bab11d7050, 0x000001bab11c0100,
0x000001bab11c0b20, 0x000001bab11c13e0, 0x000001bab1c23000, 0x000001bab1c238c0,
0x000001bab1c52860, 0x000001bab113d980, 0x000001bab1d90320, 0x000001bab1da8030,
0x000001bab1df5160, 0x000001bab234e8e0, 0x000001bab24d9cd0, 0x000001bab2636bb0,
0x000001bab27fe6e0, 0x000001bab3607cf0, 0x000001bab365a030, 0x000001bab365abe0,
0x000001bab408a550, 0x000001bab408a080, 0x000001bab408aa20, 0x000001bab408b890,
0x000001bab43d1bc0, 0x000001bab43d4240, 0x000001bab43d16f0, 0x000001bab43d0880,
0x000001bab43d0d50, 0x000001bab43d4710, 0x000001bab43cf070, 0x000001bab43d5580,
0x000001bab43d2090, 0x000001bab43cfa10
}

Java Threads: ( => current thread )
  0x000001baa1cf1700 JavaThread "main" [_thread_blocked, id=5412, stack(0x0000001d22b00000,0x0000001d22c00000)]
  0x000001bab11d4620 JavaThread "Reference Handler" daemon [_thread_blocked, id=5772, stack(0x0000001d23200000,0x0000001d23300000)]
  0x000001bab11d7050 JavaThread "Finalizer" daemon [_thread_blocked, id=10972, stack(0x0000001d23300000,0x0000001d23400000)]
  0x000001bab11c0100 JavaThread "Signal Dispatcher" daemon [_thread_blocked, id=11828, stack(0x0000001d23400000,0x0000001d23500000)]
  0x000001bab11c0b20 JavaThread "Attach Listener" daemon [_thread_blocked, id=14304, stack(0x0000001d23500000,0x0000001d23600000)]
  0x000001bab11c13e0 JavaThread "Service Thread" daemon [_thread_blocked, id=9048, stack(0x0000001d23600000,0x0000001d23700000)]
  0x000001bab1c23000 JavaThread "Monitor Deflation Thread" daemon [_thread_blocked, id=12952, stack(0x0000001d23700000,0x0000001d23800000)]
  0x000001bab1c238c0 JavaThread "C1 CompilerThread0" daemon [_thread_in_vm, id=2992, stack(0x0000001d23800000,0x0000001d23900000)]
  0x000001bab1c52860 JavaThread "Sweeper thread" daemon [_thread_blocked, id=10008, stack(0x0000001d23900000,0x0000001d23a00000)]
  0x000001bab113d980 JavaThread "Common-Cleaner" daemon [_thread_blocked, id=10812, stack(0x0000001d23a00000,0x0000001d23b00000)]
=>0x000001bab1d90320 JavaThread "C1 CompilerThread1" daemon [_thread_in_native, id=11772, stack(0x0000001d23b00000,0x0000001d23c00000)]
  0x000001bab1da8030 JavaThread "C1 CompilerThread2" daemon [_thread_in_native, id=5592, stack(0x0000001d23c00000,0x0000001d23d00000)]
  0x000001bab1df5160 JavaThread "Notification Thread" daemon [_thread_blocked, id=4960, stack(0x0000001d23d00000,0x0000001d23e00000)]
  0x000001bab234e8e0 JavaThread "RMI TCP Accept-0" daemon [_thread_in_native, id=11892, stack(0x0000001d24300000,0x0000001d24400000)]
  0x000001bab24d9cd0 JavaThread "RMI TCP Accept-50078" daemon [_thread_in_native, id=12312, stack(0x0000001d24400000,0x0000001d24500000)]
  0x000001bab2636bb0 JavaThread "RMI TCP Accept-0" daemon [_thread_in_native, id=9588, stack(0x0000001d24500000,0x0000001d24600000)]
  0x000001bab27fe6e0 JavaThread "RMI TCP Connection(1)-127.0.0.1" daemon [_thread_in_native, id=10152, stack(0x0000001d24700000,0x0000001d24800000)]
  0x000001bab3607cf0 JavaThread "RMI Scheduler(0)" daemon [_thread_blocked, id=7324, stack(0x0000001d24800000,0x0000001d24900000)]
  0x000001bab365a030 JavaThread "RMI TCP Connection(2)-127.0.0.1" daemon [_thread_in_native, id=5544, stack(0x0000001d24900000,0x0000001d24a00000)]
  0x000001bab365abe0 JavaThread "JMX server connection timeout 21" daemon [_thread_blocked, id=6244, stack(0x0000001d24a00000,0x0000001d24b00000)]
  0x000001bab408a550 JavaThread "boundedElastic-evictor-1" daemon [_thread_blocked, id=268, stack(0x0000001d24b00000,0x0000001d24c00000)]
  0x000001bab408a080 JavaThread "spring.cloud.inetutils" daemon [_thread_blocked, id=11108, stack(0x0000001d24c00000,0x0000001d24d00000)]
  0x000001bab408aa20 JavaThread "AsyncResolver-bootstrap-0" daemon [_thread_blocked, id=13156, stack(0x0000001d24d00000,0x0000001d24e00000)]
  0x000001bab408b890 JavaThread "DiscoveryClient-0" daemon [_thread_blocked, id=4764, stack(0x0000001d24f00000,0x0000001d25000000)]
  0x000001bab43d1bc0 JavaThread "DiscoveryClient-1" daemon [_thread_blocked, id=3708, stack(0x0000001d25000000,0x0000001d25100000)]
  0x000001bab43d4240 JavaThread "DiscoveryClient-InstanceInfoReplicator-0" daemon [_thread_blocked, id=13644, stack(0x0000001d25100000,0x0000001d25200000)]
  0x000001bab43d16f0 JavaThread "ClassGraph-worker-0" daemon [_thread_blocked, id=13092, stack(0x0000001d25200000,0x0000001d25300000)]
  0x000001bab43d0880 JavaThread "ClassGraph-worker-1" daemon [_thread_blocked, id=3244, stack(0x0000001d25300000,0x0000001d25400000)]
  0x000001bab43d0d50 JavaThread "ClassGraph-worker-2" daemon [_thread_blocked, id=12028, stack(0x0000001d25400000,0x0000001d25500000)]
  0x000001bab43d4710 JavaThread "ClassGraph-worker-3" daemon [_thread_blocked, id=13952, stack(0x0000001d25500000,0x0000001d25600000)]
  0x000001bab43cf070 JavaThread "ClassGraph-worker-4" daemon [_thread_blocked, id=9080, stack(0x0000001d25600000,0x0000001d25700000)]
  0x000001bab43d5580 JavaThread "ClassGraph-worker-5" daemon [_thread_blocked, id=3236, stack(0x0000001d25700000,0x0000001d25800000)]
  0x000001bab43d2090 JavaThread "ClassGraph-worker-6" daemon [_thread_blocked, id=8360, stack(0x0000001d25800000,0x0000001d25900000)]
  0x000001bab43cfa10 JavaThread "ClassGraph-worker-7" daemon [_thread_blocked, id=9868, stack(0x0000001d25900000,0x0000001d25a00000)]

Other Threads:
  0x000001bab11afac0 VMThread "VM Thread" [stack: 0x0000001d23100000,0x0000001d23200000] [id=2856] _threads_hazard_ptr=0x000001bab43d96e0
  0x000001baa1cf25c0 WatcherThread [stack: 0x0000001d24600000,0x0000001d24700000] [id=13652]
  0x000001baa1d4ed90 GCTaskThread "GC Thread#0" [stack: 0x0000001d22c00000,0x0000001d22d00000] [id=1136]
  0x000001bab25f41a0 GCTaskThread "GC Thread#1" [stack: 0x0000001d23e00000,0x0000001d23f00000] [id=2952]
  0x000001bab2581910 GCTaskThread "GC Thread#2" [stack: 0x0000001d23f00000,0x0000001d24000000] [id=6228]
  0x000001bab257d510 GCTaskThread "GC Thread#3" [stack: 0x0000001d24000000,0x0000001d24100000] [id=13768]
  0x000001baa1d5f8e0 ConcurrentGCThread "G1 Main Marker" [stack: 0x0000001d22d00000,0x0000001d22e00000] [id=10940]
  0x000001baa1d60200 ConcurrentGCThread "G1 Conc#0" [stack: 0x0000001d22e00000,0x0000001d22f00000] [id=1820]
  0x000001bab10084e0 ConcurrentGCThread "G1 Refine#0" [stack: 0x0000001d22f00000,0x0000001d23000000] [id=2376]
  0x000001bab25eb9e0 ConcurrentGCThread "G1 Refine#1" [stack: 0x0000001d24100000,0x0000001d24200000] [id=8884]
  0x000001bab25991a0 ConcurrentGCThread "G1 Refine#2" [stack: 0x0000001d24200000,0x0000001d24300000] [id=1460]
  0x000001bab1008e10 ConcurrentGCThread "G1 Service" [stack: 0x0000001d23000000,0x0000001d23100000] [id=11008]

Threads with active compile tasks:
C1 CompilerThread0    16340 5351       1       java.util.concurrent.locks.AbstractQueuedSynchronizer$ConditionObject::signal (34 bytes)
C1 CompilerThread1    16340 5349       1       java.io.WinNTFileSystem::canonicalize (372 bytes)
C1 CompilerThread2    16340 5345   !   1       nonapi.io.github.classgraph.fastzipfilereader.LogicalZipFile::readCentralDirectory (3373 bytes)

VM state: synchronizing (normal execution)

VM Mutex/Monitor currently owned by a thread:  ([mutex/lock_event])
[0x000001baa1ceb4b0] Threads_lock - owner thread: 0x000001bab11afac0
[0x000001baa1cec350] Heap_lock - owner thread: 0x000001bab43cfa10

Heap address: 0x0000000081800000, size: 2024 MB, Compressed Oops mode: 32-bit

CDS archive(s) not mapped
Compressed class space mapped at: 0x0000000100000000-0x0000000140000000, reserved size: 1073741824
Narrow klass base: 0x0000000000000000, Narrow klass shift: 3, Narrow klass range: 0x140000000

GC Precious Log:
 CPUs: 4 total, 4 available
 Memory: 8090M
 Large Page Support: Disabled
 NUMA Support: Disabled
 Compressed Oops: Enabled (32-bit)
 Heap Region Size: 1M
 Heap Min Capacity: 8M
 Heap Initial Capacity: 128M
 Heap Max Capacity: 2024M
 Pre-touch: Disabled
 Parallel Workers: 4
 Concurrent Workers: 1
 Concurrent Refinement Workers: 4
 Periodic GC: Disabled

Heap:
 garbage-first heap   total 69632K, used 54986K [0x0000000081800000, 0x0000000100000000)
  region size 1024K, 28 young (28672K), 4 survivors (4096K)
 Metaspace       used 52773K, committed 53248K, reserved 1097728K
  class space    used 7041K, committed 7232K, reserved 1048576K

Heap Regions: E=young(eden), S=young(survivor), O=old, HS=humongous(starts), HC=humongous(continues), CS=collection set, F=free, OA=open archive, CA=closed archive, TAMS=top-at-mark-start (previous, next)
|   0|0x0000000081800000, 0x0000000081900000, 0x0000000081900000|100%| O|  |TAMS 0x0000000081900000, 0x0000000081800000| Untracked 
|   1|0x0000000081900000, 0x0000000081a00000, 0x0000000081a00000|100%| O|  |TAMS 0x0000000081a00000, 0x0000000081900000| Untracked 
|   2|0x0000000081a00000, 0x0000000081b00000, 0x0000000081b00000|100%| O|  |TAMS 0x0000000081b00000, 0x0000000081a00000| Untracked 
|   3|0x0000000081b00000, 0x0000000081c00000, 0x0000000081c00000|100%| O|  |TAMS 0x0000000081c00000, 0x0000000081b00000| Untracked 
|   4|0x0000000081c00000, 0x0000000081d00000, 0x0000000081d00000|100%| O|  |TAMS 0x0000000081d00000, 0x0000000081c00000| Untracked 
|   5|0x0000000081d00000, 0x0000000081e00000, 0x0000000081e00000|100%| O|  |TAMS 0x0000000081e00000, 0x0000000081d00000| Untracked 
|   6|0x0000000081e00000, 0x0000000081f00000, 0x0000000081f00000|100%| O|  |TAMS 0x0000000081f00000, 0x0000000081e00000| Untracked 
|   7|0x0000000081f00000, 0x0000000082000000, 0x0000000082000000|100%| O|  |TAMS 0x0000000082000000, 0x0000000081f00000| Untracked 
|   8|0x0000000082000000, 0x0000000082100000, 0x0000000082100000|100%| O|  |TAMS 0x0000000082100000, 0x0000000082000000| Untracked 
|   9|0x0000000082100000, 0x0000000082200000, 0x0000000082200000|100%| O|  |TAMS 0x0000000082200000, 0x0000000082100000| Untracked 
|  10|0x0000000082200000, 0x0000000082300000, 0x0000000082300000|100%| O|  |TAMS 0x0000000082300000, 0x0000000082200000| Untracked 
|  11|0x0000000082300000, 0x0000000082400000, 0x0000000082400000|100%| O|  |TAMS 0x0000000082400000, 0x0000000082300000| Untracked 
|  12|0x0000000082400000, 0x0000000082500000, 0x0000000082500000|100%| O|  |TAMS 0x0000000082500000, 0x0000000082400000| Untracked 
|  13|0x0000000082500000, 0x0000000082600000, 0x0000000082600000|100%| O|  |TAMS 0x0000000082600000, 0x0000000082500000| Untracked 
|  14|0x0000000082600000, 0x0000000082700000, 0x0000000082700000|100%| O|  |TAMS 0x0000000082700000, 0x0000000082600000| Untracked 
|  15|0x0000000082700000, 0x0000000082800000, 0x0000000082800000|100%| O|  |TAMS 0x000000008278bc00, 0x0000000082700000| Untracked 
|  16|0x0000000082800000, 0x0000000082900000, 0x0000000082900000|100%| O|  |TAMS 0x0000000082800000, 0x0000000082800000| Untracked 
|  17|0x0000000082900000, 0x0000000082a00000, 0x0000000082a00000|100%| O|  |TAMS 0x0000000082900000, 0x0000000082900000| Untracked 
|  18|0x0000000082a00000, 0x0000000082b00000, 0x0000000082b00000|100%| O|  |TAMS 0x0000000082a00000, 0x0000000082a00000| Untracked 
|  19|0x0000000082b00000, 0x0000000082c00000, 0x0000000082c00000|100%| O|  |TAMS 0x0000000082b00000, 0x0000000082b00000| Untracked 
|  20|0x0000000082c00000, 0x0000000082d00000, 0x0000000082d00000|100%| O|  |TAMS 0x0000000082c00000, 0x0000000082c00000| Untracked 
|  21|0x0000000082d00000, 0x0000000082e00000, 0x0000000082e00000|100%| O|  |TAMS 0x0000000082d00000, 0x0000000082d00000| Untracked 
|  22|0x0000000082e00000, 0x0000000082f00000, 0x0000000082f00000|100%| O|  |TAMS 0x0000000082e00000, 0x0000000082e00000| Untracked 
|  23|0x0000000082f00000, 0x0000000083000000, 0x0000000083000000|100%| O|  |TAMS 0x0000000082f00000, 0x0000000082f00000| Untracked 
|  24|0x0000000083000000, 0x00000000830b2a00, 0x0000000083100000| 69%| O|  |TAMS 0x0000000083000000, 0x0000000083000000| Untracked 
|  25|0x0000000083100000, 0x0000000083200000, 0x0000000083200000|100%|HS|  |TAMS 0x0000000083100000, 0x0000000083100000| Complete 
|  26|0x0000000083200000, 0x0000000083200000, 0x0000000083300000|  0%| F|  |TAMS 0x0000000083200000, 0x0000000083200000| Untracked 
|  27|0x0000000083300000, 0x0000000083300000, 0x0000000083400000|  0%| F|  |TAMS 0x0000000083300000, 0x0000000083300000| Untracked 
|  28|0x0000000083400000, 0x0000000083400000, 0x0000000083500000|  0%| F|  |TAMS 0x0000000083400000, 0x0000000083400000| Untracked 
|  29|0x0000000083500000, 0x0000000083500000, 0x0000000083600000|  0%| F|  |TAMS 0x0000000083500000, 0x0000000083500000| Untracked 
|  30|0x0000000083600000, 0x0000000083600000, 0x0000000083700000|  0%| F|  |TAMS 0x0000000083600000, 0x0000000083600000| Untracked 
|  31|0x0000000083700000, 0x0000000083700000, 0x0000000083800000|  0%| F|  |TAMS 0x0000000083700000, 0x0000000083700000| Untracked 
|  32|0x0000000083800000, 0x0000000083800000, 0x0000000083900000|  0%| F|  |TAMS 0x0000000083800000, 0x0000000083800000| Untracked 
|  33|0x0000000083900000, 0x0000000083900000, 0x0000000083a00000|  0%| F|  |TAMS 0x0000000083900000, 0x0000000083900000| Untracked 
|  34|0x0000000083a00000, 0x0000000083a00000, 0x0000000083b00000|  0%| F|  |TAMS 0x0000000083a00000, 0x0000000083a00000| Untracked 
|  35|0x0000000083b00000, 0x0000000083b00000, 0x0000000083c00000|  0%| F|  |TAMS 0x0000000083b00000, 0x0000000083b00000| Untracked 
|  36|0x0000000083c00000, 0x0000000083c00000, 0x0000000083d00000|  0%| F|  |TAMS 0x0000000083c00000, 0x0000000083c00000| Untracked 
|  37|0x0000000083d00000, 0x0000000083e00000, 0x0000000083e00000|100%| S|CS|TAMS 0x0000000083d00000, 0x0000000083d00000| Complete 
|  38|0x0000000083e00000, 0x0000000083f00000, 0x0000000083f00000|100%| S|CS|TAMS 0x0000000083e00000, 0x0000000083e00000| Complete 
|  39|0x0000000083f00000, 0x0000000084000000, 0x0000000084000000|100%| S|CS|TAMS 0x0000000083f00000, 0x0000000083f00000| Complete 
|  40|0x0000000084000000, 0x0000000084100000, 0x0000000084100000|100%| S|CS|TAMS 0x0000000084000000, 0x0000000084000000| Complete 
|  41|0x0000000084100000, 0x0000000084100000, 0x0000000084200000|  0%| F|  |TAMS 0x0000000084100000, 0x0000000084100000| Untracked 
|  42|0x0000000084200000, 0x0000000084200000, 0x0000000084300000|  0%| F|  |TAMS 0x0000000084200000, 0x0000000084200000| Untracked 
|  43|0x0000000084300000, 0x0000000084300000, 0x0000000084400000|  0%| F|  |TAMS 0x0000000084300000, 0x0000000084300000| Untracked 
|  44|0x0000000084400000, 0x0000000084500000, 0x0000000084500000|100%| E|CS|TAMS 0x0000000084400000, 0x0000000084400000| Complete 
|  45|0x0000000084500000, 0x0000000084600000, 0x0000000084600000|100%| E|CS|TAMS 0x0000000084500000, 0x0000000084500000| Complete 
|  46|0x0000000084600000, 0x0000000084700000, 0x0000000084700000|100%| E|CS|TAMS 0x0000000084600000, 0x0000000084600000| Complete 
|  47|0x0000000084700000, 0x0000000084800000, 0x0000000084800000|100%| E|CS|TAMS 0x0000000084700000, 0x0000000084700000| Complete 
|  48|0x0000000084800000, 0x0000000084900000, 0x0000000084900000|100%| E|CS|TAMS 0x0000000084800000, 0x0000000084800000| Complete 
|  49|0x0000000084900000, 0x0000000084a00000, 0x0000000084a00000|100%| E|CS|TAMS 0x0000000084900000, 0x0000000084900000| Complete 
|  50|0x0000000084a00000, 0x0000000084b00000, 0x0000000084b00000|100%| E|CS|TAMS 0x0000000084a00000, 0x0000000084a00000| Complete 
|  51|0x0000000084b00000, 0x0000000084c00000, 0x0000000084c00000|100%| E|CS|TAMS 0x0000000084b00000, 0x0000000084b00000| Complete 
|  52|0x0000000084c00000, 0x0000000084d00000, 0x0000000084d00000|100%| E|CS|TAMS 0x0000000084c00000, 0x0000000084c00000| Complete 
|  53|0x0000000084d00000, 0x0000000084e00000, 0x0000000084e00000|100%| E|CS|TAMS 0x0000000084d00000, 0x0000000084d00000| Complete 
|  54|0x0000000084e00000, 0x0000000084f00000, 0x0000000084f00000|100%| E|CS|TAMS 0x0000000084e00000, 0x0000000084e00000| Complete 
|  55|0x0000000084f00000, 0x0000000085000000, 0x0000000085000000|100%| E|CS|TAMS 0x0000000084f00000, 0x0000000084f00000| Complete 
|  56|0x0000000085000000, 0x0000000085100000, 0x0000000085100000|100%| E|CS|TAMS 0x0000000085000000, 0x0000000085000000| Complete 
|  57|0x0000000085100000, 0x0000000085200000, 0x0000000085200000|100%| E|CS|TAMS 0x0000000085100000, 0x0000000085100000| Complete 
|  58|0x0000000085200000, 0x0000000085300000, 0x0000000085300000|100%| E|CS|TAMS 0x0000000085200000, 0x0000000085200000| Complete 
|  59|0x0000000085300000, 0x0000000085400000, 0x0000000085400000|100%| E|CS|TAMS 0x0000000085300000, 0x0000000085300000| Complete 
|  60|0x0000000085400000, 0x0000000085500000, 0x0000000085500000|100%| E|CS|TAMS 0x0000000085400000, 0x0000000085400000| Complete 
|  61|0x0000000085500000, 0x0000000085600000, 0x0000000085600000|100%| E|CS|TAMS 0x0000000085500000, 0x0000000085500000| Complete 
|  62|0x0000000085600000, 0x0000000085700000, 0x0000000085700000|100%| E|CS|TAMS 0x0000000085600000, 0x0000000085600000| Complete 
|  63|0x0000000085700000, 0x0000000085800000, 0x0000000085800000|100%| E|CS|TAMS 0x0000000085700000, 0x0000000085700000| Complete 
| 113|0x0000000088900000, 0x0000000088a00000, 0x0000000088a00000|100%| E|CS|TAMS 0x0000000088900000, 0x0000000088900000| Complete 
| 114|0x0000000088a00000, 0x0000000088b00000, 0x0000000088b00000|100%| E|CS|TAMS 0x0000000088a00000, 0x0000000088a00000| Complete 
| 115|0x0000000088b00000, 0x0000000088c00000, 0x0000000088c00000|100%| E|CS|TAMS 0x0000000088b00000, 0x0000000088b00000| Complete 
| 127|0x0000000089700000, 0x0000000089800000, 0x0000000089800000|100%| E|CS|TAMS 0x0000000089700000, 0x0000000089700000| Complete 

Card table byte_map: [0x000001baaa410000,0x000001baaa810000] _byte_map_base: 0x000001baaa004000

Marking Bits (Prev, Next): (CMBitMap*) 0x000001baa1d4f2b0, (CMBitMap*) 0x000001baa1d4f2f0
 Prev Bits: [0x000001baaac10000, 0x000001baacbb0000)
 Next Bits: [0x000001baacbb0000, 0x000001baaeb50000)

Polling page: 0x000001baa6b50000

Metaspace:

Usage:
  Non-class:     44.66 MB used.
      Class:      6.88 MB used.
       Both:     51.54 MB used.

Virtual space:
  Non-class space:       48.00 MB reserved,      44.94 MB ( 94%) committed,  6 nodes.
      Class space:        1.00 GB reserved,       7.06 MB ( <1%) committed,  1 nodes.
             Both:        1.05 GB reserved,      52.00 MB (  5%) committed. 

Chunk freelists:
   Non-Class:  2.16 MB
       Class:  960.00 KB
        Both:  3.09 MB

MaxMetaspaceSize: unlimited
CompressedClassSpaceSize: 1.00 GB
Initial GC threshold: 21.00 MB
Current GC threshold: 58.75 MB
CDS: off
MetaspaceReclaimPolicy: balanced
 - commit_granule_bytes: 65536.
 - commit_granule_words: 8192.
 - virtual_space_node_default_size: 1048576.
 - enlarge_chunks_in_place: 1.
 - new_chunks_are_fully_committed: 0.
 - uncommit_free_chunks: 1.
 - use_allocation_guard: 0.
 - handle_deallocations: 1.


Internal statistics:

num_allocs_failed_limit: 6.
num_arena_births: 594.
num_arena_deaths: 0.
num_vsnodes_births: 7.
num_vsnodes_deaths: 0.
num_space_committed: 832.
num_space_uncommitted: 0.
num_chunks_returned_to_freelist: 6.
num_chunks_taken_from_freelist: 2167.
num_chunk_merges: 6.
num_chunk_splits: 1503.
num_chunks_enlarged: 1130.
num_purges: 0.
num_inconsistent_stats: 0.

CodeCache: size=49152Kb used=10889Kb max_used=10889Kb free=38262Kb
 bounds [0x000001baa6b70000, 0x000001baa7620000, 0x000001baa9b70000]
 total_blobs=5916 nmethods=5347 adapters=494
 compilation: enabled
              stopped_count=0, restarted_count=0
 full_count=0

Compilation events (20 events):
Event: 16.258 Thread 0x000001bab1da8030 nmethod 5338 0x000001baa760d990 code [0x000001baa760db40, 0x000001baa760df78]
Event: 16.258 Thread 0x000001bab1c238c0 5341       1       java.util.concurrent.ConcurrentLinkedQueue::offer (120 bytes)
Event: 16.258 Thread 0x000001bab1da8030 5340       1       java.util.concurrent.ConcurrentLinkedQueue::add (6 bytes)
Event: 16.258 Thread 0x000001bab1d90320 nmethod 5339 0x000001baa760e190 code [0x000001baa760e320, 0x000001baa760e418]
Event: 16.258 Thread 0x000001bab1d90320 5342       1       java.util.concurrent.atomic.AtomicBoolean::getAndSet (25 bytes)
Event: 16.258 Thread 0x000001bab1da8030 nmethod 5340 0x000001baa760e490 code [0x000001baa760e620, 0x000001baa760e708]
Event: 16.258 Thread 0x000001bab1da8030 5343       1       java.lang.invoke.VarHandleInts$FieldInstanceReadWrite::getAndSet (28 bytes)
Event: 16.258 Thread 0x000001bab1d90320 nmethod 5342 0x000001baa760e790 code [0x000001baa760e940, 0x000001baa760eb38]
Event: 16.259 Thread 0x000001bab1da8030 nmethod 5343 0x000001baa760ec90 code [0x000001baa760ee40, 0x000001baa760f0c8]
Event: 16.260 Thread 0x000001bab1c238c0 nmethod 5341 0x000001baa760f290 code [0x000001baa760f4e0, 0x000001baa760fd98]
Event: 16.269 Thread 0x000001bab1da8030 5344       1       java.net.URI$Parser::parseHierarchical (178 bytes)
Event: 16.271 Thread 0x000001bab1da8030 nmethod 5344 0x000001baa7610190 code [0x000001baa7610440, 0x000001baa7610d48]
Event: 16.279 Thread 0x000001bab1da8030 5345   !   1       nonapi.io.github.classgraph.fastzipfilereader.LogicalZipFile::readCentralDirectory (3373 bytes)
Event: 16.279 Thread 0x000001bab1d90320 5346       1       sun.nio.fs.WindowsPath::getPathForPermissionCheck (5 bytes)
Event: 16.279 Thread 0x000001bab1d90320 nmethod 5346 0x000001baa7611410 code [0x000001baa76115a0, 0x000001baa7611678]
Event: 16.290 Thread 0x000001bab1d90320 5347       1       java.util.AbstractMap$SimpleEntry::<init> (15 bytes)
Event: 16.290 Thread 0x000001bab1d90320 nmethod 5347 0x000001baa7611710 code [0x000001baa76118a0, 0x000001baa76119f8]
Event: 16.293 Thread 0x000001bab1d90320 5348       1       java.io.File::getCanonicalPath (31 bytes)
Event: 16.293 Thread 0x000001bab1d90320 nmethod 5348 0x000001baa7611a90 code [0x000001baa7611c60, 0x000001baa7611e38]
Event: 16.295 Thread 0x000001bab1d90320 5349       1       java.io.WinNTFileSystem::canonicalize (372 bytes)

GC Heap History (20 events):
Event: 7.298 GC heap before
{Heap before GC invocations=8 (full 0):
 garbage-first heap   total 37888K, used 24703K [0x0000000081800000, 0x0000000100000000)
  region size 1024K, 15 young (15360K), 1 survivors (1024K)
 Metaspace       used 29473K, committed 29760K, reserved 1081344K
  class space    used 3593K, committed 3712K, reserved 1048576K
}
Event: 7.301 GC heap after
{Heap after GC invocations=9 (full 0):
 garbage-first heap   total 37888K, used 12879K [0x0000000081800000, 0x0000000100000000)
  region size 1024K, 2 young (2048K), 2 survivors (2048K)
 Metaspace       used 29473K, committed 29760K, reserved 1081344K
  class space    used 3593K, committed 3712K, reserved 1048576K
}
Event: 7.739 GC heap before
{Heap before GC invocations=9 (full 0):
 garbage-first heap   total 37888K, used 25167K [0x0000000081800000, 0x0000000100000000)
  region size 1024K, 15 young (15360K), 2 survivors (2048K)
 Metaspace       used 30962K, committed 31232K, reserved 1081344K
  class space    used 3828K, committed 3968K, reserved 1048576K
}
Event: 7.745 GC heap after
{Heap after GC invocations=10 (full 0):
 garbage-first heap   total 57344K, used 14043K [0x0000000081800000, 0x0000000100000000)
  region size 1024K, 2 young (2048K), 2 survivors (2048K)
 Metaspace       used 30962K, committed 31232K, reserved 1081344K
  class space    used 3828K, committed 3968K, reserved 1048576K
}
Event: 8.867 GC heap before
{Heap before GC invocations=10 (full 0):
 garbage-first heap   total 57344K, used 41691K [0x0000000081800000, 0x0000000100000000)
  region size 1024K, 29 young (29696K), 2 survivors (2048K)
 Metaspace       used 32833K, committed 33152K, reserved 1081344K
  class space    used 4135K, committed 4288K, reserved 1048576K
}
Event: 8.876 GC heap after
{Heap after GC invocations=11 (full 0):
 garbage-first heap   total 57344K, used 16093K [0x0000000081800000, 0x0000000100000000)
  region size 1024K, 4 young (4096K), 4 survivors (4096K)
 Metaspace       used 32833K, committed 33152K, reserved 1081344K
  class space    used 4135K, committed 4288K, reserved 1048576K
}
Event: 9.946 GC heap before
{Heap before GC invocations=11 (full 0):
 garbage-first heap   total 57344K, used 40669K [0x0000000081800000, 0x0000000100000000)
  region size 1024K, 28 young (28672K), 4 survivors (4096K)
 Metaspace       used 35327K, committed 35712K, reserved 1081344K
  class space    used 4500K, committed 4672K, reserved 1048576K
}
Event: 9.958 GC heap after
{Heap after GC invocations=12 (full 0):
 garbage-first heap   total 57344K, used 17967K [0x0000000081800000, 0x0000000100000000)
  region size 1024K, 2 young (2048K), 2 survivors (2048K)
 Metaspace       used 35327K, committed 35712K, reserved 1081344K
  class space    used 4500K, committed 4672K, reserved 1048576K
}
Event: 10.069 GC heap before
{Heap before GC invocations=12 (full 0):
 garbage-first heap   total 57344K, used 20015K [0x0000000081800000, 0x0000000100000000)
  region size 1024K, 5 young (5120K), 2 survivors (2048K)
 Metaspace       used 35609K, committed 35968K, reserved 1081344K
  class space    used 4544K, committed 4736K, reserved 1048576K
}
Event: 10.076 GC heap after
{Heap after GC invocations=13 (full 0):
 garbage-first heap   total 57344K, used 17967K [0x0000000081800000, 0x0000000100000000)
  region size 1024K, 2 young (2048K), 2 survivors (2048K)
 Metaspace       used 35609K, committed 35968K, reserved 1081344K
  class space    used 4544K, committed 4736K, reserved 1048576K
}
Event: 11.871 GC heap before
{Heap before GC invocations=14 (full 0):
 garbage-first heap   total 57344K, used 43567K [0x0000000081800000, 0x0000000100000000)
  region size 1024K, 27 young (27648K), 2 survivors (2048K)
 Metaspace       used 40050K, committed 40448K, reserved 1089536K
  class space    used 5253K, committed 5440K, reserved 1048576K
}
Event: 11.881 GC heap after
{Heap after GC invocations=15 (full 0):
 garbage-first heap   total 57344K, used 19534K [0x0000000081800000, 0x0000000100000000)
  region size 1024K, 4 young (4096K), 4 survivors (4096K)
 Metaspace       used 40050K, committed 40448K, reserved 1089536K
  class space    used 5253K, committed 5440K, reserved 1048576K
}
Event: 13.225 GC heap before
{Heap before GC invocations=15 (full 0):
 garbage-first heap   total 57344K, used 44110K [0x0000000081800000, 0x0000000100000000)
  region size 1024K, 28 young (28672K), 4 survivors (4096K)
 Metaspace       used 44213K, committed 44608K, reserved 1089536K
  class space    used 5833K, committed 6016K, reserved 1048576K
}
Event: 13.240 GC heap after
{Heap after GC invocations=16 (full 0):
 garbage-first heap   total 57344K, used 21489K [0x0000000081800000, 0x0000000100000000)
  region size 1024K, 4 young (4096K), 4 survivors (4096K)
 Metaspace       used 44213K, committed 44608K, reserved 1089536K
  class space    used 5833K, committed 6016K, reserved 1048576K
}
Event: 14.221 GC heap before
{Heap before GC invocations=16 (full 0):
 garbage-first heap   total 57344K, used 45041K [0x0000000081800000, 0x0000000100000000)
  region size 1024K, 27 young (27648K), 4 survivors (4096K)
 Metaspace       used 48037K, committed 48448K, reserved 1097728K
  class space    used 6387K, committed 6592K, reserved 1048576K
}
Event: 14.236 GC heap after
{Heap after GC invocations=17 (full 0):
 garbage-first heap   total 57344K, used 24001K [0x0000000081800000, 0x0000000100000000)
  region size 1024K, 4 young (4096K), 4 survivors (4096K)
 Metaspace       used 48037K, committed 48448K, reserved 1097728K
  class space    used 6387K, committed 6592K, reserved 1048576K
}
Event: 15.151 GC heap before
{Heap before GC invocations=17 (full 0):
 garbage-first heap   total 57344K, used 44481K [0x0000000081800000, 0x0000000100000000)
  region size 1024K, 24 young (24576K), 4 survivors (4096K)
 Metaspace       used 50312K, committed 50752K, reserved 1097728K
  class space    used 6695K, committed 6912K, reserved 1048576K
}
Event: 15.168 GC heap after
{Heap after GC invocations=18 (full 0):
 garbage-first heap   total 69632K, used 26224K [0x0000000081800000, 0x0000000100000000)
  region size 1024K, 2 young (2048K), 2 survivors (2048K)
 Metaspace       used 50312K, committed 50752K, reserved 1097728K
  class space    used 6695K, committed 6912K, reserved 1048576K
}
Event: 16.129 GC heap before
{Heap before GC invocations=18 (full 0):
 garbage-first heap   total 69632K, used 52848K [0x0000000081800000, 0x0000000100000000)
  region size 1024K, 29 young (29696K), 2 survivors (2048K)
 Metaspace       used 52761K, committed 53248K, reserved 1097728K
  class space    used 7039K, committed 7232K, reserved 1048576K
}
Event: 16.145 GC heap after
{Heap after GC invocations=19 (full 0):
 garbage-first heap   total 69632K, used 29386K [0x0000000081800000, 0x0000000100000000)
  region size 1024K, 4 young (4096K), 4 survivors (4096K)
 Metaspace       used 52761K, committed 53248K, reserved 1097728K
  class space    used 7039K, committed 7232K, reserved 1048576K
}

Dll operation events (8 events):
Event: 0.014 Loaded shared library C:\sts-4.17.1.RELEASE\plugins\org.eclipse.justj.openjdk.hotspot.jre.full.win32.x86_64_17.0.5.v20221102-0933\jre\bin\java.dll
Event: 1.402 Loaded shared library C:\sts-4.17.1.RELEASE\plugins\org.eclipse.justj.openjdk.hotspot.jre.full.win32.x86_64_17.0.5.v20221102-0933\jre\bin\jimage.dll
Event: 1.440 Loaded shared library C:\sts-4.17.1.RELEASE\plugins\org.eclipse.justj.openjdk.hotspot.jre.full.win32.x86_64_17.0.5.v20221102-0933\jre\bin\net.dll
Event: 1.448 Loaded shared library C:\sts-4.17.1.RELEASE\plugins\org.eclipse.justj.openjdk.hotspot.jre.full.win32.x86_64_17.0.5.v20221102-0933\jre\bin\nio.dll
Event: 1.459 Loaded shared library C:\sts-4.17.1.RELEASE\plugins\org.eclipse.justj.openjdk.hotspot.jre.full.win32.x86_64_17.0.5.v20221102-0933\jre\bin\zip.dll
Event: 1.710 Loaded shared library C:\sts-4.17.1.RELEASE\plugins\org.eclipse.justj.openjdk.hotspot.jre.full.win32.x86_64_17.0.5.v20221102-0933\jre\bin\management.dll
Event: 1.738 Loaded shared library C:\sts-4.17.1.RELEASE\plugins\org.eclipse.justj.openjdk.hotspot.jre.full.win32.x86_64_17.0.5.v20221102-0933\jre\bin\management_ext.dll
Event: 13.616 Loaded shared library C:\sts-4.17.1.RELEASE\plugins\org.eclipse.justj.openjdk.hotspot.jre.full.win32.x86_64_17.0.5.v20221102-0933\jre\bin\verify.dll

Deoptimization events (12 events):
Event: 6.460 Thread 0x000001baa1cf1700 DEOPT PACKING pc=0x000001baa70b6d99 sp=0x0000001d22bfd7f0
Event: 6.461 Thread 0x000001baa1cf1700 DEOPT UNPACKING pc=0x000001baa6bc2b43 sp=0x0000001d22bfccd0 mode 3
Event: 12.742 Thread 0x000001baa1cf1700 DEOPT PACKING pc=0x000001baa6f1660c sp=0x0000001d22bfae00
Event: 12.742 Thread 0x000001baa1cf1700 DEOPT UNPACKING pc=0x000001baa6bc2b43 sp=0x0000001d22bfa2d0 mode 0
Event: 13.300 Thread 0x000001baa1cf1700 DEOPT PACKING pc=0x000001baa74ba7bd sp=0x0000001d22bfaaf0
Event: 13.300 Thread 0x000001baa1cf1700 DEOPT UNPACKING pc=0x000001baa6bc2b43 sp=0x0000001d22bfa070 mode 3
Event: 13.339 Thread 0x000001baa1cf1700 DEOPT PACKING pc=0x000001baa70fb0c2 sp=0x0000001d22bfad90
Event: 13.339 Thread 0x000001baa1cf1700 DEOPT UNPACKING pc=0x000001baa6bc2b43 sp=0x0000001d22bfa298 mode 3
Event: 14.347 Thread 0x000001baa1cf1700 DEOPT PACKING pc=0x000001baa7525f19 sp=0x0000001d22bfb5d0
Event: 14.347 Thread 0x000001baa1cf1700 DEOPT UNPACKING pc=0x000001baa6bc2b43 sp=0x0000001d22bfaab0 mode 3
Event: 16.022 Thread 0x000001baa1cf1700 DEOPT PACKING pc=0x000001baa75b352b sp=0x0000001d22bfc640
Event: 16.022 Thread 0x000001baa1cf1700 DEOPT UNPACKING pc=0x000001baa6bc2b43 sp=0x0000001d22bfbb88 mode 3

Classes unloaded (0 events):
No events

Classes redefined (0 events):
No events

Internal exceptions (20 events):
Event: 16.074 Thread 0x000001bab43d0880 Exception <a 'sun/nio/fs/WindowsException'{0x00000000848fa0b8}> (0x00000000848fa0b8) 
thrown [s\src\hotspot\share\prims\jni.cpp, line 516]
Event: 16.074 Thread 0x000001bab43d0880 Exception <a 'sun/nio/fs/WindowsException'{0x00000000848fa418}> (0x00000000848fa418) 
thrown [s\src\hotspot\share\prims\jni.cpp, line 516]
Event: 16.074 Thread 0x000001bab43d0880 Exception <a 'sun/nio/fs/WindowsException'{0x00000000848fade8}> (0x00000000848fade8) 
thrown [s\src\hotspot\share\prims\jni.cpp, line 516]
Event: 16.074 Thread 0x000001bab43d0880 Exception <a 'sun/nio/fs/WindowsException'{0x00000000848fb178}> (0x00000000848fb178) 
thrown [s\src\hotspot\share\prims\jni.cpp, line 516]
Event: 16.074 Thread 0x000001bab43d0880 Exception <a 'sun/nio/fs/WindowsException'{0x00000000848fbb20}> (0x00000000848fbb20) 
thrown [s\src\hotspot\share\prims\jni.cpp, line 516]
Event: 16.074 Thread 0x000001bab43d0880 Exception <a 'sun/nio/fs/WindowsException'{0x00000000848fbe80}> (0x00000000848fbe80) 
thrown [s\src\hotspot\share\prims\jni.cpp, line 516]
Event: 16.075 Thread 0x000001bab43d0880 Exception <a 'sun/nio/fs/WindowsException'{0x00000000848fc7f8}> (0x00000000848fc7f8) 
thrown [s\src\hotspot\share\prims\jni.cpp, line 516]
Event: 16.075 Thread 0x000001bab43d0880 Exception <a 'sun/nio/fs/WindowsException'{0x00000000848fcb28}> (0x00000000848fcb28) 
thrown [s\src\hotspot\share\prims\jni.cpp, line 516]
Event: 16.075 Thread 0x000001bab43d0880 Exception <a 'sun/nio/fs/WindowsException'{0x00000000848fd4a8}> (0x00000000848fd4a8) 
thrown [s\src\hotspot\share\prims\jni.cpp, line 516]
Event: 16.075 Thread 0x000001bab43d0880 Exception <a 'sun/nio/fs/WindowsException'{0x00000000848fd7f0}> (0x00000000848fd7f0) 
thrown [s\src\hotspot\share\prims\jni.cpp, line 516]
Event: 16.075 Thread 0x000001bab43d0880 Exception <a 'sun/nio/fs/WindowsException'{0x00000000848fe170}> (0x00000000848fe170) 
thrown [s\src\hotspot\share\prims\jni.cpp, line 516]
Event: 16.075 Thread 0x000001bab43d0880 Exception <a 'sun/nio/fs/WindowsException'{0x00000000848fe4a0}> (0x00000000848fe4a0) 
thrown [s\src\hotspot\share\prims\jni.cpp, line 516]
Event: 16.075 Thread 0x000001bab43d0880 Exception <a 'sun/nio/fs/WindowsException'{0x00000000848fee20}> (0x00000000848fee20) 
thrown [s\src\hotspot\share\prims\jni.cpp, line 516]
Event: 16.075 Thread 0x000001bab43d0880 Exception <a 'sun/nio/fs/WindowsException'{0x00000000848ff168}> (0x00000000848ff168) 
thrown [s\src\hotspot\share\prims\jni.cpp, line 516]
Event: 16.076 Thread 0x000001bab43d0880 Exception <a 'sun/nio/fs/WindowsException'{0x00000000848ffb10}> (0x00000000848ffb10) 
thrown [s\src\hotspot\share\prims\jni.cpp, line 516]
Event: 16.076 Thread 0x000001bab43d0880 Exception <a 'sun/nio/fs/WindowsException'{0x00000000848ffe70}> (0x00000000848ffe70) 
thrown [s\src\hotspot\share\prims\jni.cpp, line 516]
Event: 16.076 Thread 0x000001bab43d0880 Exception <a 'sun/nio/fs/WindowsException'{0x00000000847008d8}> (0x00000000847008d8) 
thrown [s\src\hotspot\share\prims\jni.cpp, line 516]
Event: 16.076 Thread 0x000001bab43d0880 Exception <a 'sun/nio/fs/WindowsException'{0x0000000084700c58}> (0x0000000084700c58) 
thrown [s\src\hotspot\share\prims\jni.cpp, line 516]
Event: 16.076 Thread 0x000001bab43d0880 Exception <a 'sun/nio/fs/WindowsException'{0x0000000084701600}> (0x0000000084701600) 
thrown [s\src\hotspot\share\prims\jni.cpp, line 516]
Event: 16.077 Thread 0x000001bab43d0880 Exception <a 'sun/nio/fs/WindowsException'{0x0000000084701978}> (0x0000000084701978) 
thrown [s\src\hotspot\share\prims\jni.cpp, line 516]

VM Operations (20 events):
Event: 13.104 Executing VM operation: HandshakeAllThreads
Event: 13.104 Executing VM operation: HandshakeAllThreads done
Event: 13.225 Executing VM operation: G1CollectForAllocation
Event: 13.240 Executing VM operation: G1CollectForAllocation done
Event: 13.550 Executing VM operation: HandshakeAllThreads
Event: 13.550 Executing VM operation: HandshakeAllThreads done
Event: 13.550 Executing VM operation: HandshakeAllThreads
Event: 13.550 Executing VM operation: HandshakeAllThreads done
Event: 13.645 Executing VM operation: HandshakeAllThreads
Event: 13.645 Executing VM operation: HandshakeAllThreads done
Event: 14.221 Executing VM operation: G1CollectForAllocation
Event: 14.236 Executing VM operation: G1CollectForAllocation done
Event: 14.460 Executing VM operation: HandshakeAllThreads
Event: 14.460 Executing VM operation: HandshakeAllThreads done
Event: 15.151 Executing VM operation: G1CollectForAllocation
Event: 15.168 Executing VM operation: G1CollectForAllocation done
Event: 15.668 Executing VM operation: HandshakeAllThreads
Event: 15.668 Executing VM operation: HandshakeAllThreads done
Event: 16.129 Executing VM operation: G1CollectForAllocation
Event: 16.149 Executing VM operation: G1CollectForAllocation done

Events (20 events):
Event: 16.065 Thread 0x000001bab43d0d50 Thread added: 0x000001bab43d0d50
Event: 16.065 Thread 0x000001bab43d4710 Thread added: 0x000001bab43d4710
Event: 16.065 Thread 0x000001bab43cf070 Thread added: 0x000001bab43cf070
Event: 16.066 Thread 0x000001bab43d5580 Thread added: 0x000001bab43d5580
Event: 16.066 loading class sun/nio/fs/WindowsLinkSupport
Event: 16.066 Thread 0x000001bab43d2090 Thread added: 0x000001bab43d2090
Event: 16.066 Thread 0x000001bab43cfa10 Thread added: 0x000001bab43cfa10
Event: 16.066 loading class sun/nio/fs/WindowsLinkSupport done
Event: 16.073 loading class sun/nio/fs/WindowsPath$1
Event: 16.074 loading class sun/nio/fs/WindowsPath$1 done
Event: 16.084 loading class java/io/EOFException
Event: 16.084 loading class java/io/EOFException done
Event: 16.086 loading class java/nio/BufferUnderflowException
Event: 16.087 loading class java/nio/BufferUnderflowException done
Event: 16.087 loading class java/nio/channels/spi/AbstractInterruptibleChannel$1
Event: 16.087 loading class sun/nio/ch/Interruptible
Event: 16.087 loading class sun/nio/ch/Interruptible done
Event: 16.087 loading class java/nio/channels/spi/AbstractInterruptibleChannel$1 done
Event: 16.092 loading class java/util/zip/DataFormatException
Event: 16.092 loading class java/util/zip/DataFormatException done


Dynamic libraries:
0x00007ff772170000 - 0x00007ff77217e000 	C:\sts-4.17.1.RELEASE\plugins\org.eclipse.justj.openjdk.hotspot.jre.full.win32.x86_64_17.0.5.v20221102-0933\jre\bin\javaw.exe
0x00007ffbc11f0000 - 0x00007ffbc13e8000 	C:\WINDOWS\SYSTEM32\ntdll.dll
0x00007ffbbff60000 - 0x00007ffbc001f000 	C:\WINDOWS\System32\KERNEL32.DLL
0x00007ffbbecf0000 - 0x00007ffbbefc2000 	C:\WINDOWS\System32\KERNELBASE.dll
0x00007ffbbf220000 - 0x00007ffbbf320000 	C:\WINDOWS\System32\ucrtbase.dll
0x00007ffbba470000 - 0x00007ffbba487000 	C:\sts-4.17.1.RELEASE\plugins\org.eclipse.justj.openjdk.hotspot.jre.full.win32.x86_64_17.0.5.v20221102-0933\jre\bin\jli.dll
0x00007ffbc0570000 - 0x00007ffbc0711000 	C:\WINDOWS\System32\USER32.dll
0x00007ffbbeb60000 - 0x00007ffbbeb82000 	C:\WINDOWS\System32\win32u.dll
0x00007ffbbf9a0000 - 0x00007ffbbf9cb000 	C:\WINDOWS\System32\GDI32.dll
0x00007ffbbeb90000 - 0x00007ffbbec9f000 	C:\WINDOWS\System32\gdi32full.dll
0x00007ffbbf180000 - 0x00007ffbbf21d000 	C:\WINDOWS\System32\msvcp_win.dll
0x00007ffbba490000 - 0x00007ffbba4a9000 	C:\sts-4.17.1.RELEASE\plugins\org.eclipse.justj.openjdk.hotspot.jre.full.win32.x86_64_17.0.5.v20221102-0933\jre\bin\VCRUNTIME140.dll
0x00007ffbaee20000 - 0x00007ffbaf0ba000 	C:\WINDOWS\WinSxS\amd64_microsoft.windows.common-controls_6595b64144ccf1df_6.0.19041.1110_none_60b5254171f9507e\COMCTL32.dll
0x00007ffbc1110000 - 0x00007ffbc11ae000 	C:\WINDOWS\System32\msvcrt.dll
0x00007ffbc0530000 - 0x00007ffbc0562000 	C:\WINDOWS\System32\IMM32.DLL
0x00007ffbba460000 - 0x00007ffbba46c000 	C:\sts-4.17.1.RELEASE\plugins\org.eclipse.justj.openjdk.hotspot.jre.full.win32.x86_64_17.0.5.v20221102-0933\jre\bin\vcruntime140_1.dll
0x00007ffbba3c0000 - 0x00007ffbba451000 	C:\sts-4.17.1.RELEASE\plugins\org.eclipse.justj.openjdk.hotspot.jre.full.win32.x86_64_17.0.5.v20221102-0933\jre\bin\msvcp140.dll
0x00007ffb6ff10000 - 0x00007ffb70b54000 	C:\sts-4.17.1.RELEASE\plugins\org.eclipse.justj.openjdk.hotspot.jre.full.win32.x86_64_17.0.5.v20221102-0933\jre\bin\server\jvm.dll
0x00007ffbc00e0000 - 0x00007ffbc018e000 	C:\WINDOWS\System32\ADVAPI32.dll
0x00007ffbc0e70000 - 0x00007ffbc0f0c000 	C:\WINDOWS\System32\sechost.dll
0x00007ffbbf800000 - 0x00007ffbbf925000 	C:\WINDOWS\System32\RPCRT4.dll
0x00007ffbba620000 - 0x00007ffbba629000 	C:\WINDOWS\SYSTEM32\WSOCK32.dll
0x00007ffbc03a0000 - 0x00007ffbc040b000 	C:\WINDOWS\System32\WS2_32.dll
0x00007ffbaead0000 - 0x00007ffbaeaf7000 	C:\WINDOWS\SYSTEM32\WINMM.dll
0x00007ffbb8690000 - 0x00007ffbb869a000 	C:\WINDOWS\SYSTEM32\VERSION.dll
0x00007ffbbc850000 - 0x00007ffbbc862000 	C:\WINDOWS\SYSTEM32\kernel.appcore.dll
0x00007ffba9c40000 - 0x00007ffba9c4a000 	C:\sts-4.17.1.RELEASE\plugins\org.eclipse.justj.openjdk.hotspot.jre.full.win32.x86_64_17.0.5.v20221102-0933\jre\bin\jimage.dll
0x00007ffbac490000 - 0x00007ffbac674000 	C:\WINDOWS\SYSTEM32\DBGHELP.DLL
0x00007ffbaacd0000 - 0x00007ffbaad05000 	C:\WINDOWS\SYSTEM32\dbgcore.DLL
0x00007ffbbf080000 - 0x00007ffbbf102000 	C:\WINDOWS\System32\bcryptPrimitives.dll
0x00007ffba0940000 - 0x00007ffba0965000 	C:\sts-4.17.1.RELEASE\plugins\org.eclipse.justj.openjdk.hotspot.jre.full.win32.x86_64_17.0.5.v20221102-0933\jre\bin\java.dll
0x00007ffb9db90000 - 0x00007ffb9dba8000 	C:\sts-4.17.1.RELEASE\plugins\org.eclipse.justj.openjdk.hotspot.jre.full.win32.x86_64_17.0.5.v20221102-0933\jre\bin\zip.dll
0x00007ffbc0720000 - 0x00007ffbc0e65000 	C:\WINDOWS\System32\SHELL32.dll
0x00007ffbbca50000 - 0x00007ffbbd1e2000 	C:\WINDOWS\SYSTEM32\windows.storage.dll
0x00007ffbbfb80000 - 0x00007ffbbfed5000 	C:\WINDOWS\System32\combase.dll
0x00007ffbbe270000 - 0x00007ffbbe2a0000 	C:\WINDOWS\SYSTEM32\Wldp.dll
0x00007ffbc0f10000 - 0x00007ffbc0fbd000 	C:\WINDOWS\System32\SHCORE.dll
0x00007ffbbf7a0000 - 0x00007ffbbf7f5000 	C:\WINDOWS\System32\shlwapi.dll
0x00007ffbbe910000 - 0x00007ffbbe92f000 	C:\WINDOWS\SYSTEM32\profapi.dll
0x00007ffb9d890000 - 0x00007ffb9d8a9000 	C:\sts-4.17.1.RELEASE\plugins\org.eclipse.justj.openjdk.hotspot.jre.full.win32.x86_64_17.0.5.v20221102-0933\jre\bin\net.dll
0x00007ffbb7080000 - 0x00007ffbb718c000 	C:\WINDOWS\SYSTEM32\WINHTTP.dll
0x00007ffbbe050000 - 0x00007ffbbe0ba000 	C:\WINDOWS\system32\mswsock.dll
0x00007ffb9d850000 - 0x00007ffb9d865000 	C:\sts-4.17.1.RELEASE\plugins\org.eclipse.justj.openjdk.hotspot.jre.full.win32.x86_64_17.0.5.v20221102-0933\jre\bin\nio.dll
0x00007ffbb9a50000 - 0x00007ffbb9a59000 	C:\sts-4.17.1.RELEASE\plugins\org.eclipse.justj.openjdk.hotspot.jre.full.win32.x86_64_17.0.5.v20221102-0933\jre\bin\management.dll
0x00007ffb97b90000 - 0x00007ffb97b9b000 	C:\sts-4.17.1.RELEASE\plugins\org.eclipse.justj.openjdk.hotspot.jre.full.win32.x86_64_17.0.5.v20221102-0933\jre\bin\management_ext.dll
0x00007ffbbf790000 - 0x00007ffbbf798000 	C:\WINDOWS\System32\PSAPI.DLL
0x00007ffba5510000 - 0x00007ffba5527000 	C:\WINDOWS\system32\napinsp.dll
0x00007ffba53b0000 - 0x00007ffba53cb000 	C:\WINDOWS\system32\pnrpnsp.dll
0x00007ffba5390000 - 0x00007ffba53a5000 	C:\WINDOWS\system32\wshbth.dll
0x00007ffbba380000 - 0x00007ffbba39d000 	C:\WINDOWS\system32\NLAapi.dll
0x00007ffbbdd60000 - 0x00007ffbbdd9b000 	C:\WINDOWS\SYSTEM32\IPHLPAPI.DLL
0x00007ffbbdda0000 - 0x00007ffbbde6b000 	C:\WINDOWS\SYSTEM32\DNSAPI.dll
0x00007ffbbf930000 - 0x00007ffbbf938000 	C:\WINDOWS\System32\NSI.dll
0x00007ffba5370000 - 0x00007ffba5382000 	C:\WINDOWS\System32\winrnr.dll
0x00007ffbb3170000 - 0x00007ffbb317a000 	C:\Windows\System32\rasadhlp.dll
0x00007ffbb3530000 - 0x00007ffbb35b0000 	C:\WINDOWS\System32\fwpuclnt.dll
0x00007ffbbeb30000 - 0x00007ffbbeb57000 	C:\WINDOWS\System32\bcrypt.dll
0x00007ffbbe2b0000 - 0x00007ffbbe2c8000 	C:\WINDOWS\SYSTEM32\CRYPTSP.dll
0x00007ffbbd990000 - 0x00007ffbbd9c4000 	C:\WINDOWS\system32\rsaenh.dll
0x00007ffbbe8d0000 - 0x00007ffbbe8fe000 	C:\WINDOWS\SYSTEM32\USERENV.dll
0x00007ffbbe1e0000 - 0x00007ffbbe1ec000 	C:\WINDOWS\SYSTEM32\CRYPTBASE.dll
0x00007ffbb7b50000 - 0x00007ffbb7b67000 	C:\WINDOWS\SYSTEM32\dhcpcsvc6.DLL
0x00007ffbb7ae0000 - 0x00007ffbb7afd000 	C:\WINDOWS\SYSTEM32\dhcpcsvc.DLL
0x00007ffb98a30000 - 0x00007ffb98a40000 	C:\sts-4.17.1.RELEASE\plugins\org.eclipse.justj.openjdk.hotspot.jre.full.win32.x86_64_17.0.5.v20221102-0933\jre\bin\verify.dll

dbghelp: loaded successfully - version: 4.0.5 - missing functions: none
symbol engine: initialized successfully - sym options: 0x614 - pdb path: .;C:\sts-4.17.1.RELEASE\plugins\org.eclipse.justj.openjdk.hotspot.jre.full.win32.x86_64_17.0.5.v20221102-0933\jre\bin;C:\WINDOWS\SYSTEM32;C:\WINDOWS\WinSxS\amd64_microsoft.windows.common-controls_6595b64144ccf1df_6.0.19041.1110_none_60b5254171f9507e;C:\sts-4.17.1.RELEASE\plugins\org.eclipse.justj.openjdk.hotspot.jre.full.win32.x86_64_17.0.5.v20221102-0933\jre\bin\server

VM Arguments:
jvm_args: -Dcom.sun.management.jmxremote -Dcom.sun.management.jmxremote.port=50078 -Dcom.sun.management.jmxremote.authenticate=false -Dcom.sun.management.jmxremote.ssl=false -Djava.rmi.server.hostname=localhost -Dspring.jmx.enabled=true -Dmanagement.endpoints.jmx.exposure.include=* -Dspring.application.admin.enabled=true -XX:TieredStopAtLevel=1 -Dspring.boot.project.name=06-api-gateway -Dfile.encoding=UTF-8 -XX:+ShowCodeDetailsInExceptionMessages 
java_command: com.os.Application --spring.output.ansi.enabled=always
java_class_path (initial): C:\Workspaces Java\Workspace microsservices docker\06-api-gateway\target\classes;C:\Users\Admin\.m2\repository\org\springframework\boot\spring-boot-starter-actuator\3.0.2\spring-boot-starter-actuator-3.0.2.jar;C:\Users\Admin\.m2\repository\org\springframework\boot\spring-boot-starter\3.0.2\spring-boot-starter-3.0.2.jar;C:\Users\Admin\.m2\repository\org\springframework\boot\spring-boot\3.0.2\spring-boot-3.0.2.jar;C:\Users\Admin\.m2\repository\org\springframework\spring-context\6.0.4\spring-context-6.0.4.jar;C:\Users\Admin\.m2\repository\org\springframework\spring-aop\6.0.4\spring-aop-6.0.4.jar;C:\Users\Admin\.m2\repository\org\springframework\spring-expression\6.0.4\spring-expression-6.0.4.jar;C:\Users\Admin\.m2\repository\org\springframework\boot\spring-boot-autoconfigure\3.0.2\spring-boot-autoconfigure-3.0.2.jar;C:\Users\Admin\.m2\repository\org\springframework\boot\spring-boot-starter-logging\3.0.2\spring-boot-starter-logging-3.0.2.jar;C:\Users\Admin\.m2\repository\ch\qos\logback\logback-classic\1.4.5\logback-classic-1.4.5.jar;C:\Users\Admin\.m2\repository\ch\qos\logback\logback-core\1.4.5\logback-core-1.4.5.jar;C:\Users\Admin\.m2\repository\org\apache\logging\log4j\log4j-to-slf4j\2.19.0\log4j-to-slf4j-2.19.0.jar;C:\Users\Admin\.m2\repository\org\apache\logging\log4j\log4j-api\2.19.0\log4j-api-2.19.0.jar;C:\Users\Admin\.m2\repository\org\slf4j\jul-to-slf4j\2.0.6\jul-to-slf4j-2.0.6.jar;C:\Users\Admin\.m2\repository\jakarta\annotation\jakarta.annotation-api\2.1.1\jakarta.annotation-api-2.1.1.jar;C:\Users\Admin\.m2\repository\org\yaml\snakeyaml\1.33\snakeyaml-1.33.jar;C:\Users\Admin\.m2\repository\org\springframework\boot\spring-boot-actuator-autoconfigure\3.0.2\spring-boot-actuator-autoconfigure-3.0.2.jar;C:\Users\Admin\.m2\repository\org\springframework\boot\spring-boot-actuator\3.0.2\spring-boot-actuator-3.0.2.jar;C:\Users\Admin\.m2\repository\com\fasterxml\jackson\core\jackson-databind\2.14.1\jackson-databind-2.14.1.jar;C:\Users\Admin
Launcher Type: SUN_STANDARD

[Global flags]
     intx CICompilerCount                          = 3                                         {product} {ergonomic}
     uint ConcGCThreads                            = 1                                         {product} {ergonomic}
     uint G1ConcRefinementThreads                  = 4                                         {product} {ergonomic}
   size_t G1HeapRegionSize                         = 1048576                                   {product} {ergonomic}
    uintx GCDrainStackTargetSize                   = 64                                        {product} {ergonomic}
   size_t InitialHeapSize                          = 134217728                                 {product} {ergonomic}
     bool ManagementServer                         = true                                      {product} {command line}
   size_t MarkStackSize                            = 4194304                                   {product} {ergonomic}
   size_t MaxHeapSize                              = 2122317824                                {product} {ergonomic}
   size_t MaxNewSize                               = 1272971264                                {product} {ergonomic}
   size_t MinHeapDeltaBytes                        = 1048576                                   {product} {ergonomic}
   size_t MinHeapSize                              = 8388608                                   {product} {ergonomic}
    uintx NonProfiledCodeHeapSize                  = 0                                      {pd product} {ergonomic}
     bool ProfileInterpreter                       = false                                  {pd product} {command line}
    uintx ProfiledCodeHeapSize                     = 0                                      {pd product} {ergonomic}
     bool ShowCodeDetailsInExceptionMessages       = true                                   {manageable} {command line}
   size_t SoftMaxHeapSize                          = 2122317824                             {manageable} {ergonomic}
     intx TieredStopAtLevel                        = 1                                         {product} {command line}
     bool UseCompressedClassPointers               = true                           {product lp64_product} {ergonomic}
     bool UseCompressedOops                        = true                           {product lp64_product} {ergonomic}
     bool UseG1GC                                  = true                                      {product} {ergonomic}
     bool UseLargePagesIndividualAllocation        = false                                  {pd product} {ergonomic}

Logging:
Log output configuration:
 #0: stdout all=warning uptime,level,tags
 #1: stderr all=off uptime,level,tags

Environment Variables:
JAVA_HOME=C:\Program Files\Java\jdk-17.0.5
PATH=C:/sts-4.17.1.RELEASE//plugins/org.eclipse.justj.openjdk.hotspot.jre.full.win32.x86_64_17.0.5.v20221102-0933/jre/bin/server;C:/sts-4.17.1.RELEASE//plugins/org.eclipse.justj.openjdk.hotspot.jre.full.win32.x86_64_17.0.5.v20221102-0933/jre/bin;C:\Program Files\Common Files\Oracle\Java\javapath;C:\Program Files (x86)\Common Files\Oracle\Java\javapath;C:\WINDOWS\system32;C:\WINDOWS;C:\WINDOWS\System32\Wbem;C:\WINDOWS\System32\WindowsPowerShell\v1.0\;C:\Program Files (x86)\Intel\Intel(R) Management Engine Components\DAL;C:\Program Files\Intel\Intel(R) Management Engine Components\DAL;C:\ProgramData\chocolatey\bin;C:\Program Files\Git\cmd;C:\Program Files\nodejs\;C:\WINDOWS\System32\OpenSSH\;C:\Program Files\Docker\Docker\resources\bin;C:\WINDOWS\system32\config\systemprofile\AppData\Roaming\npm;C:\Users\Admin\AppData\Local\Yarn\bin;C:\opt\maven-3.9.0\bin;C:\Program Files\Java\jdk-17.0.5;C:\Users\Admin\AppData\Roaming\npm;C:\Python311\Scripts\;C:\Python311\;C:\Program Files\Common Files\Oracle\Java\javapath;C:\WINDOWS\system32;C:\WINDOWS;C:\WINDOWS\System32\Wbem;C:\WINDOWS\System32\WindowsPowerShell\v1.0\;C:\Program Files (x86)\Intel\Intel(R) Management Engine Components\DAL;C:\Program Files\Intel\Intel(R) Management Engine Components\DAL;C:\ProgramData\chocolatey\bin;C:\Program Files\Git\cmd;C:\Program Files (x86)\Yarn\bin\;C:\Program Files\nodejs\;C:\Users\Admin\AppData\Roaming\npm\node_modules\@angular\cli\bin;C:\Users\Admin\AppData\Local\Programs\Microsoft VS Code\bin;C:\Users\Admin\AppData\Local\Microsoft\WindowsApps;C:\Program Files\Java\jdk-17.0.5;;C:\sts-4.17.1.RELEASE;
USERNAME=Admin
OS=Windows_NT
PROCESSOR_IDENTIFIER=Intel64 Family 6 Model 142 Stepping 9, GenuineIntel
TMP=C:\Users\Admin\AppData\Local\Temp
TEMP=C:\Users\Admin\AppData\Local\Temp



---------------  S Y S T E M  ---------------

OS:
 Windows 10 , 64 bit Build 19041 (10.0.19041.2546)
OS uptime: 0 days 1:33 hours
Hyper-V role detected

CPU: total 4 (initial active 4) (2 cores per cpu, 2 threads per core) family 6 model 142 stepping 9 microcode 0xec, cx8, cmov, fxsr, ht, mmx, 3dnowpref, sse, sse2, sse3, ssse3, sse4.1, sse4.2, popcnt, lzcnt, tsc, tscinvbit, avx, avx2, aes, erms, clmul, bmi1, bmi2, adx, fma, vzeroupper, clflush, clflushopt, hv

Memory: 4k page, system-wide physical 8090M (785M free)
TotalPageFile size 10090M (AvailPageFile size 6M)
current process WorkingSet (physical memory assigned to process): 192M, peak: 192M
current process commit charge ("private bytes"): 217M, peak: 225M

vm_info: OpenJDK 64-Bit Server VM (17.0.5+8) for windows-amd64 JRE (17.0.5+8), built on Oct 19 2022 04:48:13 by "temurin" with MS VC++ 16.7 (VS2019)

END.
