#
# There is insufficient memory for the Java Runtime Environment to continue.
# Native memory allocation (mmap) failed to map 118489088 bytes for G1 virtual space
# Possible reasons:
#   The system is out of physical RAM or swap space
#   The process is running with CompressedOops enabled, and the Java Heap may be blocking the growth of the native heap
# Possible solutions:
#   Reduce memory load on the system
#   Increase physical memory or swap space
#   Check if swap backing store is full
#   Decrease Java heap size (-Xmx/-Xms)
#   Decrease number of Java threads
#   Decrease Java thread stack sizes (-Xss)
#   Set larger code cache with -XX:ReservedCodeCacheSize=
#   JVM is running with Unscaled Compressed Oops mode in which the Java heap is
#     placed in the first 4GB address space. The Java Heap base address is the
#     maximum limit for the native heap growth. Please use -XX:HeapBaseMinAddress
#     to set the Java Heap base and to place the Java Heap above 4GB virtual address.
# This output file may be truncated or incomplete.
#
#  Out of Memory Error (os_windows.cpp:3541), pid=8684, tid=4132
#
# JRE version: Java(TM) SE Runtime Environment (17.0.5+9) (build 17.0.5+9-LTS-191)
# Java VM: Java HotSpot(TM) 64-Bit Server VM (17.0.5+9-LTS-191, mixed mode, emulated-client, sharing, tiered, compressed oops, compressed class ptrs, g1 gc, windows-amd64)
# No core dump will be written. Minidumps are not enabled by default on client versions of Windows
#

---------------  S U M M A R Y ------------

Command Line: -Dcom.sun.management.jmxremote -Dcom.sun.management.jmxremote.port=60592 -Dcom.sun.management.jmxremote.authenticate=false -Dcom.sun.management.jmxremote.ssl=false -Djava.rmi.server.hostname=localhost -Dspring.jmx.enabled=true -Dmanagement.endpoints.jmx.exposure.include=* -Dspring.application.admin.enabled=true -XX:TieredStopAtLevel=1 -Dspring.boot.project.name=06-api-gateway -Dfile.encoding=UTF-8 -XX:+ShowCodeDetailsInExceptionMessages com.os.Application --spring.output.ansi.enabled=always

Host: Intel(R) Core(TM) i5-7200U CPU @ 2.50GHz, 4 cores, 7G,  Windows 10 , 64 bit Build 19041 (10.0.19041.2364)
Time: Thu Feb 23 15:16:51 2023 Hora oficial do Brasil elapsed time: 14.604808 seconds (0d 0h 0m 14s)

---------------  T H R E A D  ---------------

Current thread (0x000001e318e90890):  VMThread "VM Thread" [stack: 0x000000dd23400000,0x000000dd23500000] [id=4132]

Stack: [0x000000dd23400000,0x000000dd23500000]
Native frames: (J=compiled Java code, j=interpreted, Vv=VM code, C=native code)
V  [jvm.dll+0x672eea]
V  [jvm.dll+0x7d2a04]
V  [jvm.dll+0x7d41ae]
V  [jvm.dll+0x7d4813]
V  [jvm.dll+0x242c15]
V  [jvm.dll+0x66fe09]
V  [jvm.dll+0x664682]
V  [jvm.dll+0x300e8b]
V  [jvm.dll+0x308426]
V  [jvm.dll+0x357ffe]
V  [jvm.dll+0x35822f]
V  [jvm.dll+0x2d80a8]
V  [jvm.dll+0x2d6374]
V  [jvm.dll+0x2d597c]
V  [jvm.dll+0x3193eb]
V  [jvm.dll+0x7d8ceb]
V  [jvm.dll+0x7d9a24]
V  [jvm.dll+0x7d9f3c]
V  [jvm.dll+0x7da314]
V  [jvm.dll+0x7da3e0]
V  [jvm.dll+0x782b4a]
V  [jvm.dll+0x671d75]
C  [ucrtbase.dll+0x21bb2]
C  [KERNEL32.DLL+0x17614]
C  [ntdll.dll+0x526a1]

VM_Operation (0x000000dd259fea00): G1CollectForAllocation, mode: safepoint, requested by thread 0x000001e31df20f20


---------------  P R O C E S S  ---------------

Threads class SMR info:
_java_thread_list=0x000001e31dc895f0, length=34, elements={
0x000001e305886020, 0x000001e318e953f0, 0x000001e318e98a60, 0x000001e318eaa020,
0x000001e318eaca50, 0x000001e318eae320, 0x000001e318eaebe0, 0x000001e318eaf550,
0x000001e318edf500, 0x000001e318e802c0, 0x000001e3199871f0, 0x000001e319989710,
0x000001e3199d3240, 0x000001e31a0b2630, 0x000001e31a076330, 0x000001e31a10f930,
0x000001e31a163070, 0x000001e31a454a10, 0x000001e31a449b70, 0x000001e31a47c290,
0x000001e31b54e660, 0x000001e31b54f000, 0x000001e31b54eb30, 0x000001e31b54fe70,
0x000001e31b54dcc0, 0x000001e31b54f4d0, 0x000001e31b54f9a0, 0x000001e31b550810,
0x000001e31b550340, 0x000001e31b550ce0, 0x000001e31b5511b0, 0x000001e31b551680,
0x000001e31df20f20, 0x000001e31df25280
}

Java Threads: ( => current thread )
  0x000001e305886020 JavaThread "main" [_thread_blocked, id=1596, stack(0x000000dd22d00000,0x000000dd22e00000)]
  0x000001e318e953f0 JavaThread "Reference Handler" daemon [_thread_blocked, id=1112, stack(0x000000dd23500000,0x000000dd23600000)]
  0x000001e318e98a60 JavaThread "Finalizer" daemon [_thread_blocked, id=9708, stack(0x000000dd23600000,0x000000dd23700000)]
  0x000001e318eaa020 JavaThread "Signal Dispatcher" daemon [_thread_blocked, id=6080, stack(0x000000dd23700000,0x000000dd23800000)]
  0x000001e318eaca50 JavaThread "Attach Listener" daemon [_thread_blocked, id=1848, stack(0x000000dd23800000,0x000000dd23900000)]
  0x000001e318eae320 JavaThread "Service Thread" daemon [_thread_blocked, id=4940, stack(0x000000dd23900000,0x000000dd23a00000)]
  0x000001e318eaebe0 JavaThread "Monitor Deflation Thread" daemon [_thread_blocked, id=5436, stack(0x000000dd23a00000,0x000000dd23b00000)]
  0x000001e318eaf550 JavaThread "C1 CompilerThread0" daemon [_thread_blocked, id=7424, stack(0x000000dd23b00000,0x000000dd23c00000)]
  0x000001e318edf500 JavaThread "Sweeper thread" daemon [_thread_blocked, id=3276, stack(0x000000dd23c00000,0x000000dd23d00000)]
  0x000001e318e802c0 JavaThread "Common-Cleaner" daemon [_thread_blocked, id=2088, stack(0x000000dd23d00000,0x000000dd23e00000)]
  0x000001e3199871f0 JavaThread "C1 CompilerThread1" daemon [_thread_blocked, id=9520, stack(0x000000dd23e00000,0x000000dd23f00000)]
  0x000001e319989710 JavaThread "C1 CompilerThread2" daemon [_thread_blocked, id=4384, stack(0x000000dd23f00000,0x000000dd24000000)]
  0x000001e3199d3240 JavaThread "Notification Thread" daemon [_thread_blocked, id=7564, stack(0x000000dd24000000,0x000000dd24100000)]
  0x000001e31a0b2630 JavaThread "RMI TCP Accept-0" daemon [_thread_in_native, id=4052, stack(0x000000dd24100000,0x000000dd24200000)]
  0x000001e31a076330 JavaThread "RMI TCP Accept-60592" daemon [_thread_in_native, id=4812, stack(0x000000dd24200000,0x000000dd24300000)]
  0x000001e31a10f930 JavaThread "RMI TCP Accept-0" daemon [_thread_in_native, id=5832, stack(0x000000dd24600000,0x000000dd24700000)]
  0x000001e31a163070 JavaThread "RMI TCP Connection(1)-127.0.0.1" daemon [_thread_in_native, id=8096, stack(0x000000dd24800000,0x000000dd24900000)]
  0x000001e31a454a10 JavaThread "RMI Scheduler(0)" daemon [_thread_blocked, id=2704, stack(0x000000dd24900000,0x000000dd24a00000)]
  0x000001e31a449b70 JavaThread "RMI TCP Connection(2)-127.0.0.1" daemon [_thread_in_native, id=6084, stack(0x000000dd24a00000,0x000000dd24b00000)]
  0x000001e31a47c290 JavaThread "JMX server connection timeout 21" daemon [_thread_blocked, id=9944, stack(0x000000dd24b00000,0x000000dd24c00000)]
  0x000001e31b54e660 JavaThread "boundedElastic-evictor-1" daemon [_thread_blocked, id=5232, stack(0x000000dd24c00000,0x000000dd24d00000)]
  0x000001e31b54f000 JavaThread "spring.cloud.inetutils" daemon [_thread_blocked, id=4616, stack(0x000000dd24d00000,0x000000dd24e00000)]
  0x000001e31b54eb30 JavaThread "AsyncResolver-bootstrap-0" daemon [_thread_blocked, id=7612, stack(0x000000dd24e00000,0x000000dd24f00000)]
  0x000001e31b54fe70 JavaThread "DiscoveryClient-0" daemon [_thread_blocked, id=2732, stack(0x000000dd25000000,0x000000dd25100000)]
  0x000001e31b54dcc0 JavaThread "DiscoveryClient-1" daemon [_thread_blocked, id=792, stack(0x000000dd25100000,0x000000dd25200000)]
  0x000001e31b54f4d0 JavaThread "DiscoveryClient-InstanceInfoReplicator-0" daemon [_thread_blocked, id=1268, stack(0x000000dd25200000,0x000000dd25300000)]
  0x000001e31b54f9a0 JavaThread "ClassGraph-worker-16" daemon [_thread_blocked, id=4636, stack(0x000000dd25300000,0x000000dd25400000)]
  0x000001e31b550810 JavaThread "ClassGraph-worker-17" daemon [_thread_blocked, id=8548, stack(0x000000dd25400000,0x000000dd25500000)]
  0x000001e31b550340 JavaThread "ClassGraph-worker-18" daemon [_thread_blocked, id=6232, stack(0x000000dd25500000,0x000000dd25600000)]
  0x000001e31b550ce0 JavaThread "ClassGraph-worker-19" daemon [_thread_blocked, id=3964, stack(0x000000dd25600000,0x000000dd25700000)]
  0x000001e31b5511b0 JavaThread "ClassGraph-worker-20" daemon [_thread_blocked, id=2872, stack(0x000000dd25700000,0x000000dd25800000)]
  0x000001e31b551680 JavaThread "ClassGraph-worker-21" daemon [_thread_blocked, id=9184, stack(0x000000dd25800000,0x000000dd25900000)]
  0x000001e31df20f20 JavaThread "ClassGraph-worker-22" daemon [_thread_blocked, id=4280, stack(0x000000dd25900000,0x000000dd25a00000)]
  0x000001e31df25280 JavaThread "ClassGraph-worker-23" daemon [_thread_blocked, id=11256, stack(0x000000dd25a00000,0x000000dd25b00000)]

Other Threads:
=>0x000001e318e90890 VMThread "VM Thread" [stack: 0x000000dd23400000,0x000000dd23500000] [id=4132]
  0x000001e31a09d170 WatcherThread [stack: 0x000000dd24700000,0x000000dd24800000] [id=8860]
  0x000001e3058dfb40 GCTaskThread "GC Thread#0" [stack: 0x000000dd22f00000,0x000000dd23000000] [id=8780]
  0x000001e31a07bd00 GCTaskThread "GC Thread#1" [stack: 0x000000dd24300000,0x000000dd24400000] [id=8584]
  0x000001e31a07bfb0 GCTaskThread "GC Thread#2" [stack: 0x000000dd24400000,0x000000dd24500000] [id=1192]
  0x000001e31a0dae90 GCTaskThread "GC Thread#3" [stack: 0x000000dd24500000,0x000000dd24600000] [id=10608]
  0x000001e3058f16a0 ConcurrentGCThread "G1 Main Marker" [stack: 0x000000dd23000000,0x000000dd23100000] [id=1416]
  0x000001e3058f28b0 ConcurrentGCThread "G1 Conc#0" [stack: 0x000000dd23100000,0x000000dd23200000] [id=8472]
  0x000001e305947980 ConcurrentGCThread "G1 Refine#0" [stack: 0x000000dd23200000,0x000000dd23300000] [id=8896]
  0x000001e318d50c30 ConcurrentGCThread "G1 Service" [stack: 0x000000dd23300000,0x000000dd23400000] [id=10816]

Threads with active compile tasks:

VM state: at safepoint (normal execution)

VM Mutex/Monitor currently owned by a thread:  ([mutex/lock_event])
[0x000001e305881230] Threads_lock - owner thread: 0x000001e318e90890
[0x000001e305880c90] Heap_lock - owner thread: 0x000001e31df20f20

Heap address: 0x0000000081800000, size: 2024 MB, Compressed Oops mode: 32-bit

CDS archive(s) mapped at: [0x0000000800000000-0x0000000800bd0000-0x0000000800bd0000), size 12386304, SharedBaseAddress: 0x0000000800000000, ArchiveRelocationMode: 0.
Compressed class space mapped at: 0x0000000800c00000-0x0000000840c00000, reserved size: 1073741824
Narrow klass base: 0x0000000800000000, Narrow klass shift: 0, Narrow klass range: 0x100000000

GC Precious Log:
 CPUs: 4 total, 4 available
 Memory: 8090M
 Large Page Support: Disabled
 NUMA Support: Disabled
 Compressed Oops: Enabled (32-bit)
 Heap Region Size: 1M
 Heap Min Capacity: 8M
 Heap Initial Capacity: 128M
 Heap Max Capacity: 2024M
 Pre-touch: Disabled
 Parallel Workers: 4
 Concurrent Workers: 1
 Concurrent Refinement Workers: 4
 Periodic GC: Disabled

Heap:
 garbage-first heap   total 131072K, used 49958K [0x0000000081800000, 0x0000000100000000)
  region size 1024K, 1 young (1024K), 1 survivors (1024K)
 Metaspace       used 43716K, committed 44224K, reserved 1089536K
  class space    used 6238K, committed 6464K, reserved 1048576K

Heap Regions: E=young(eden), S=young(survivor), O=old, HS=humongous(starts), HC=humongous(continues), CS=collection set, F=free, OA=open archive, CA=closed archive, TAMS=top-at-mark-start (previous, next)
|   0|0x0000000081800000, 0x0000000081900000, 0x0000000081900000|100%| O|  |TAMS 0x0000000081900000, 0x0000000081800000| Untracked 
|   1|0x0000000081900000, 0x0000000081a00000, 0x0000000081a00000|100%| O|  |TAMS 0x0000000081a00000, 0x0000000081900000| Untracked 
|   2|0x0000000081a00000, 0x0000000081b00000, 0x0000000081b00000|100%| O|  |TAMS 0x0000000081b00000, 0x0000000081a00000| Untracked 
|   3|0x0000000081b00000, 0x0000000081c00000, 0x0000000081c00000|100%| O|  |TAMS 0x0000000081c00000, 0x0000000081b00000| Untracked 
|   4|0x0000000081c00000, 0x0000000081d00000, 0x0000000081d00000|100%| O|  |TAMS 0x0000000081d00000, 0x0000000081c00000| Untracked 
|   5|0x0000000081d00000, 0x0000000081e00000, 0x0000000081e00000|100%| O|  |TAMS 0x0000000081e00000, 0x0000000081d00000| Untracked 
|   6|0x0000000081e00000, 0x0000000081ed3800, 0x0000000081f00000| 82%| O|  |TAMS 0x0000000081ed3800, 0x0000000081e00000| Untracked 
|   7|0x0000000081f00000, 0x0000000082000000, 0x0000000082000000|100%| O|  |TAMS 0x0000000082000000, 0x0000000081f00000| Untracked 
|   8|0x0000000082000000, 0x0000000082100000, 0x0000000082100000|100%| O|  |TAMS 0x0000000082100000, 0x0000000082000000| Untracked 
|   9|0x0000000082100000, 0x0000000082200000, 0x0000000082200000|100%| O|  |TAMS 0x0000000082200000, 0x0000000082100000| Untracked 
|  10|0x0000000082200000, 0x0000000082300000, 0x0000000082300000|100%| O|  |TAMS 0x0000000082300000, 0x0000000082200000| Untracked 
|  11|0x0000000082300000, 0x0000000082400000, 0x0000000082400000|100%| O|  |TAMS 0x0000000082400000, 0x0000000082300000| Untracked 
|  12|0x0000000082400000, 0x0000000082500000, 0x0000000082500000|100%| O|  |TAMS 0x0000000082500000, 0x0000000082400000| Untracked 
|  13|0x0000000082500000, 0x0000000082600000, 0x0000000082600000|100%| O|  |TAMS 0x0000000082600000, 0x0000000082500000| Untracked 
|  14|0x0000000082600000, 0x0000000082700000, 0x0000000082700000|100%| O|  |TAMS 0x0000000082700000, 0x0000000082600000| Untracked 
|  15|0x0000000082700000, 0x0000000082700000, 0x0000000082800000|  0%| F|  |TAMS 0x0000000082700000, 0x0000000082700000| Untracked 
|  16|0x0000000082800000, 0x0000000082900000, 0x0000000082900000|100%| O|  |TAMS 0x0000000082900000, 0x0000000082800000| Untracked 
|  17|0x0000000082900000, 0x0000000082a00000, 0x0000000082a00000|100%| O|  |TAMS 0x0000000082a00000, 0x0000000082900000| Untracked 
|  18|0x0000000082a00000, 0x0000000082b00000, 0x0000000082b00000|100%| O|  |TAMS 0x0000000082b00000, 0x0000000082a00000| Untracked 
|  19|0x0000000082b00000, 0x0000000082c00000, 0x0000000082c00000|100%| O|  |TAMS 0x0000000082c00000, 0x0000000082b00000| Untracked 
|  20|0x0000000082c00000, 0x0000000082d00000, 0x0000000082d00000|100%| O|  |TAMS 0x0000000082d00000, 0x0000000082c00000| Untracked 
|  21|0x0000000082d00000, 0x0000000082e00000, 0x0000000082e00000|100%| O|  |TAMS 0x0000000082e00000, 0x0000000082d00000| Untracked 
|  22|0x0000000082e00000, 0x0000000082f00000, 0x0000000082f00000|100%| O|  |TAMS 0x0000000082f00000, 0x0000000082e00000| Untracked 
|  23|0x0000000082f00000, 0x0000000083000000, 0x0000000083000000|100%| O|  |TAMS 0x0000000083000000, 0x0000000082f00000| Untracked 
|  24|0x0000000083000000, 0x0000000083100000, 0x0000000083100000|100%| O|  |TAMS 0x0000000083100000, 0x0000000083000000| Untracked 
|  25|0x0000000083100000, 0x0000000083200000, 0x0000000083200000|100%| O|  |TAMS 0x0000000083200000, 0x0000000083100000| Untracked 
|  26|0x0000000083200000, 0x0000000083300000, 0x0000000083300000|100%| O|  |TAMS 0x0000000083300000, 0x0000000083200000| Untracked 
|  27|0x0000000083300000, 0x0000000083400000, 0x0000000083400000|100%| O|  |TAMS 0x0000000083400000, 0x0000000083300000| Untracked 
|  28|0x0000000083400000, 0x0000000083500000, 0x0000000083500000|100%| O|  |TAMS 0x0000000083500000, 0x0000000083400000| Untracked 
|  29|0x0000000083500000, 0x0000000083600000, 0x0000000083600000|100%| O|  |TAMS 0x0000000083600000, 0x0000000083500000| Untracked 
|  30|0x0000000083600000, 0x0000000083700000, 0x0000000083700000|100%| O|  |TAMS 0x0000000083700000, 0x0000000083600000| Untracked 
|  31|0x0000000083700000, 0x0000000083800000, 0x0000000083800000|100%| O|  |TAMS 0x0000000083700000, 0x0000000083700000| Untracked 
|  32|0x0000000083800000, 0x0000000083900000, 0x0000000083900000|100%| O|  |TAMS 0x0000000083900000, 0x0000000083800000| Untracked 
|  33|0x0000000083900000, 0x0000000083a00000, 0x0000000083a00000|100%| O|  |TAMS 0x0000000083a00000, 0x0000000083900000| Untracked 
|  34|0x0000000083a00000, 0x0000000083b00000, 0x0000000083b00000|100%| O|  |TAMS 0x0000000083b00000, 0x0000000083a00000| Untracked 
|  35|0x0000000083b00000, 0x0000000083c00000, 0x0000000083c00000|100%| O|  |TAMS 0x0000000083c00000, 0x0000000083b00000| Untracked 
|  36|0x0000000083c00000, 0x0000000083d00000, 0x0000000083d00000|100%| O|  |TAMS 0x0000000083d00000, 0x0000000083c00000| Untracked 
|  37|0x0000000083d00000, 0x0000000083e00000, 0x0000000083e00000|100%| O|  |TAMS 0x0000000083dec200, 0x0000000083d00000| Untracked 
|  38|0x0000000083e00000, 0x0000000083f00000, 0x0000000083f00000|100%| O|  |TAMS 0x0000000083e00000, 0x0000000083e00000| Untracked 
|  39|0x0000000083f00000, 0x0000000084000000, 0x0000000084000000|100%| O|  |TAMS 0x0000000083f00000, 0x0000000083f00000| Untracked 
|  40|0x0000000084000000, 0x0000000084100000, 0x0000000084100000|100%| O|  |TAMS 0x0000000084000000, 0x0000000084000000| Untracked 
|  41|0x0000000084100000, 0x0000000084200000, 0x0000000084200000|100%| O|  |TAMS 0x0000000084100000, 0x0000000084100000| Untracked 
|  42|0x0000000084200000, 0x0000000084300000, 0x0000000084300000|100%| O|  |TAMS 0x0000000084200000, 0x0000000084200000| Untracked 
|  43|0x0000000084300000, 0x0000000084400000, 0x0000000084400000|100%| O|  |TAMS 0x0000000084300000, 0x0000000084300000| Untracked 
|  44|0x0000000084400000, 0x0000000084500000, 0x0000000084500000|100%| O|  |TAMS 0x0000000084400000, 0x0000000084400000| Untracked 
|  45|0x0000000084500000, 0x0000000084600000, 0x0000000084600000|100%| O|  |TAMS 0x0000000084500000, 0x0000000084500000| Untracked 
|  46|0x0000000084600000, 0x0000000084700000, 0x0000000084700000|100%| O|  |TAMS 0x0000000084600000, 0x0000000084600000| Untracked 
|  47|0x0000000084700000, 0x0000000084800000, 0x0000000084800000|100%| O|  |TAMS 0x0000000084700000, 0x0000000084700000| Untracked 
|  48|0x0000000084800000, 0x00000000848f6200, 0x0000000084900000| 96%| O|  |TAMS 0x0000000084800000, 0x0000000084800000| Untracked 
|  49|0x0000000084900000, 0x0000000084900000, 0x0000000084a00000|  0%| F|  |TAMS 0x0000000084900000, 0x0000000084900000| Untracked 
|  50|0x0000000084a00000, 0x0000000084a00000, 0x0000000084b00000|  0%| F|  |TAMS 0x0000000084a00000, 0x0000000084a00000| Untracked 
|  51|0x0000000084b00000, 0x0000000084b00000, 0x0000000084c00000|  0%| F|  |TAMS 0x0000000084b00000, 0x0000000084b00000| Untracked 
|  52|0x0000000084c00000, 0x0000000084c00000, 0x0000000084d00000|  0%| F|  |TAMS 0x0000000084c00000, 0x0000000084c00000| Untracked 
|  53|0x0000000084d00000, 0x0000000084d00000, 0x0000000084e00000|  0%| F|  |TAMS 0x0000000084d00000, 0x0000000084d00000| Untracked 
|  54|0x0000000084e00000, 0x0000000084e00000, 0x0000000084f00000|  0%| F|  |TAMS 0x0000000084e00000, 0x0000000084e00000| Untracked 
|  55|0x0000000084f00000, 0x0000000084f00000, 0x0000000085000000|  0%| F|  |TAMS 0x0000000084f00000, 0x0000000084f00000| Untracked 
|  56|0x0000000085000000, 0x0000000085000000, 0x0000000085100000|  0%| F|  |TAMS 0x0000000085000000, 0x0000000085000000| Untracked 
|  57|0x0000000085100000, 0x0000000085100000, 0x0000000085200000|  0%| F|  |TAMS 0x0000000085100000, 0x0000000085100000| Untracked 
|  58|0x0000000085200000, 0x0000000085200000, 0x0000000085300000|  0%| F|  |TAMS 0x0000000085200000, 0x0000000085200000| Untracked 
|  59|0x0000000085300000, 0x0000000085300000, 0x0000000085400000|  0%| F|  |TAMS 0x0000000085300000, 0x0000000085300000| Untracked 
|  60|0x0000000085400000, 0x0000000085400000, 0x0000000085500000|  0%| F|  |TAMS 0x0000000085400000, 0x0000000085400000| Untracked 
|  61|0x0000000085500000, 0x0000000085500000, 0x0000000085600000|  0%| F|  |TAMS 0x0000000085500000, 0x0000000085500000| Untracked 
|  62|0x0000000085600000, 0x0000000085600000, 0x0000000085700000|  0%| F|  |TAMS 0x0000000085600000, 0x0000000085600000| Untracked 
|  63|0x0000000085700000, 0x0000000085700000, 0x0000000085800000|  0%| F|  |TAMS 0x0000000085700000, 0x0000000085700000| Untracked 
|  64|0x0000000085800000, 0x0000000085800000, 0x0000000085900000|  0%| F|  |TAMS 0x0000000085800000, 0x0000000085800000| Untracked 
|  65|0x0000000085900000, 0x0000000085900000, 0x0000000085a00000|  0%| F|  |TAMS 0x0000000085900000, 0x0000000085900000| Untracked 
|  66|0x0000000085a00000, 0x0000000085a00000, 0x0000000085b00000|  0%| F|  |TAMS 0x0000000085a00000, 0x0000000085a00000| Untracked 
|  67|0x0000000085b00000, 0x0000000085b00000, 0x0000000085c00000|  0%| F|  |TAMS 0x0000000085b00000, 0x0000000085b00000| Untracked 
|  68|0x0000000085c00000, 0x0000000085c00000, 0x0000000085d00000|  0%| F|  |TAMS 0x0000000085c00000, 0x0000000085c00000| Untracked 
|  69|0x0000000085d00000, 0x0000000085d00000, 0x0000000085e00000|  0%| F|  |TAMS 0x0000000085d00000, 0x0000000085d00000| Untracked 
|  70|0x0000000085e00000, 0x0000000085e00000, 0x0000000085f00000|  0%| F|  |TAMS 0x0000000085e00000, 0x0000000085e00000| Untracked 
|  71|0x0000000085f00000, 0x0000000085f00000, 0x0000000086000000|  0%| F|  |TAMS 0x0000000085f00000, 0x0000000085f00000| Untracked 
|  72|0x0000000086000000, 0x0000000086000000, 0x0000000086100000|  0%| F|  |TAMS 0x0000000086000000, 0x0000000086000000| Untracked 
|  73|0x0000000086100000, 0x0000000086100000, 0x0000000086200000|  0%| F|  |TAMS 0x0000000086100000, 0x0000000086100000| Untracked 
|  74|0x0000000086200000, 0x0000000086200000, 0x0000000086300000|  0%| F|  |TAMS 0x0000000086200000, 0x0000000086200000| Untracked 
|  75|0x0000000086300000, 0x0000000086300000, 0x0000000086400000|  0%| F|  |TAMS 0x0000000086300000, 0x0000000086300000| Untracked 
|  76|0x0000000086400000, 0x0000000086400000, 0x0000000086500000|  0%| F|  |TAMS 0x0000000086400000, 0x0000000086400000| Untracked 
|  77|0x0000000086500000, 0x0000000086500000, 0x0000000086600000|  0%| F|  |TAMS 0x0000000086500000, 0x0000000086500000| Untracked 
|  78|0x0000000086600000, 0x0000000086600000, 0x0000000086700000|  0%| F|  |TAMS 0x0000000086600000, 0x0000000086600000| Untracked 
|  79|0x0000000086700000, 0x0000000086700000, 0x0000000086800000|  0%| F|  |TAMS 0x0000000086700000, 0x0000000086700000| Untracked 
|  80|0x0000000086800000, 0x0000000086800000, 0x0000000086900000|  0%| F|  |TAMS 0x0000000086800000, 0x0000000086800000| Untracked 
|  81|0x0000000086900000, 0x0000000086a00000, 0x0000000086a00000|100%| S|CS|TAMS 0x0000000086900000, 0x0000000086900000| Complete 
|  82|0x0000000086a00000, 0x0000000086a00000, 0x0000000086b00000|  0%| F|  |TAMS 0x0000000086a00000, 0x0000000086a00000| Untracked 
|  83|0x0000000086b00000, 0x0000000086b00000, 0x0000000086c00000|  0%| F|  |TAMS 0x0000000086b00000, 0x0000000086b00000| Untracked 
|  84|0x0000000086c00000, 0x0000000086c00000, 0x0000000086d00000|  0%| F|  |TAMS 0x0000000086c00000, 0x0000000086c00000| Untracked 
|  85|0x0000000086d00000, 0x0000000086d00000, 0x0000000086e00000|  0%| F|  |TAMS 0x0000000086d00000, 0x0000000086d00000| Untracked 
|  86|0x0000000086e00000, 0x0000000086e00000, 0x0000000086f00000|  0%| F|  |TAMS 0x0000000086e00000, 0x0000000086e00000| Untracked 
|  87|0x0000000086f00000, 0x0000000086f00000, 0x0000000087000000|  0%| F|  |TAMS 0x0000000086f00000, 0x0000000086f00000| Untracked 
|  88|0x0000000087000000, 0x0000000087000000, 0x0000000087100000|  0%| F|  |TAMS 0x0000000087000000, 0x0000000087000000| Untracked 
|  89|0x0000000087100000, 0x0000000087100000, 0x0000000087200000|  0%| F|  |TAMS 0x0000000087100000, 0x0000000087100000| Untracked 
|  90|0x0000000087200000, 0x0000000087200000, 0x0000000087300000|  0%| F|  |TAMS 0x0000000087200000, 0x0000000087200000| Untracked 
|  91|0x0000000087300000, 0x0000000087300000, 0x0000000087400000|  0%| F|  |TAMS 0x0000000087300000, 0x0000000087300000| Untracked 
|  92|0x0000000087400000, 0x0000000087400000, 0x0000000087500000|  0%| F|  |TAMS 0x0000000087400000, 0x0000000087400000| Untracked 
|  93|0x0000000087500000, 0x0000000087500000, 0x0000000087600000|  0%| F|  |TAMS 0x0000000087500000, 0x0000000087500000| Untracked 
|  94|0x0000000087600000, 0x0000000087600000, 0x0000000087700000|  0%| F|  |TAMS 0x0000000087600000, 0x0000000087600000| Untracked 
|  95|0x0000000087700000, 0x0000000087700000, 0x0000000087800000|  0%| F|  |TAMS 0x0000000087700000, 0x0000000087700000| Untracked 
|  96|0x0000000087800000, 0x0000000087800000, 0x0000000087900000|  0%| F|  |TAMS 0x0000000087800000, 0x0000000087800000| Untracked 
|  97|0x0000000087900000, 0x0000000087900000, 0x0000000087a00000|  0%| F|  |TAMS 0x0000000087900000, 0x0000000087900000| Untracked 
|  98|0x0000000087a00000, 0x0000000087a00000, 0x0000000087b00000|  0%| F|  |TAMS 0x0000000087a00000, 0x0000000087a00000| Untracked 
|  99|0x0000000087b00000, 0x0000000087b00000, 0x0000000087c00000|  0%| F|  |TAMS 0x0000000087b00000, 0x0000000087b00000| Untracked 
| 100|0x0000000087c00000, 0x0000000087c00000, 0x0000000087d00000|  0%| F|  |TAMS 0x0000000087c00000, 0x0000000087c00000| Untracked 
| 101|0x0000000087d00000, 0x0000000087d00000, 0x0000000087e00000|  0%| F|  |TAMS 0x0000000087d00000, 0x0000000087d00000| Untracked 
| 102|0x0000000087e00000, 0x0000000087e00000, 0x0000000087f00000|  0%| F|  |TAMS 0x0000000087e00000, 0x0000000087e00000| Untracked 
| 103|0x0000000087f00000, 0x0000000087f00000, 0x0000000088000000|  0%| F|  |TAMS 0x0000000087f00000, 0x0000000087f00000| Untracked 
| 104|0x0000000088000000, 0x0000000088000000, 0x0000000088100000|  0%| F|  |TAMS 0x0000000088000000, 0x0000000088000000| Untracked 
| 105|0x0000000088100000, 0x0000000088100000, 0x0000000088200000|  0%| F|  |TAMS 0x0000000088100000, 0x0000000088100000| Untracked 
| 106|0x0000000088200000, 0x0000000088200000, 0x0000000088300000|  0%| F|  |TAMS 0x0000000088200000, 0x0000000088200000| Untracked 
| 107|0x0000000088300000, 0x0000000088300000, 0x0000000088400000|  0%| F|  |TAMS 0x0000000088300000, 0x0000000088300000| Untracked 
| 108|0x0000000088400000, 0x0000000088400000, 0x0000000088500000|  0%| F|  |TAMS 0x0000000088400000, 0x0000000088400000| Untracked 
| 109|0x0000000088500000, 0x0000000088500000, 0x0000000088600000|  0%| F|  |TAMS 0x0000000088500000, 0x0000000088500000| Untracked 
| 110|0x0000000088600000, 0x0000000088600000, 0x0000000088700000|  0%| F|  |TAMS 0x0000000088600000, 0x0000000088600000| Untracked 
| 111|0x0000000088700000, 0x0000000088700000, 0x0000000088800000|  0%| F|  |TAMS 0x0000000088700000, 0x0000000088700000| Untracked 
| 112|0x0000000088800000, 0x0000000088800000, 0x0000000088900000|  0%| F|  |TAMS 0x0000000088800000, 0x0000000088800000| Untracked 
| 113|0x0000000088900000, 0x0000000088900000, 0x0000000088a00000|  0%| F|  |TAMS 0x0000000088900000, 0x0000000088900000| Untracked 
| 114|0x0000000088a00000, 0x0000000088a00000, 0x0000000088b00000|  0%| F|  |TAMS 0x0000000088a00000, 0x0000000088a00000| Untracked 
| 115|0x0000000088b00000, 0x0000000088b00000, 0x0000000088c00000|  0%| F|  |TAMS 0x0000000088b00000, 0x0000000088b00000| Untracked 
| 116|0x0000000088c00000, 0x0000000088c00000, 0x0000000088d00000|  0%| F|  |TAMS 0x0000000088c00000, 0x0000000088c00000| Untracked 
| 117|0x0000000088d00000, 0x0000000088d00000, 0x0000000088e00000|  0%| F|  |TAMS 0x0000000088d00000, 0x0000000088d00000| Untracked 
| 118|0x0000000088e00000, 0x0000000088e00000, 0x0000000088f00000|  0%| F|  |TAMS 0x0000000088e00000, 0x0000000088e00000| Untracked 
| 119|0x0000000088f00000, 0x0000000088f00000, 0x0000000089000000|  0%| F|  |TAMS 0x0000000088f00000, 0x0000000088f00000| Untracked 
| 120|0x0000000089000000, 0x0000000089000000, 0x0000000089100000|  0%| F|  |TAMS 0x0000000089000000, 0x0000000089000000| Untracked 
| 121|0x0000000089100000, 0x0000000089100000, 0x0000000089200000|  0%| F|  |TAMS 0x0000000089100000, 0x0000000089100000| Untracked 
| 122|0x0000000089200000, 0x0000000089200000, 0x0000000089300000|  0%| F|  |TAMS 0x0000000089200000, 0x0000000089200000| Untracked 
| 123|0x0000000089300000, 0x0000000089300000, 0x0000000089400000|  0%| F|  |TAMS 0x0000000089300000, 0x0000000089300000| Untracked 
| 124|0x0000000089400000, 0x0000000089400000, 0x0000000089500000|  0%| F|  |TAMS 0x0000000089400000, 0x0000000089400000| Untracked 
| 125|0x0000000089500000, 0x0000000089500000, 0x0000000089600000|  0%| F|  |TAMS 0x0000000089500000, 0x0000000089500000| Untracked 
| 126|0x0000000089600000, 0x0000000089600000, 0x0000000089700000|  0%| F|  |TAMS 0x0000000089600000, 0x0000000089600000| Untracked 
| 127|0x0000000089700000, 0x0000000089700000, 0x0000000089800000|  0%| F|  |TAMS 0x0000000089700000, 0x0000000089700000| Untracked 

Card table byte_map: [0x000001e312160000,0x000001e312560000] _byte_map_base: 0x000001e311d54000

Marking Bits (Prev, Next): (CMBitMap*) 0x000001e3058e10b0, (CMBitMap*) 0x000001e3058e1070
 Prev Bits: [0x000001e314900000, 0x000001e3168a0000)
 Next Bits: [0x000001e312960000, 0x000001e314900000)

Polling page: 0x000001e305730000

Metaspace:

Usage:
  Non-class:     36.60 MB used.
      Class:      6.09 MB used.
       Both:     42.69 MB used.

Virtual space:
  Non-class space:       40.00 MB reserved,      36.88 MB ( 92%) committed,  5 nodes.
      Class space:        1.00 GB reserved,       6.31 MB ( <1%) committed,  1 nodes.
             Both:        1.04 GB reserved,      43.19 MB (  4%) committed. 

Chunk freelists:
   Non-Class:  3.17 MB
       Class:  1.59 MB
        Both:  4.76 MB

MaxMetaspaceSize: unlimited
CompressedClassSpaceSize: 1.00 GB
Initial GC threshold: 21.00 MB
Current GC threshold: 72.00 MB
CDS: on
MetaspaceReclaimPolicy: balanced
 - commit_granule_bytes: 65536.
 - commit_granule_words: 8192.
 - virtual_space_node_default_size: 1048576.
 - enlarge_chunks_in_place: 1.
 - new_chunks_are_fully_committed: 0.
 - uncommit_free_chunks: 1.
 - use_allocation_guard: 0.
 - handle_deallocations: 1.


Internal statistics:

num_allocs_failed_limit: 6.
num_arena_births: 598.
num_arena_deaths: 0.
num_vsnodes_births: 6.
num_vsnodes_deaths: 0.
num_space_committed: 691.
num_space_uncommitted: 0.
num_chunks_returned_to_freelist: 6.
num_chunks_taken_from_freelist: 2133.
num_chunk_merges: 6.
num_chunk_splits: 1499.
num_chunks_enlarged: 1128.
num_purges: 0.
num_inconsistent_stats: 0.

CodeCache: size=49152Kb used=11296Kb max_used=11296Kb free=37855Kb
 bounds [0x000001e30e8c0000, 0x000001e30f3d0000, 0x000001e3118c0000]
 total_blobs=6002 nmethods=5432 adapters=493
 compilation: enabled
              stopped_count=0, restarted_count=0
 full_count=0

Compilation events (20 events):
Event: 14.557 Thread 0x000001e318eaf550 5423       1       java.util.concurrent.ConcurrentLinkedQueue::toArray (6 bytes)
Event: 14.557 Thread 0x000001e318eaf550 nmethod 5423 0x000001e30f3c2d90 code [0x000001e30f3c2f20, 0x000001e30f3c3008]
Event: 14.557 Thread 0x000001e318eaf550 5425       1       nonapi.io.github.classgraph.utils.CollectionUtils::sortCopy (25 bytes)
Event: 14.558 Thread 0x000001e318eaf550 nmethod 5425 0x000001e30f3c3090 code [0x000001e30f3c3240, 0x000001e30f3c3398]
Event: 14.558 Thread 0x000001e3199871f0 nmethod 5424 0x000001e30f3c3490 code [0x000001e30f3c3680, 0x000001e30f3c3db8]
Event: 14.558 Thread 0x000001e319989710 nmethod 5422 0x000001e30f3c4090 code [0x000001e30f3c42e0, 0x000001e30f3c4b88]
Event: 14.558 Thread 0x000001e3199871f0 5426       1       nonapi.io.github.classgraph.fastzipfilereader.PhysicalZipFile::getPath (5 bytes)
Event: 14.558 Thread 0x000001e319989710 5427       1       nonapi.io.github.classgraph.fastzipfilereader.PhysicalZipFile::getFile (5 bytes)
Event: 14.559 Thread 0x000001e3199871f0 nmethod 5426 0x000001e30f3c4f90 code [0x000001e30f3c5120, 0x000001e30f3c51f8]
Event: 14.559 Thread 0x000001e319989710 nmethod 5427 0x000001e30f3c5290 code [0x000001e30f3c5420, 0x000001e30f3c54f8]
Event: 14.560 Thread 0x000001e3199871f0 5428   !   1       sun.nio.fs.WindowsPath::initOffsets (153 bytes)
Event: 14.561 Thread 0x000001e3199871f0 nmethod 5428 0x000001e30f3c5590 code [0x000001e30f3c57e0, 0x000001e30f3c6418]
Event: 14.562 Thread 0x000001e319989710 5429       1       sun.nio.fs.WindowsFileAttributes::fromFindData (127 bytes)
Event: 14.562 Thread 0x000001e319989710 nmethod 5429 0x000001e30f3c6b10 code [0x000001e30f3c6cc0, 0x000001e30f3c6f48]
Event: 14.562 Thread 0x000001e318eaf550 5430   !   1       sun.nio.fs.WindowsDirectoryStream$WindowsDirectoryIterator::acceptEntry (71 bytes)
Event: 14.563 Thread 0x000001e318eaf550 nmethod 5430 0x000001e30f3c7010 code [0x000001e30f3c7220, 0x000001e30f3c76b8]
Event: 14.563 Thread 0x000001e3199871f0 5431       1       sun.nio.fs.WindowsDirectoryStream$WindowsDirectoryIterator::next (5 bytes)
Event: 14.563 Thread 0x000001e3199871f0 nmethod 5431 0x000001e30f3c7990 code [0x000001e30f3c7b20, 0x000001e30f3c7c08]
Event: 14.563 Thread 0x000001e319989710 5432  s    1       sun.nio.fs.WindowsDirectoryStream$WindowsDirectoryIterator::next (48 bytes)
Event: 14.563 Thread 0x000001e319989710 nmethod 5432 0x000001e30f3c7c90 code [0x000001e30f3c7e40, 0x000001e30f3c80d8]

GC Heap History (20 events):
Event: 11.421 GC heap after
{Heap after GC invocations=10 (full 0):
 garbage-first heap   total 61440K, used 21167K [0x0000000081800000, 0x0000000100000000)
  region size 1024K, 1 young (1024K), 1 survivors (1024K)
 Metaspace       used 31994K, committed 32384K, reserved 1081344K
  class space    used 4604K, committed 4800K, reserved 1048576K
}
Event: 12.137 GC heap before
{Heap before GC invocations=10 (full 0):
 garbage-first heap   total 61440K, used 38575K [0x0000000081800000, 0x0000000100000000)
  region size 1024K, 19 young (19456K), 1 survivors (1024K)
 Metaspace       used 35553K, committed 35968K, reserved 1081344K
  class space    used 5090K, committed 5312K, reserved 1048576K
}
Event: 12.145 GC heap after
{Heap after GC invocations=11 (full 0):
 garbage-first heap   total 61440K, used 23590K [0x0000000081800000, 0x0000000100000000)
  region size 1024K, 4 young (4096K), 4 survivors (4096K)
 Metaspace       used 35553K, committed 35968K, reserved 1081344K
  class space    used 5090K, committed 5312K, reserved 1048576K
}
Event: 12.717 GC heap before
{Heap before GC invocations=12 (full 0):
 garbage-first heap   total 61440K, used 46118K [0x0000000081800000, 0x0000000100000000)
  region size 1024K, 26 young (26624K), 4 survivors (4096K)
 Metaspace       used 39243K, committed 39744K, reserved 1089536K
  class space    used 5635K, committed 5888K, reserved 1048576K
}
Event: 12.728 GC heap after
{Heap after GC invocations=13 (full 0):
 garbage-first heap   total 61440K, used 25994K [0x0000000081800000, 0x0000000100000000)
  region size 1024K, 3 young (3072K), 3 survivors (3072K)
 Metaspace       used 39243K, committed 39744K, reserved 1089536K
  class space    used 5635K, committed 5888K, reserved 1048576K
}
Event: 13.224 GC heap before
{Heap before GC invocations=13 (full 0):
 garbage-first heap   total 61440K, used 46474K [0x0000000081800000, 0x0000000100000000)
  region size 1024K, 23 young (23552K), 3 survivors (3072K)
 Metaspace       used 41841K, committed 42304K, reserved 1089536K
  class space    used 5991K, committed 6208K, reserved 1048576K
}
Event: 13.232 GC heap after
{Heap after GC invocations=14 (full 0):
 garbage-first heap   total 61440K, used 27343K [0x0000000081800000, 0x0000000100000000)
  region size 1024K, 2 young (2048K), 2 survivors (2048K)
 Metaspace       used 41841K, committed 42304K, reserved 1089536K
  class space    used 5991K, committed 6208K, reserved 1048576K
}
Event: 13.576 GC heap before
{Heap before GC invocations=14 (full 0):
 garbage-first heap   total 61440K, used 47823K [0x0000000081800000, 0x0000000100000000)
  region size 1024K, 22 young (22528K), 2 survivors (2048K)
 Metaspace       used 43607K, committed 44032K, reserved 1089536K
  class space    used 6224K, committed 6464K, reserved 1048576K
}
Event: 13.590 GC heap after
{Heap after GC invocations=15 (full 0):
 garbage-first heap   total 61440K, used 29946K [0x0000000081800000, 0x0000000100000000)
  region size 1024K, 3 young (3072K), 3 survivors (3072K)
 Metaspace       used 43607K, committed 44032K, reserved 1089536K
  class space    used 6224K, committed 6464K, reserved 1048576K
}
Event: 13.701 GC heap before
{Heap before GC invocations=15 (full 0):
 garbage-first heap   total 61440K, used 47354K [0x0000000081800000, 0x0000000100000000)
  region size 1024K, 21 young (21504K), 3 survivors (3072K)
 Metaspace       used 43607K, committed 44032K, reserved 1089536K
  class space    used 6224K, committed 6464K, reserved 1048576K
}
Event: 13.716 GC heap after
{Heap after GC invocations=16 (full 0):
 garbage-first heap   total 73728K, used 34409K [0x0000000081800000, 0x0000000100000000)
  region size 1024K, 3 young (3072K), 3 survivors (3072K)
 Metaspace       used 43607K, committed 44032K, reserved 1089536K
  class space    used 6224K, committed 6464K, reserved 1048576K
}
Event: 14.343 GC heap before
{Heap before GC invocations=16 (full 0):
 garbage-first heap   total 73728K, used 55913K [0x0000000081800000, 0x0000000100000000)
  region size 1024K, 24 young (24576K), 3 survivors (3072K)
 Metaspace       used 43716K, committed 44224K, reserved 1089536K
  class space    used 6238K, committed 6464K, reserved 1048576K
}
Event: 14.358 GC heap after
{Heap after GC invocations=17 (full 0):
 garbage-first heap   total 73728K, used 40702K [0x0000000081800000, 0x0000000100000000)
  region size 1024K, 3 young (3072K), 3 survivors (3072K)
 Metaspace       used 43716K, committed 44224K, reserved 1089536K
  class space    used 6238K, committed 6464K, reserved 1048576K
}
Event: 14.381 GC heap before
{Heap before GC invocations=17 (full 0):
 garbage-first heap   total 73728K, used 47870K [0x0000000081800000, 0x0000000100000000)
  region size 1024K, 11 young (11264K), 3 survivors (3072K)
 Metaspace       used 43716K, committed 44224K, reserved 1089536K
  class space    used 6238K, committed 6464K, reserved 1048576K
}
Event: 14.390 GC heap after
{Heap after GC invocations=18 (full 0):
 garbage-first heap   total 73728K, used 42720K [0x0000000081800000, 0x0000000100000000)
  region size 1024K, 2 young (2048K), 2 survivors (2048K)
 Metaspace       used 43716K, committed 44224K, reserved 1089536K
  class space    used 6238K, committed 6464K, reserved 1048576K
}
Event: 14.462 GC heap before
{Heap before GC invocations=18 (full 0):
 garbage-first heap   total 73728K, used 56032K [0x0000000081800000, 0x0000000100000000)
  region size 1024K, 15 young (15360K), 2 survivors (2048K)
 Metaspace       used 43716K, committed 44224K, reserved 1089536K
  class space    used 6238K, committed 6464K, reserved 1048576K
}
Event: 14.469 GC heap after
{Heap after GC invocations=19 (full 0):
 garbage-first heap   total 73728K, used 45410K [0x0000000081800000, 0x0000000100000000)
  region size 1024K, 2 young (2048K), 2 survivors (2048K)
 Metaspace       used 43716K, committed 44224K, reserved 1089536K
  class space    used 6238K, committed 6464K, reserved 1048576K
}
Event: 14.572 GC heap before
{Heap before GC invocations=20 (full 0):
 garbage-first heap   total 86016K, used 56674K [0x0000000081800000, 0x0000000100000000)
  region size 1024K, 13 young (13312K), 2 survivors (2048K)
 Metaspace       used 43716K, committed 44224K, reserved 1089536K
  class space    used 6238K, committed 6464K, reserved 1048576K
}
Event: 14.583 GC heap after
{Heap after GC invocations=21 (full 0):
 garbage-first heap   total 86016K, used 49217K [0x0000000081800000, 0x0000000100000000)
  region size 1024K, 2 young (2048K), 2 survivors (2048K)
 Metaspace       used 43716K, committed 44224K, reserved 1089536K
  class space    used 6238K, committed 6464K, reserved 1048576K
}
Event: 14.588 GC heap before
{Heap before GC invocations=21 (full 0):
 garbage-first heap   total 86016K, used 51265K [0x0000000081800000, 0x0000000100000000)
  region size 1024K, 4 young (4096K), 2 survivors (2048K)
 Metaspace       used 43716K, committed 44224K, reserved 1089536K
  class space    used 6238K, committed 6464K, reserved 1048576K
}

Deoptimization events (12 events):
Event: 6.015 Thread 0x000001e305886020 DEOPT PACKING pc=0x000001e30ee07a99 sp=0x000000dd22dfd7b0
Event: 6.015 Thread 0x000001e305886020 DEOPT UNPACKING pc=0x000001e30e912b43 sp=0x000000dd22dfcc90 mode 3
Event: 11.599 Thread 0x000001e305886020 DEOPT PACKING pc=0x000001e30ec5969c sp=0x000000dd22dfade0
Event: 11.599 Thread 0x000001e305886020 DEOPT UNPACKING pc=0x000001e30e912b43 sp=0x000000dd22dfa2b0 mode 0
Event: 12.096 Thread 0x000001e305886020 DEOPT PACKING pc=0x000001e30f1fbafd sp=0x000000dd22dfaad0
Event: 12.096 Thread 0x000001e305886020 DEOPT UNPACKING pc=0x000001e30e912b43 sp=0x000000dd22dfa050 mode 3
Event: 12.107 Thread 0x000001e305886020 DEOPT PACKING pc=0x000001e30ee453a2 sp=0x000000dd22dfad70
Event: 12.107 Thread 0x000001e305886020 DEOPT UNPACKING pc=0x000001e30e912b43 sp=0x000000dd22dfa278 mode 3
Event: 12.655 Thread 0x000001e305886020 DEOPT PACKING pc=0x000001e30f265e19 sp=0x000000dd22dfb5c0
Event: 12.656 Thread 0x000001e305886020 DEOPT UNPACKING pc=0x000001e30e912b43 sp=0x000000dd22dfaaa0 mode 3
Event: 13.474 Thread 0x000001e305886020 DEOPT PACKING pc=0x000001e30f2f8c7b sp=0x000000dd22dfc610
Event: 13.474 Thread 0x000001e305886020 DEOPT UNPACKING pc=0x000001e30e912b43 sp=0x000000dd22dfbb58 mode 3

Classes unloaded (0 events):
No events

Classes redefined (0 events):
No events

Internal exceptions (20 events):
Event: 14.311 Thread 0x000001e31b54f9a0 Exception <a 'sun/nio/fs/WindowsException'{0x0000000084f62fc0}> (0x0000000084f62fc0) 
thrown [s\open\src\hotspot\share\prims\jni.cpp, line 516]
Event: 14.311 Thread 0x000001e31b54f9a0 Exception <a 'sun/nio/fs/WindowsException'{0x0000000084f63230}> (0x0000000084f63230) 
thrown [s\open\src\hotspot\share\prims\jni.cpp, line 516]
Event: 14.311 Thread 0x000001e31b54f9a0 Exception <a 'sun/nio/fs/WindowsException'{0x0000000084f63b18}> (0x0000000084f63b18) 
thrown [s\open\src\hotspot\share\prims\jni.cpp, line 516]
Event: 14.311 Thread 0x000001e31b54f9a0 Exception <a 'sun/nio/fs/WindowsException'{0x0000000084f63dc8}> (0x0000000084f63dc8) 
thrown [s\open\src\hotspot\share\prims\jni.cpp, line 516]
Event: 14.312 Thread 0x000001e31b54f9a0 Exception <a 'sun/nio/fs/WindowsException'{0x0000000084f64688}> (0x0000000084f64688) 
thrown [s\open\src\hotspot\share\prims\jni.cpp, line 516]
Event: 14.312 Thread 0x000001e31b54f9a0 Exception <a 'sun/nio/fs/WindowsException'{0x0000000084f64908}> (0x0000000084f64908) 
thrown [s\open\src\hotspot\share\prims\jni.cpp, line 516]
Event: 14.312 Thread 0x000001e31b54f9a0 Exception <a 'sun/nio/fs/WindowsException'{0x0000000084f651a0}> (0x0000000084f651a0) 
thrown [s\open\src\hotspot\share\prims\jni.cpp, line 516]
Event: 14.312 Thread 0x000001e31b54f9a0 Exception <a 'sun/nio/fs/WindowsException'{0x0000000084f653e0}> (0x0000000084f653e0) 
thrown [s\open\src\hotspot\share\prims\jni.cpp, line 516]
Event: 14.313 Thread 0x000001e31b54f9a0 Exception <a 'sun/nio/fs/WindowsException'{0x0000000084f65c88}> (0x0000000084f65c88) 
thrown [s\open\src\hotspot\share\prims\jni.cpp, line 516]
Event: 14.313 Thread 0x000001e31b54f9a0 Exception <a 'sun/nio/fs/WindowsException'{0x0000000084f65ee8}> (0x0000000084f65ee8) 
thrown [s\open\src\hotspot\share\prims\jni.cpp, line 516]
Event: 14.318 Thread 0x000001e31b54f9a0 Exception <a 'sun/nio/fs/WindowsException'{0x0000000084f667b0}> (0x0000000084f667b0) 
thrown [s\open\src\hotspot\share\prims\jni.cpp, line 516]
Event: 14.318 Thread 0x000001e31b54f9a0 Exception <a 'sun/nio/fs/WindowsException'{0x0000000084f66a00}> (0x0000000084f66a00) 
thrown [s\open\src\hotspot\share\prims\jni.cpp, line 516]
Event: 14.318 Thread 0x000001e31b54f9a0 Exception <a 'sun/nio/fs/WindowsException'{0x0000000084f672a8}> (0x0000000084f672a8) 
thrown [s\open\src\hotspot\share\prims\jni.cpp, line 516]
Event: 14.318 Thread 0x000001e31b54f9a0 Exception <a 'sun/nio/fs/WindowsException'{0x0000000084f67508}> (0x0000000084f67508) 
thrown [s\open\src\hotspot\share\prims\jni.cpp, line 516]
Event: 14.318 Thread 0x000001e31b54f9a0 Exception <a 'sun/nio/fs/WindowsException'{0x0000000084f67dc8}> (0x0000000084f67dc8) 
thrown [s\open\src\hotspot\share\prims\jni.cpp, line 516]
Event: 14.319 Thread 0x000001e31b54f9a0 Exception <a 'sun/nio/fs/WindowsException'{0x0000000084f68048}> (0x0000000084f68048) 
thrown [s\open\src\hotspot\share\prims\jni.cpp, line 516]
Event: 14.320 Thread 0x000001e31b54f9a0 Exception <a 'sun/nio/fs/WindowsException'{0x0000000084f68920}> (0x0000000084f68920) 
thrown [s\open\src\hotspot\share\prims\jni.cpp, line 516]
Event: 14.320 Thread 0x000001e31b54f9a0 Exception <a 'sun/nio/fs/WindowsException'{0x0000000084f68bb8}> (0x0000000084f68bb8) 
thrown [s\open\src\hotspot\share\prims\jni.cpp, line 516]
Event: 14.320 Thread 0x000001e31b54f9a0 Exception <a 'sun/nio/fs/WindowsException'{0x0000000084f69488}> (0x0000000084f69488) 
thrown [s\open\src\hotspot\share\prims\jni.cpp, line 516]
Event: 14.320 Thread 0x000001e31b54f9a0 Exception <a 'sun/nio/fs/WindowsException'{0x0000000084f69718}> (0x0000000084f69718) 
thrown [s\open\src\hotspot\share\prims\jni.cpp, line 516]

VM Operations (20 events):
Event: 13.717 Executing VM operation: G1CollectForAllocation done
Event: 14.198 Executing VM operation: HandshakeAllThreads
Event: 14.198 Executing VM operation: HandshakeAllThreads done
Event: 14.237 Executing VM operation: HandshakeAllThreads
Event: 14.237 Executing VM operation: HandshakeAllThreads done
Event: 14.268 Executing VM operation: HandshakeAllThreads
Event: 14.268 Executing VM operation: HandshakeAllThreads done
Event: 14.343 Executing VM operation: G1CollectForAllocation
Event: 14.360 Executing VM operation: G1CollectForAllocation done
Event: 14.381 Executing VM operation: G1TryInitiateConcMark
Event: 14.390 Executing VM operation: G1TryInitiateConcMark done
Event: 14.462 Executing VM operation: G1CollectForAllocation
Event: 14.472 Executing VM operation: G1CollectForAllocation done
Event: 14.504 Executing VM operation: G1Concurrent
Event: 14.510 Executing VM operation: G1Concurrent done
Event: 14.565 Executing VM operation: G1Concurrent
Event: 14.566 Executing VM operation: G1Concurrent done
Event: 14.572 Executing VM operation: G1CollectForAllocation
Event: 14.585 Executing VM operation: G1CollectForAllocation done
Event: 14.587 Executing VM operation: G1CollectForAllocation

Events (20 events):
Event: 14.249 Thread 0x000001e31dc800d0 Thread added: 0x000001e31dc800d0
Event: 14.250 Thread 0x000001e31dc7df20 Thread added: 0x000001e31dc7df20
Event: 14.257 Thread 0x000001e31dc7df20 Thread exited: 0x000001e31dc7df20
Event: 14.257 Thread 0x000001e31b551680 Thread exited: 0x000001e31b551680
Event: 14.257 Thread 0x000001e31dc800d0 Thread exited: 0x000001e31dc800d0
Event: 14.258 Thread 0x000001e31b550ce0 Thread exited: 0x000001e31b550ce0
Event: 14.258 Thread 0x000001e31b5511b0 Thread exited: 0x000001e31b5511b0
Event: 14.258 Thread 0x000001e31b54f9a0 Thread exited: 0x000001e31b54f9a0
Event: 14.258 Thread 0x000001e31b550810 Thread exited: 0x000001e31b550810
Event: 14.258 Thread 0x000001e31b550340 Thread exited: 0x000001e31b550340
Event: 14.268 loading class java/util/ArrayList$ListItr
Event: 14.268 loading class java/util/ArrayList$ListItr done
Event: 14.304 Thread 0x000001e31b54f9a0 Thread added: 0x000001e31b54f9a0
Event: 14.306 Thread 0x000001e31b550810 Thread added: 0x000001e31b550810
Event: 14.306 Thread 0x000001e31b550340 Thread added: 0x000001e31b550340
Event: 14.307 Thread 0x000001e31b550ce0 Thread added: 0x000001e31b550ce0
Event: 14.307 Thread 0x000001e31b5511b0 Thread added: 0x000001e31b5511b0
Event: 14.307 Thread 0x000001e31b551680 Thread added: 0x000001e31b551680
Event: 14.308 Thread 0x000001e31df20f20 Thread added: 0x000001e31df20f20
Event: 14.308 Thread 0x000001e31df25280 Thread added: 0x000001e31df25280


Dynamic libraries:
0x00007ff7b3de0000 - 0x00007ff7b3df0000 	C:\Program Files\Java\jdk-17.0.5\bin\javaw.exe
0x00007ff80d730000 - 0x00007ff80d928000 	C:\WINDOWS\SYSTEM32\ntdll.dll
0x00007ff80c790000 - 0x00007ff80c84f000 	C:\WINDOWS\System32\KERNEL32.DLL
0x00007ff80af00000 - 0x00007ff80b1d2000 	C:\WINDOWS\System32\KERNELBASE.dll
0x00007ff80b340000 - 0x00007ff80b440000 	C:\WINDOWS\System32\ucrtbase.dll
0x00007ff806490000 - 0x00007ff8064a8000 	C:\Program Files\Java\jdk-17.0.5\bin\jli.dll
0x00007ff80d3e0000 - 0x00007ff80d48e000 	C:\WINDOWS\System32\ADVAPI32.dll
0x00007ff80bc00000 - 0x00007ff80bc9e000 	C:\WINDOWS\System32\msvcrt.dll
0x00007ff80b7d0000 - 0x00007ff80b86c000 	C:\WINDOWS\System32\sechost.dll
0x00007ff800e60000 - 0x00007ff800e7a000 	C:\Program Files\Java\jdk-17.0.5\bin\VCRUNTIME140.dll
0x00007ff80c860000 - 0x00007ff80c985000 	C:\WINDOWS\System32\RPCRT4.dll
0x00007ff80d540000 - 0x00007ff80d6e1000 	C:\WINDOWS\System32\USER32.dll
0x00007ff80b440000 - 0x00007ff80b462000 	C:\WINDOWS\System32\win32u.dll
0x00007ff80bbd0000 - 0x00007ff80bbfb000 	C:\WINDOWS\System32\GDI32.dll
0x00007ff80b590000 - 0x00007ff80b69f000 	C:\WINDOWS\System32\gdi32full.dll
0x00007ff805af0000 - 0x00007ff805d8a000 	C:\WINDOWS\WinSxS\amd64_microsoft.windows.common-controls_6595b64144ccf1df_6.0.19041.1110_none_60b5254171f9507e\COMCTL32.dll
0x00007ff80b6a0000 - 0x00007ff80b73d000 	C:\WINDOWS\System32\msvcp_win.dll
0x00007ff805310000 - 0x00007ff80531a000 	C:\WINDOWS\SYSTEM32\VERSION.dll
0x00007ff80bca0000 - 0x00007ff80bcd2000 	C:\WINDOWS\System32\IMM32.DLL
0x00007ff806480000 - 0x00007ff80648c000 	C:\Program Files\Java\jdk-17.0.5\bin\vcruntime140_1.dll
0x00007fffd9e60000 - 0x00007fffd9eed000 	C:\Program Files\Java\jdk-17.0.5\bin\msvcp140.dll
0x00007fffadf60000 - 0x00007fffaeb22000 	C:\Program Files\Java\jdk-17.0.5\bin\server\jvm.dll
0x00007ff80c780000 - 0x00007ff80c788000 	C:\WINDOWS\System32\PSAPI.DLL
0x00007ff807d70000 - 0x00007ff807d79000 	C:\WINDOWS\SYSTEM32\WSOCK32.dll
0x00007ff80d0e0000 - 0x00007ff80d14b000 	C:\WINDOWS\System32\WS2_32.dll
0x00007ff800a50000 - 0x00007ff800a77000 	C:\WINDOWS\SYSTEM32\WINMM.dll
0x00007ff808d40000 - 0x00007ff808d52000 	C:\WINDOWS\SYSTEM32\kernel.appcore.dll
0x00007ff800e50000 - 0x00007ff800e5a000 	C:\Program Files\Java\jdk-17.0.5\bin\jimage.dll
0x00007ffff6160000 - 0x00007ffff6344000 	C:\WINDOWS\SYSTEM32\DBGHELP.DLL
0x00007ffff4df0000 - 0x00007ffff4e25000 	C:\WINDOWS\SYSTEM32\dbgcore.DLL
0x00007ff80b740000 - 0x00007ff80b7c2000 	C:\WINDOWS\System32\bcryptPrimitives.dll
0x00007fffe3440000 - 0x00007fffe3465000 	C:\Program Files\Java\jdk-17.0.5\bin\java.dll
0x00007fffd9d80000 - 0x00007fffd9e56000 	C:\Program Files\Java\jdk-17.0.5\bin\jsvml.dll
0x00007ff80c990000 - 0x00007ff80d0d4000 	C:\WINDOWS\System32\SHELL32.dll
0x00007ff808f40000 - 0x00007ff8096d2000 	C:\WINDOWS\SYSTEM32\windows.storage.dll
0x00007ff80b870000 - 0x00007ff80bbc5000 	C:\WINDOWS\System32\combase.dll
0x00007ff80a800000 - 0x00007ff80a830000 	C:\WINDOWS\SYSTEM32\Wldp.dll
0x00007ff80d490000 - 0x00007ff80d53d000 	C:\WINDOWS\System32\SHCORE.dll
0x00007ff80bd40000 - 0x00007ff80bd95000 	C:\WINDOWS\System32\shlwapi.dll
0x00007ff80adc0000 - 0x00007ff80addf000 	C:\WINDOWS\SYSTEM32\profapi.dll
0x00007ff800e30000 - 0x00007ff800e49000 	C:\Program Files\Java\jdk-17.0.5\bin\net.dll
0x00007ff8021c0000 - 0x00007ff8022cc000 	C:\WINDOWS\SYSTEM32\WINHTTP.dll
0x00007ff80a560000 - 0x00007ff80a5ca000 	C:\WINDOWS\system32\mswsock.dll
0x00007fffe7bd0000 - 0x00007fffe7be6000 	C:\Program Files\Java\jdk-17.0.5\bin\nio.dll
0x00007fffe6a90000 - 0x00007fffe6aa8000 	C:\Program Files\Java\jdk-17.0.5\bin\zip.dll
0x00007fffe9de0000 - 0x00007fffe9de9000 	C:\Program Files\Java\jdk-17.0.5\bin\management.dll
0x00007fffe96d0000 - 0x00007fffe96db000 	C:\Program Files\Java\jdk-17.0.5\bin\management_ext.dll
0x00007ffff12e0000 - 0x00007ffff12f7000 	C:\WINDOWS\system32\napinsp.dll
0x00007ffff12c0000 - 0x00007ffff12db000 	C:\WINDOWS\system32\pnrpnsp.dll
0x00007ffff12a0000 - 0x00007ffff12b5000 	C:\WINDOWS\system32\wshbth.dll
0x00007ff806970000 - 0x00007ff80698d000 	C:\WINDOWS\system32\NLAapi.dll
0x00007ff80a250000 - 0x00007ff80a28b000 	C:\WINDOWS\SYSTEM32\IPHLPAPI.DLL
0x00007ff80a290000 - 0x00007ff80a35a000 	C:\WINDOWS\SYSTEM32\DNSAPI.dll
0x00007ff80c850000 - 0x00007ff80c858000 	C:\WINDOWS\System32\NSI.dll
0x00007ffff1280000 - 0x00007ffff1292000 	C:\WINDOWS\System32\winrnr.dll
0x00007ff8022d0000 - 0x00007ff8022da000 	C:\Windows\System32\rasadhlp.dll
0x00007ff8007f0000 - 0x00007ff800870000 	C:\WINDOWS\System32\fwpuclnt.dll
0x00007ff80aed0000 - 0x00007ff80aef7000 	C:\WINDOWS\System32\bcrypt.dll
0x00007ff80a760000 - 0x00007ff80a778000 	C:\WINDOWS\SYSTEM32\CRYPTSP.dll
0x00007ff809e80000 - 0x00007ff809eb4000 	C:\WINDOWS\system32\rsaenh.dll
0x00007ff80ad80000 - 0x00007ff80adae000 	C:\WINDOWS\SYSTEM32\USERENV.dll
0x00007ff80a750000 - 0x00007ff80a75c000 	C:\WINDOWS\SYSTEM32\CRYPTBASE.dll
0x00007ff803280000 - 0x00007ff803297000 	C:\WINDOWS\SYSTEM32\dhcpcsvc6.DLL
0x00007ff803740000 - 0x00007ff80375d000 	C:\WINDOWS\SYSTEM32\dhcpcsvc.DLL
0x00007fffe7420000 - 0x00007fffe7430000 	C:\Program Files\Java\jdk-17.0.5\bin\verify.dll

dbghelp: loaded successfully - version: 4.0.5 - missing functions: none
symbol engine: initialized successfully - sym options: 0x614 - pdb path: .;C:\Program Files\Java\jdk-17.0.5\bin;C:\WINDOWS\SYSTEM32;C:\WINDOWS\WinSxS\amd64_microsoft.windows.common-controls_6595b64144ccf1df_6.0.19041.1110_none_60b5254171f9507e;C:\Program Files\Java\jdk-17.0.5\bin\server

VM Arguments:
jvm_args: -Dcom.sun.management.jmxremote -Dcom.sun.management.jmxremote.port=60592 -Dcom.sun.management.jmxremote.authenticate=false -Dcom.sun.management.jmxremote.ssl=false -Djava.rmi.server.hostname=localhost -Dspring.jmx.enabled=true -Dmanagement.endpoints.jmx.exposure.include=* -Dspring.application.admin.enabled=true -XX:TieredStopAtLevel=1 -Dspring.boot.project.name=06-api-gateway -Dfile.encoding=UTF-8 -XX:+ShowCodeDetailsInExceptionMessages 
java_command: com.os.Application --spring.output.ansi.enabled=always
java_class_path (initial): C:\Workspace\06-api-gateway\target\classes;C:\Users\Admin\.m2\repository\org\springframework\boot\spring-boot-starter-actuator\3.0.2\spring-boot-starter-actuator-3.0.2.jar;C:\Users\Admin\.m2\repository\org\springframework\boot\spring-boot-starter\3.0.2\spring-boot-starter-3.0.2.jar;C:\Users\Admin\.m2\repository\org\springframework\boot\spring-boot\3.0.2\spring-boot-3.0.2.jar;C:\Users\Admin\.m2\repository\org\springframework\spring-context\6.0.4\spring-context-6.0.4.jar;C:\Users\Admin\.m2\repository\org\springframework\spring-aop\6.0.4\spring-aop-6.0.4.jar;C:\Users\Admin\.m2\repository\org\springframework\spring-expression\6.0.4\spring-expression-6.0.4.jar;C:\Users\Admin\.m2\repository\org\springframework\boot\spring-boot-autoconfigure\3.0.2\spring-boot-autoconfigure-3.0.2.jar;C:\Users\Admin\.m2\repository\org\springframework\boot\spring-boot-starter-logging\3.0.2\spring-boot-starter-logging-3.0.2.jar;C:\Users\Admin\.m2\repository\ch\qos\logback\logback-classic\1.4.5\logback-classic-1.4.5.jar;C:\Users\Admin\.m2\repository\ch\qos\logback\logback-core\1.4.5\logback-core-1.4.5.jar;C:\Users\Admin\.m2\repository\org\apache\logging\log4j\log4j-to-slf4j\2.19.0\log4j-to-slf4j-2.19.0.jar;C:\Users\Admin\.m2\repository\org\apache\logging\log4j\log4j-api\2.19.0\log4j-api-2.19.0.jar;C:\Users\Admin\.m2\repository\org\slf4j\jul-to-slf4j\2.0.6\jul-to-slf4j-2.0.6.jar;C:\Users\Admin\.m2\repository\jakarta\annotation\jakarta.annotation-api\2.1.1\jakarta.annotation-api-2.1.1.jar;C:\Users\Admin\.m2\repository\org\yaml\snakeyaml\1.33\snakeyaml-1.33.jar;C:\Users\Admin\.m2\repository\org\springframework\boot\spring-boot-actuator-autoconfigure\3.0.2\spring-boot-actuator-autoconfigure-3.0.2.jar;C:\Users\Admin\.m2\repository\org\springframework\boot\spring-boot-actuator\3.0.2\spring-boot-actuator-3.0.2.jar;C:\Users\Admin\.m2\repository\com\fasterxml\jackson\core\jackson-databind\2.14.1\jackson-databind-2.14.1.jar;C:\Users\Admin\.m2\repository\com\fasterxml\jackson\
Launcher Type: SUN_STANDARD

[Global flags]
     intx CICompilerCount                          = 3                                         {product} {ergonomic}
     uint ConcGCThreads                            = 1                                         {product} {ergonomic}
     uint G1ConcRefinementThreads                  = 4                                         {product} {ergonomic}
   size_t G1HeapRegionSize                         = 1048576                                   {product} {ergonomic}
    uintx GCDrainStackTargetSize                   = 64                                        {product} {ergonomic}
   size_t InitialHeapSize                          = 134217728                                 {product} {ergonomic}
     bool ManagementServer                         = true                                      {product} {command line}
   size_t MarkStackSize                            = 4194304                                   {product} {ergonomic}
   size_t MaxHeapSize                              = 2122317824                                {product} {ergonomic}
   size_t MaxNewSize                               = 1272971264                                {product} {ergonomic}
   size_t MinHeapDeltaBytes                        = 1048576                                   {product} {ergonomic}
   size_t MinHeapSize                              = 8388608                                   {product} {ergonomic}
    uintx NonProfiledCodeHeapSize                  = 0                                      {pd product} {ergonomic}
     bool ProfileInterpreter                       = false                                  {pd product} {command line}
    uintx ProfiledCodeHeapSize                     = 0                                      {pd product} {ergonomic}
     bool ShowCodeDetailsInExceptionMessages       = true                                   {manageable} {command line}
   size_t SoftMaxHeapSize                          = 2122317824                             {manageable} {ergonomic}
     intx TieredStopAtLevel                        = 1                                         {product} {command line}
     bool UseCompressedClassPointers               = true                           {product lp64_product} {ergonomic}
     bool UseCompressedOops                        = true                           {product lp64_product} {ergonomic}
     bool UseG1GC                                  = true                                      {product} {ergonomic}
     bool UseLargePagesIndividualAllocation        = false                                  {pd product} {ergonomic}

Logging:
Log output configuration:
 #0: stdout all=warning uptime,level,tags
 #1: stderr all=off uptime,level,tags

Environment Variables:
JAVA_HOME=C:\Program Files\OpenJDK\openjdk-11.0.16_8
PATH=C:/sts-4.17.1.RELEASE//plugins/org.eclipse.justj.openjdk.hotspot.jre.full.win32.x86_64_17.0.5.v20221102-0933/jre/bin/server;C:/sts-4.17.1.RELEASE//plugins/org.eclipse.justj.openjdk.hotspot.jre.full.win32.x86_64_17.0.5.v20221102-0933/jre/bin;C:\Program Files\Common Files\Oracle\Java\javapath;C:\WINDOWS\system32;C:\WINDOWS;C:\WINDOWS\System32\Wbem;C:\WINDOWS\System32\WindowsPowerShell\v1.0\;C:\Program Files (x86)\Intel\Intel(R) Management Engine Components\DAL;C:\Program Files\Intel\Intel(R) Management Engine Components\DAL;C:\ProgramData\chocolatey\bin;C:\Program Files\OpenJDK\openjdk-11.0.16_8\bin;C:\Program Files\Git\cmd;C:\Program Files (x86)\Yarn\bin\;C:\Program Files\nodejs\;C:\WINDOWS\System32\OpenSSH\;C:\Program Files\Docker\Docker\resources\bin;C:\WINDOWS\system32\config\systemprofile\AppData\Roaming\npm;C:\Users\Admin\AppData\Local\Yarn\bin;C:\Users\Admin\AppData\Roaming\npm;C:\Python311\Scripts\;C:\Python311\;C:\Program Files\Common Files\Oracle\Java\javapath;C:\WINDOWS\system32;C:\WINDOWS;C:\WINDOWS\System32\Wbem;C:\WINDOWS\System32\WindowsPowerShell\v1.0\;C:\Program Files (x86)\Intel\Intel(R) Management Engine Components\DAL;C:\Program Files\Intel\Intel(R) Management Engine Components\DAL;C:\ProgramData\chocolatey\bin;C:\Program Files\OpenJDK\openjdk-11.0.16_8\bin;C:\Program Files\Git\cmd;C:\Program Files (x86)\Yarn\bin\;C:\Program Files\nodejs\;C:\Users\Admin\AppData\Roaming\npm\node_modules\@angular\cli\bin;C:\Users\Admin\AppData\Local\Programs\Microsoft VS Code\bin;C:\Users\Admin\AppData\Local\Microsoft\WindowsApps;;C:\sts-4.17.1.RELEASE;
USERNAME=Admin
OS=Windows_NT
PROCESSOR_IDENTIFIER=Intel64 Family 6 Model 142 Stepping 9, GenuineIntel



---------------  S Y S T E M  ---------------

OS:
 Windows 10 , 64 bit Build 19041 (10.0.19041.2364)
OS uptime: 1 days 0:21 hours

CPU: total 4 (initial active 4) (2 cores per cpu, 2 threads per core) family 6 model 142 stepping 9 microcode 0xec, cx8, cmov, fxsr, ht, mmx, 3dnowpref, sse, sse2, sse3, ssse3, sse4.1, sse4.2, popcnt, lzcnt, tsc, tscinvbit, avx, avx2, aes, erms, clmul, bmi1, bmi2, adx, fma, vzeroupper, clflush, clflushopt

Memory: 4k page, system-wide physical 8090M (426M free)
TotalPageFile size 10090M (AvailPageFile size 49M)
current process WorkingSet (physical memory assigned to process): 199M, peak: 199M
current process commit charge ("private bytes"): 283M, peak: 396M

vm_info: Java HotSpot(TM) 64-Bit Server VM (17.0.5+9-LTS-191) for windows-amd64 JRE (17.0.5+9-LTS-191), built on Sep 13 2022 17:31:43 by "mach5one" with MS VC++ 16.8 / 16.9 (VS2019)

END.
